\BOOKMARK [0][-]{chapter.1}{Kernel\040Crypto\040API\040Interface\040Specification}{}% 1
\BOOKMARK [1][-]{section.1.1}{Introduction}{chapter.1}% 2
\BOOKMARK [1][-]{section.1.2}{Terminology}{chapter.1}% 3
\BOOKMARK [0][-]{chapter.2}{Kernel\040Crypto\040API\040Architecture}{}% 4
\BOOKMARK [1][-]{section.2.1}{Cipher\040algorithm\040types}{chapter.2}% 5
\BOOKMARK [1][-]{section.2.2}{Ciphers\040And\040Templates}{chapter.2}% 6
\BOOKMARK [1][-]{section.2.3}{Synchronous\040And\040Asynchronous\040Operation}{chapter.2}% 7
\BOOKMARK [1][-]{section.2.4}{Crypto\040API\040Cipher\040References\040And\040Priority}{chapter.2}% 8
\BOOKMARK [1][-]{section.2.5}{Key\040Sizes}{chapter.2}% 9
\BOOKMARK [1][-]{section.2.6}{Cipher\040Allocation\040Type\040And\040Masks}{chapter.2}% 10
\BOOKMARK [1][-]{section.2.7}{Internal\040Structure\040of\040Kernel\040Crypto\040API}{chapter.2}% 11
\BOOKMARK [0][-]{chapter.3}{Developing\040Cipher\040Algorithms}{}% 12
\BOOKMARK [1][-]{section.3.1}{Registering\040And\040Unregistering\040Transformation}{chapter.3}% 13
\BOOKMARK [1][-]{section.3.2}{Single-Block\040Symmetric\040Ciphers\040[CIPHER]}{chapter.3}% 14
\BOOKMARK [1][-]{section.3.3}{Multi-Block\040Ciphers}{chapter.3}% 15
\BOOKMARK [1][-]{section.3.4}{Hashing\040[HASH]}{chapter.3}% 16
\BOOKMARK [0][-]{chapter.4}{User\040Space\040Interface}{}% 17
\BOOKMARK [1][-]{section.4.1}{Introduction}{chapter.4}% 18
\BOOKMARK [1][-]{section.4.2}{User\040Space\040API\040General\040Remarks}{chapter.4}% 19
\BOOKMARK [1][-]{section.4.3}{In-place\040Cipher\040operation}{chapter.4}% 20
\BOOKMARK [1][-]{section.4.4}{Message\040Digest\040API}{chapter.4}% 21
\BOOKMARK [1][-]{section.4.5}{Symmetric\040Cipher\040API}{chapter.4}% 22
\BOOKMARK [1][-]{section.4.6}{AEAD\040Cipher\040API}{chapter.4}% 23
\BOOKMARK [1][-]{section.4.7}{Random\040Number\040Generator\040API}{chapter.4}% 24
\BOOKMARK [1][-]{section.4.8}{Zero-Copy\040Interface}{chapter.4}% 25
\BOOKMARK [1][-]{section.4.9}{Setsockopt\040Interface}{chapter.4}% 26
\BOOKMARK [1][-]{section.4.10}{User\040space\040API\040example}{chapter.4}% 27
\BOOKMARK [0][-]{chapter.5}{Programming\040Interface}{}% 28
\BOOKMARK [1][-]{section.5.1}{Block\040Cipher\040Algorithm\040Definitions}{chapter.5}% 29
\BOOKMARK [1][-]{section.5.2}{Symmetric\040Key\040Cipher\040API}{chapter.5}% 30
\BOOKMARK [1][-]{section.5.3}{Symmetric\040Key\040Cipher\040Request\040Handle}{chapter.5}% 31
\BOOKMARK [1][-]{section.5.4}{Single\040Block\040Cipher\040API}{chapter.5}% 32
\BOOKMARK [1][-]{section.5.5}{Asynchronous\040Block\040Cipher\040API\040-\040Deprecated}{chapter.5}% 33
\BOOKMARK [1][-]{section.5.6}{Asynchronous\040Cipher\040Request\040Handle\040-\040Deprecated}{chapter.5}% 34
\BOOKMARK [1][-]{section.5.7}{Synchronous\040Block\040Cipher\040API\040-\040Deprecated}{chapter.5}% 35
\BOOKMARK [1][-]{section.5.8}{Authenticated\040Encryption\040With\040Associated\040Data\040\(AEAD\)\040Algorithm\040Definitions}{chapter.5}% 36
\BOOKMARK [1][-]{section.5.9}{Authenticated\040Encryption\040With\040Associated\040Data\040\(AEAD\)\040Cipher\040API}{chapter.5}% 37
\BOOKMARK [1][-]{section.5.10}{Asynchronous\040AEAD\040Request\040Handle}{chapter.5}% 38
\BOOKMARK [1][-]{section.5.11}{Message\040Digest\040Algorithm\040Definitions}{chapter.5}% 39
\BOOKMARK [1][-]{section.5.12}{Asynchronous\040Message\040Digest\040API}{chapter.5}% 40
\BOOKMARK [1][-]{section.5.13}{Asynchronous\040Hash\040Request\040Handle}{chapter.5}% 41
\BOOKMARK [1][-]{section.5.14}{Synchronous\040Message\040Digest\040API}{chapter.5}% 42
\BOOKMARK [1][-]{section.5.15}{Random\040Number\040Algorithm\040Definitions}{chapter.5}% 43
\BOOKMARK [1][-]{section.5.16}{Crypto\040API\040Random\040Number\040API}{chapter.5}% 44
\BOOKMARK [1][-]{section.5.17}{Asymmetric\040Cipher\040Algorithm\040Definitions}{chapter.5}% 45
\BOOKMARK [1][-]{section.5.18}{Asymmetric\040Cipher\040API}{chapter.5}% 46
\BOOKMARK [1][-]{section.5.19}{Asymmetric\040Cipher\040Request\040Handle}{chapter.5}% 47
\BOOKMARK [1][-]{section.5.20}{Key-agreement\040Protocol\040Primitives\040\(KPP\)\040Cipher\040Algorithm\040Definitions}{chapter.5}% 48
\BOOKMARK [1][-]{section.5.21}{Key-agreement\040Protocol\040Primitives\040\(KPP\)\040Cipher\040API}{chapter.5}% 49
\BOOKMARK [1][-]{section.5.22}{Key-agreement\040Protocol\040Primitives\040\(KPP\)\040Cipher\040Request\040Handle}{chapter.5}% 50
\BOOKMARK [1][-]{section.5.23}{ECDH\040Helper\040Functions}{chapter.5}% 51
\BOOKMARK [1][-]{section.5.24}{DH\040Helper\040Functions}{chapter.5}% 52
\BOOKMARK [0][-]{chapter.6}{Code\040Examples}{}% 53
\BOOKMARK [1][-]{section.6.1}{Code\040Example\040For\040Symmetric\040Key\040Cipher\040Operation}{chapter.6}% 54
\BOOKMARK [1][-]{section.6.2}{Code\040Example\040For\040Use\040of\040Operational\040State\040Memory\040With\040SHASH}{chapter.6}% 55
\BOOKMARK [1][-]{section.6.3}{Code\040Example\040For\040Random\040Number\040Generator\040Usage}{chapter.6}% 56
\BOOKMARK [0][-]{section*.154}{Index}{}% 57
