\BOOKMARK [0][-]{chapter.1}{HOWTO\040do\040Linux\040kernel\040development}{}% 1
\BOOKMARK [0][-]{chapter.2}{Code\040of\040Conflict}{}% 2
\BOOKMARK [0][-]{chapter.3}{A\040guide\040to\040the\040Kernel\040Development\040Process}{}% 3
\BOOKMARK [0][-]{chapter.4}{Submitting\040patches:\040the\040essential\040guide\040to\040getting\040your\040code\040into\040the\040kernel}{}% 4
\BOOKMARK [0][-]{chapter.5}{Linux\040kernel\040coding\040style}{}% 5
\BOOKMARK [0][-]{chapter.6}{Kernel\040Maintainer\040PGP\040guide}{}% 6
\BOOKMARK [0][-]{chapter.7}{Email\040clients\040info\040for\040Linux}{}% 7
\BOOKMARK [0][-]{chapter.8}{Linux\040Kernel\040Enforcement\040Statement}{}% 8
\BOOKMARK [0][-]{chapter.9}{Kernel\040Driver\040Statement}{}% 9
\BOOKMARK [0][-]{chapter.10}{Minimal\040requirements\040to\040compile\040the\040Kernel}{}% 10
\BOOKMARK [0][-]{chapter.11}{Submitting\040Drivers\040For\040The\040Linux\040Kernel}{}% 11
\BOOKMARK [0][-]{chapter.12}{The\040Linux\040Kernel\040Driver\040Interface}{}% 12
\BOOKMARK [0][-]{chapter.13}{Linux\040kernel\040management\040style}{}% 13
\BOOKMARK [0][-]{chapter.14}{Everything\040you\040ever\040wanted\040to\040know\040about\040Linux\040-stable\040releases}{}% 14
\BOOKMARK [0][-]{chapter.15}{Linux\040Kernel\040patch\040submission\040checklist}{}% 15
\BOOKMARK [0][-]{chapter.16}{Index\040of\040Documentation\040for\040People\040Interested\040in\040Writing\040and/or\040Understanding\040the\040Linux\040Kernel}{}% 16
\BOOKMARK [0][-]{chapter.17}{Applying\040Patches\040To\040The\040Linux\040Kernel}{}% 17
\BOOKMARK [0][-]{chapter.18}{Adding\040a\040New\040System\040Call}{}% 18
\BOOKMARK [0][-]{chapter.19}{Linux\040magic\040numbers}{}% 19
\BOOKMARK [0][-]{chapter.20}{Why\040the\040``volatile''\040type\040class\040should\040not\040be\040used}{}% 20
