\BOOKMARK [0][-]{chapter.1}{Driver\040Basics}{}% 1
\BOOKMARK [1][-]{section.1.1}{Driver\040Entry\040and\040Exit\040points}{chapter.1}% 2
\BOOKMARK [1][-]{section.1.2}{Driver\040device\040table}{chapter.1}% 3
\BOOKMARK [1][-]{section.1.3}{Delaying,\040scheduling,\040and\040timer\040routines}{chapter.1}% 4
\BOOKMARK [1][-]{section.1.4}{Wait\040queues\040and\040Wake\040events}{chapter.1}% 5
\BOOKMARK [1][-]{section.1.5}{High-resolution\040timers}{chapter.1}% 6
\BOOKMARK [1][-]{section.1.6}{Workqueues\040and\040Kevents}{chapter.1}% 7
\BOOKMARK [1][-]{section.1.7}{Internal\040Functions}{chapter.1}% 8
\BOOKMARK [1][-]{section.1.8}{Reference\040counting}{chapter.1}% 9
\BOOKMARK [1][-]{section.1.9}{Atomics}{chapter.1}% 10
\BOOKMARK [1][-]{section.1.10}{Kernel\040objects\040manipulation}{chapter.1}% 11
\BOOKMARK [1][-]{section.1.11}{Kernel\040utility\040functions}{chapter.1}% 12
\BOOKMARK [1][-]{section.1.12}{Device\040Resource\040Management}{chapter.1}% 13
\BOOKMARK [0][-]{chapter.2}{Device\040drivers\040infrastructure}{}% 14
\BOOKMARK [1][-]{section.2.1}{The\040Basic\040Device\040Driver-Model\040Structures}{chapter.2}% 15
\BOOKMARK [1][-]{section.2.2}{Device\040Drivers\040Base}{chapter.2}% 16
\BOOKMARK [1][-]{section.2.3}{Device\040Drivers\040DMA\040Management}{chapter.2}% 17
\BOOKMARK [1][-]{section.2.4}{Device\040drivers\040PnP\040support}{chapter.2}% 18
\BOOKMARK [1][-]{section.2.5}{Userspace\040IO\040devices}{chapter.2}% 19
\BOOKMARK [0][-]{chapter.3}{Device\040Power\040Management}{}% 20
\BOOKMARK [1][-]{section.3.1}{Device\040Power\040Management\040Basics}{chapter.3}% 21
\BOOKMARK [1][-]{section.3.2}{Suspend/Hibernation\040Notifiers}{chapter.3}% 22
\BOOKMARK [1][-]{section.3.3}{Device\040Power\040Management\040Data\040Types}{chapter.3}% 23
\BOOKMARK [0][-]{chapter.4}{Bus-Independent\040Device\040Accesses}{}% 24
\BOOKMARK [1][-]{section.4.1}{Introduction}{chapter.4}% 25
\BOOKMARK [1][-]{section.4.2}{Memory\040Mapped\040IO}{chapter.4}% 26
\BOOKMARK [1][-]{section.4.3}{Port\040Space\040Accesses}{chapter.4}% 27
\BOOKMARK [1][-]{section.4.4}{Public\040Functions\040Provided}{chapter.4}% 28
\BOOKMARK [0][-]{chapter.5}{Buffer\040Sharing\040and\040Synchronization}{}% 29
\BOOKMARK [1][-]{section.5.1}{Shared\040DMA\040Buffers}{chapter.5}% 30
\BOOKMARK [1][-]{section.5.2}{Reservation\040Objects}{chapter.5}% 31
\BOOKMARK [1][-]{section.5.3}{DMA\040Fences}{chapter.5}% 32
\BOOKMARK [0][-]{chapter.6}{Device\040links}{}% 33
\BOOKMARK [1][-]{section.6.1}{Usage}{chapter.6}% 34
\BOOKMARK [1][-]{section.6.2}{Limitations}{chapter.6}% 35
\BOOKMARK [1][-]{section.6.3}{Examples}{chapter.6}% 36
\BOOKMARK [1][-]{section.6.4}{Alternatives}{chapter.6}% 37
\BOOKMARK [1][-]{section.6.5}{Implementation}{chapter.6}% 38
\BOOKMARK [1][-]{section.6.6}{State\040machine}{chapter.6}% 39
\BOOKMARK [1][-]{section.6.7}{API}{chapter.6}% 40
\BOOKMARK [0][-]{chapter.7}{Message-based\040devices}{}% 41
\BOOKMARK [1][-]{section.7.1}{Fusion\040message\040devices}{chapter.7}% 42
\BOOKMARK [0][-]{chapter.8}{Sound\040Devices}{}% 43
\BOOKMARK [0][-]{chapter.9}{Frame\040Buffer\040Library}{}% 44
\BOOKMARK [1][-]{section.9.1}{Frame\040Buffer\040Memory}{chapter.9}% 45
\BOOKMARK [1][-]{section.9.2}{Frame\040Buffer\040Colormap}{chapter.9}% 46
\BOOKMARK [1][-]{section.9.3}{Frame\040Buffer\040Video\040Mode\040Database}{chapter.9}% 47
\BOOKMARK [1][-]{section.9.4}{Frame\040Buffer\040Macintosh\040Video\040Mode\040Database}{chapter.9}% 48
\BOOKMARK [1][-]{section.9.5}{Frame\040Buffer\040Fonts}{chapter.9}% 49
\BOOKMARK [0][-]{chapter.10}{Voltage\040and\040current\040regulator\040API}{}% 50
\BOOKMARK [1][-]{section.10.1}{Introduction}{chapter.10}% 51
\BOOKMARK [1][-]{section.10.2}{Consumer\040driver\040interface}{chapter.10}% 52
\BOOKMARK [1][-]{section.10.3}{Regulator\040driver\040interface}{chapter.10}% 53
\BOOKMARK [1][-]{section.10.4}{Machine\040interface}{chapter.10}% 54
\BOOKMARK [1][-]{section.10.5}{API\040reference}{chapter.10}% 55
\BOOKMARK [0][-]{chapter.11}{Industrial\040I/O}{}% 56
\BOOKMARK [1][-]{section.11.1}{Introduction}{chapter.11}% 57
\BOOKMARK [1][-]{section.11.2}{Core\040elements}{chapter.11}% 58
\BOOKMARK [1][-]{section.11.3}{Buffers}{chapter.11}% 59
\BOOKMARK [1][-]{section.11.4}{Triggers}{chapter.11}% 60
\BOOKMARK [1][-]{section.11.5}{Triggered\040Buffers}{chapter.11}% 61
\BOOKMARK [1][-]{section.11.6}{HW\040consumer}{chapter.11}% 62
\BOOKMARK [0][-]{chapter.12}{Input\040Subsystem}{}% 63
\BOOKMARK [1][-]{section.12.1}{Input\040core}{chapter.12}% 64
\BOOKMARK [1][-]{section.12.2}{Multitouch\040Library}{chapter.12}% 65
\BOOKMARK [1][-]{section.12.3}{Polled\040input\040devices}{chapter.12}% 66
\BOOKMARK [1][-]{section.12.4}{Matrix\040keyboards/keypads}{chapter.12}% 67
\BOOKMARK [1][-]{section.12.5}{Sparse\040keymap\040support}{chapter.12}% 68
\BOOKMARK [0][-]{chapter.13}{Linux\040USB\040API}{}% 69
\BOOKMARK [1][-]{section.13.1}{The\040Linux-USB\040Host\040Side\040API}{chapter.13}% 70
\BOOKMARK [1][-]{section.13.2}{USB\040Gadget\040API\040for\040Linux}{chapter.13}% 71
\BOOKMARK [1][-]{section.13.3}{USB\040Anchors}{chapter.13}% 72
\BOOKMARK [1][-]{section.13.4}{USB\040bulk\040streams}{chapter.13}% 73
\BOOKMARK [1][-]{section.13.5}{USB\040core\040callbacks}{chapter.13}% 74
\BOOKMARK [1][-]{section.13.6}{USB\040DMA}{chapter.13}% 75
\BOOKMARK [1][-]{section.13.7}{USB\040Request\040Block\040\(URB\)}{chapter.13}% 76
\BOOKMARK [1][-]{section.13.8}{Power\040Management\040for\040USB}{chapter.13}% 77
\BOOKMARK [1][-]{section.13.9}{USB\040hotplugging}{chapter.13}% 78
\BOOKMARK [1][-]{section.13.10}{USB\040device\040persistence\040during\040system\040suspend}{chapter.13}% 79
\BOOKMARK [1][-]{section.13.11}{USB\040Error\040codes}{chapter.13}% 80
\BOOKMARK [1][-]{section.13.12}{Writing\040USB\040Device\040Drivers}{chapter.13}% 81
\BOOKMARK [1][-]{section.13.13}{Synopsys\040DesignWare\040Core\040SuperSpeed\040USB\0403.0\040Controller}{chapter.13}% 82
\BOOKMARK [1][-]{section.13.14}{Writing\040a\040MUSB\040Glue\040Layer}{chapter.13}% 83
\BOOKMARK [1][-]{section.13.15}{USB\040Type-C\040connector\040class}{chapter.13}% 84
\BOOKMARK [1][-]{section.13.16}{USB3\040debug\040port}{chapter.13}% 85
\BOOKMARK [0][-]{chapter.14}{PCI\040Support\040Library}{}% 86
\BOOKMARK [0][-]{chapter.15}{PCI\040Hotplug\040Support\040Library}{}% 87
\BOOKMARK [0][-]{chapter.16}{Serial\040Peripheral\040Interface\040\(SPI\)}{}% 88
\BOOKMARK [0][-]{chapter.17}{I2C\040and\040SMBus\040Subsystem}{}% 89
\BOOKMARK [0][-]{chapter.18}{High\040Speed\040Synchronous\040Serial\040Interface\040\(HSI\)}{}% 90
\BOOKMARK [1][-]{section.18.1}{Introduction}{chapter.18}% 91
\BOOKMARK [1][-]{section.18.2}{HSI\040Subsystem\040in\040Linux}{chapter.18}% 92
\BOOKMARK [1][-]{section.18.3}{hsi-char\040Device}{chapter.18}% 93
\BOOKMARK [1][-]{section.18.4}{The\040kernel\040HSI\040API}{chapter.18}% 94
\BOOKMARK [0][-]{chapter.19}{Error\040Detection\040And\040Correction\040\(EDAC\)\040Devices}{}% 95
\BOOKMARK [1][-]{section.19.1}{Main\040Concepts\040used\040at\040the\040EDAC\040subsystem}{chapter.19}% 96
\BOOKMARK [1][-]{section.19.2}{Memory\040Controllers}{chapter.19}% 97
\BOOKMARK [1][-]{section.19.3}{PCI\040Controllers}{chapter.19}% 98
\BOOKMARK [1][-]{section.19.4}{EDAC\040Blocks}{chapter.19}% 99
\BOOKMARK [0][-]{chapter.20}{SCSI\040Interfaces\040Guide}{}% 100
\BOOKMARK [1][-]{section.20.1}{Introduction}{chapter.20}% 101
\BOOKMARK [1][-]{section.20.2}{SCSI\040upper\040layer}{chapter.20}% 102
\BOOKMARK [1][-]{section.20.3}{SCSI\040mid\040layer}{chapter.20}% 103
\BOOKMARK [1][-]{section.20.4}{SCSI\040lower\040layer}{chapter.20}% 104
\BOOKMARK [0][-]{chapter.21}{libATA\040Developer's\040Guide}{}% 105
\BOOKMARK [1][-]{section.21.1}{Introduction}{chapter.21}% 106
\BOOKMARK [1][-]{section.21.2}{libata\040Driver\040API}{chapter.21}% 107
\BOOKMARK [1][-]{section.21.3}{Error\040handling}{chapter.21}% 108
\BOOKMARK [1][-]{section.21.4}{libata\040Library}{chapter.21}% 109
\BOOKMARK [1][-]{section.21.5}{libata\040Core\040Internals}{chapter.21}% 110
\BOOKMARK [1][-]{section.21.6}{libata\040SCSI\040translation/emulation}{chapter.21}% 111
\BOOKMARK [1][-]{section.21.7}{ATA\040errors\040and\040exceptions}{chapter.21}% 112
\BOOKMARK [1][-]{section.21.8}{ata_piix\040Internals}{chapter.21}% 113
\BOOKMARK [1][-]{section.21.9}{sata_sil\040Internals}{chapter.21}% 114
\BOOKMARK [1][-]{section.21.10}{Thanks}{chapter.21}% 115
\BOOKMARK [0][-]{chapter.22}{MTD\040NAND\040Driver\040Programming\040Interface}{}% 116
\BOOKMARK [1][-]{section.22.1}{Introduction}{chapter.22}% 117
\BOOKMARK [1][-]{section.22.2}{Known\040Bugs\040And\040Assumptions}{chapter.22}% 118
\BOOKMARK [1][-]{section.22.3}{Documentation\040hints}{chapter.22}% 119
\BOOKMARK [1][-]{section.22.4}{Basic\040board\040driver}{chapter.22}% 120
\BOOKMARK [1][-]{section.22.5}{Advanced\040board\040driver\040functions}{chapter.22}% 121
\BOOKMARK [1][-]{section.22.6}{Filesystem\040support}{chapter.22}% 122
\BOOKMARK [1][-]{section.22.7}{Tools}{chapter.22}% 123
\BOOKMARK [1][-]{section.22.8}{Constants}{chapter.22}% 124
\BOOKMARK [1][-]{section.22.9}{Structures}{chapter.22}% 125
\BOOKMARK [1][-]{section.22.10}{Public\040Functions\040Provided}{chapter.22}% 126
\BOOKMARK [1][-]{section.22.11}{Internal\040Functions\040Provided}{chapter.22}% 127
\BOOKMARK [1][-]{section.22.12}{Credits}{chapter.22}% 128
\BOOKMARK [0][-]{chapter.23}{Parallel\040Port\040Devices}{}% 129
\BOOKMARK [0][-]{chapter.24}{16x50\040UART\040Driver}{}% 130
\BOOKMARK [0][-]{chapter.25}{Pulse-Width\040Modulation\040\(PWM\)}{}% 131
\BOOKMARK [0][-]{chapter.26}{W1:\040Dallas'\0401-wire\040bus}{}% 132
\BOOKMARK [1][-]{section.26.1}{W1\040API\040internal\040to\040the\040kernel}{chapter.26}% 133
\BOOKMARK [0][-]{chapter.27}{RapidIO\040Subsystem\040Guide}{}% 134
\BOOKMARK [1][-]{section.27.1}{Introduction}{chapter.27}% 135
\BOOKMARK [1][-]{section.27.2}{Known\040Bugs\040and\040Limitations}{chapter.27}% 136
\BOOKMARK [1][-]{section.27.3}{RapidIO\040driver\040interface}{chapter.27}% 137
\BOOKMARK [1][-]{section.27.4}{Internals}{chapter.27}% 138
\BOOKMARK [1][-]{section.27.5}{Credits}{chapter.27}% 139
\BOOKMARK [0][-]{chapter.28}{Writing\040s390\040channel\040device\040drivers}{}% 140
\BOOKMARK [1][-]{section.28.1}{Introduction}{chapter.28}% 141
\BOOKMARK [1][-]{section.28.2}{The\040css\040bus}{chapter.28}% 142
\BOOKMARK [1][-]{section.28.3}{The\040ccw\040bus}{chapter.28}% 143
\BOOKMARK [1][-]{section.28.4}{The\040ccwgroup\040bus}{chapter.28}% 144
\BOOKMARK [1][-]{section.28.5}{Generic\040interfaces}{chapter.28}% 145
\BOOKMARK [0][-]{chapter.29}{VME\040Device\040Drivers}{}% 146
\BOOKMARK [1][-]{section.29.1}{Driver\040registration}{chapter.29}% 147
\BOOKMARK [1][-]{section.29.2}{Resource\040management}{chapter.29}% 148
\BOOKMARK [1][-]{section.29.3}{Master\040windows}{chapter.29}% 149
\BOOKMARK [1][-]{section.29.4}{Slave\040windows}{chapter.29}% 150
\BOOKMARK [1][-]{section.29.5}{DMA\040channels}{chapter.29}% 151
\BOOKMARK [1][-]{section.29.6}{Interrupts}{chapter.29}% 152
\BOOKMARK [1][-]{section.29.7}{Location\040monitors}{chapter.29}% 153
\BOOKMARK [1][-]{section.29.8}{Slot\040Detection}{chapter.29}% 154
\BOOKMARK [1][-]{section.29.9}{Bus\040Detection}{chapter.29}% 155
\BOOKMARK [1][-]{section.29.10}{VME\040API}{chapter.29}% 156
\BOOKMARK [0][-]{chapter.30}{Linux\040802.11\040Driver\040Developer's\040Guide}{}% 157
\BOOKMARK [1][-]{section.30.1}{Introduction}{chapter.30}% 158
\BOOKMARK [1][-]{section.30.2}{cfg80211\040subsystem}{chapter.30}% 159
\BOOKMARK [1][-]{section.30.3}{mac80211\040subsystem\040\(basics\)}{chapter.30}% 160
\BOOKMARK [1][-]{section.30.4}{mac80211\040subsystem\040\(advanced\)}{chapter.30}% 161
\BOOKMARK [0][-]{chapter.31}{The\040Userspace\040I/O\040HOWTO}{}% 162
\BOOKMARK [1][-]{section.31.1}{About\040this\040document}{chapter.31}% 163
\BOOKMARK [1][-]{section.31.2}{About\040UIO}{chapter.31}% 164
\BOOKMARK [1][-]{section.31.3}{Writing\040your\040own\040kernel\040module}{chapter.31}% 165
\BOOKMARK [1][-]{section.31.4}{Writing\040a\040driver\040in\040userspace}{chapter.31}% 166
\BOOKMARK [1][-]{section.31.5}{Generic\040PCI\040UIO\040driver}{chapter.31}% 167
\BOOKMARK [1][-]{section.31.6}{Generic\040Hyper-V\040UIO\040driver}{chapter.31}% 168
\BOOKMARK [1][-]{section.31.7}{Further\040information}{chapter.31}% 169
\BOOKMARK [0][-]{chapter.32}{Linux\040Firmware\040API}{}% 170
\BOOKMARK [1][-]{section.32.1}{Introduction}{chapter.32}% 171
\BOOKMARK [1][-]{section.32.2}{Firmware\040API\040core\040features}{chapter.32}% 172
\BOOKMARK [1][-]{section.32.3}{request_firmware\040API}{chapter.32}% 173
\BOOKMARK [1][-]{section.32.4}{Other\040Firmware\040Interfaces}{chapter.32}% 174
\BOOKMARK [0][-]{chapter.33}{PINCTRL\040\(PIN\040CONTROL\)\040subsystem}{}% 175
\BOOKMARK [1][-]{section.33.1}{Top-level\040interface}{chapter.33}% 176
\BOOKMARK [1][-]{section.33.2}{Pin\040groups}{chapter.33}% 177
\BOOKMARK [1][-]{section.33.3}{Pin\040configuration}{chapter.33}% 178
\BOOKMARK [1][-]{section.33.4}{Interaction\040with\040the\040GPIO\040subsystem}{chapter.33}% 179
\BOOKMARK [1][-]{section.33.5}{PINMUX\040interfaces}{chapter.33}% 180
\BOOKMARK [1][-]{section.33.6}{What\040is\040pinmuxing?}{chapter.33}% 181
\BOOKMARK [1][-]{section.33.7}{Pinmux\040conventions}{chapter.33}% 182
\BOOKMARK [1][-]{section.33.8}{Pinmux\040drivers}{chapter.33}% 183
\BOOKMARK [1][-]{section.33.9}{Pin\040control\040interaction\040with\040the\040GPIO\040subsystem}{chapter.33}% 184
\BOOKMARK [1][-]{section.33.10}{GPIO\040mode\040pitfalls}{chapter.33}% 185
\BOOKMARK [1][-]{section.33.11}{Board/machine\040configuration}{chapter.33}% 186
\BOOKMARK [1][-]{section.33.12}{Complex\040mappings}{chapter.33}% 187
\BOOKMARK [1][-]{section.33.13}{Pin\040control\040requests\040from\040drivers}{chapter.33}% 188
\BOOKMARK [1][-]{section.33.14}{Drivers\040needing\040both\040pin\040control\040and\040GPIOs}{chapter.33}% 189
\BOOKMARK [1][-]{section.33.15}{System\040pin\040control\040hogging}{chapter.33}% 190
\BOOKMARK [1][-]{section.33.16}{Runtime\040pinmuxing}{chapter.33}% 191
\BOOKMARK [0][-]{chapter.34}{General\040Purpose\040Input/Output\040\(GPIO\)}{}% 192
\BOOKMARK [1][-]{section.34.1}{Core}{chapter.34}% 193
\BOOKMARK [1][-]{section.34.2}{Legacy\040API}{chapter.34}% 194
\BOOKMARK [1][-]{section.34.3}{ACPI\040support}{chapter.34}% 195
\BOOKMARK [1][-]{section.34.4}{Device\040tree\040support}{chapter.34}% 196
\BOOKMARK [1][-]{section.34.5}{Device-managed\040API}{chapter.34}% 197
\BOOKMARK [1][-]{section.34.6}{sysfs\040helpers}{chapter.34}% 198
\BOOKMARK [0][-]{chapter.35}{Miscellaneous\040Devices}{}% 199
\BOOKMARK [0][-]{chapter.36}{DMAEngine\040documentation}{}% 200
\BOOKMARK [1][-]{section.36.1}{DMAEngine\040documentation}{chapter.36}% 201
\BOOKMARK [1][-]{section.36.2}{DMAEngine\040client\040documentation}{chapter.36}% 202
\BOOKMARK [1][-]{section.36.3}{DMA\040Test\040documentation}{chapter.36}% 203
\BOOKMARK [1][-]{section.36.4}{PXA\040DMA\040documentation}{chapter.36}% 204
\BOOKMARK [0][-]{chapter.37}{Linux\040kernel\040SLIMbus\040support}{}% 205
\BOOKMARK [1][-]{section.37.1}{Overview}{chapter.37}% 206
\BOOKMARK [0][-]{chapter.38}{SoundWire\040Documentation}{}% 207
\BOOKMARK [1][-]{section.38.1}{SoundWire\040Subsystem\040Summary}{chapter.38}% 208
\BOOKMARK [0][-]{section*.2974}{Index}{}% 209
