\BOOKMARK [0][-]{chapter.1}{The\040Linux\040VFS}{}% 1
\BOOKMARK [1][-]{section.1.1}{The\040Filesystem\040types}{chapter.1}% 2
\BOOKMARK [1][-]{section.1.2}{The\040Directory\040Cache}{chapter.1}% 3
\BOOKMARK [1][-]{section.1.3}{Inode\040Handling}{chapter.1}% 4
\BOOKMARK [1][-]{section.1.4}{Registration\040and\040Superblocks}{chapter.1}% 5
\BOOKMARK [1][-]{section.1.5}{File\040Locks}{chapter.1}% 6
\BOOKMARK [1][-]{section.1.6}{Other\040Functions}{chapter.1}% 7
\BOOKMARK [0][-]{chapter.2}{The\040proc\040filesystem}{}% 8
\BOOKMARK [1][-]{section.2.1}{sysctl\040interface}{chapter.2}% 9
\BOOKMARK [1][-]{section.2.2}{proc\040filesystem\040interface}{chapter.2}% 10
\BOOKMARK [0][-]{chapter.3}{Events\040based\040on\040file\040descriptors}{}% 11
\BOOKMARK [0][-]{chapter.4}{The\040Filesystem\040for\040Exporting\040Kernel\040Objects}{}% 12
\BOOKMARK [0][-]{chapter.5}{The\040debugfs\040filesystem}{}% 13
\BOOKMARK [1][-]{section.5.1}{debugfs\040interface}{chapter.5}% 14
\BOOKMARK [0][-]{chapter.6}{The\040Linux\040Journalling\040API}{}% 15
\BOOKMARK [1][-]{section.6.1}{Overview}{chapter.6}% 16
\BOOKMARK [1][-]{section.6.2}{Data\040Types}{chapter.6}% 17
\BOOKMARK [1][-]{section.6.3}{Functions}{chapter.6}% 18
\BOOKMARK [1][-]{section.6.4}{See\040also}{chapter.6}% 19
\BOOKMARK [0][-]{chapter.7}{splice\040API}{}% 20
\BOOKMARK [0][-]{chapter.8}{pipes\040API}{}% 21
\BOOKMARK [0][-]{chapter.9}{Encryption\040API}{}% 22
\BOOKMARK [1][-]{section.9.1}{Filesystem-level\040encryption\040\(fscrypt\)}{chapter.9}% 23
\BOOKMARK [0][-]{section*.319}{Index}{}% 24
