\BOOKMARK [0][-]{chapter.1}{Introduction}{}% 1
\BOOKMARK [1][-]{section.1.1}{Style\040Guidelines}{chapter.1}% 2
\BOOKMARK [1][-]{section.1.2}{Getting\040Started}{chapter.1}% 3
\BOOKMARK [1][-]{section.1.3}{Contribution\040Process}{chapter.1}% 4
\BOOKMARK [0][-]{chapter.2}{DRM\040Internals}{}% 5
\BOOKMARK [1][-]{section.2.1}{Driver\040Initialization}{chapter.2}% 6
\BOOKMARK [1][-]{section.2.2}{Open/Close,\040File\040Operations\040and\040IOCTLs}{chapter.2}% 7
\BOOKMARK [1][-]{section.2.3}{Misc\040Utilities}{chapter.2}% 8
\BOOKMARK [1][-]{section.2.4}{Legacy\040Support\040Code}{chapter.2}% 9
\BOOKMARK [0][-]{chapter.3}{DRM\040Memory\040Management}{}% 10
\BOOKMARK [1][-]{section.3.1}{The\040Translation\040Table\040Manager\040\(TTM\)}{chapter.3}% 11
\BOOKMARK [1][-]{section.3.2}{The\040Graphics\040Execution\040Manager\040\(GEM\)}{chapter.3}% 12
\BOOKMARK [1][-]{section.3.3}{VMA\040Offset\040Manager}{chapter.3}% 13
\BOOKMARK [1][-]{section.3.4}{PRIME\040Buffer\040Sharing}{chapter.3}% 14
\BOOKMARK [1][-]{section.3.5}{DRM\040MM\040Range\040Allocator}{chapter.3}% 15
\BOOKMARK [1][-]{section.3.6}{DRM\040Cache\040Handling}{chapter.3}% 16
\BOOKMARK [1][-]{section.3.7}{DRM\040Sync\040Objects}{chapter.3}% 17
\BOOKMARK [0][-]{chapter.4}{Kernel\040Mode\040Setting\040\(KMS\)}{}% 18
\BOOKMARK [1][-]{section.4.1}{Overview}{chapter.4}% 19
\BOOKMARK [1][-]{section.4.2}{KMS\040Core\040Structures\040and\040Functions}{chapter.4}% 20
\BOOKMARK [1][-]{section.4.3}{Modeset\040Base\040Object\040Abstraction}{chapter.4}% 21
\BOOKMARK [1][-]{section.4.4}{Atomic\040Mode\040Setting}{chapter.4}% 22
\BOOKMARK [1][-]{section.4.5}{CRTC\040Abstraction}{chapter.4}% 23
\BOOKMARK [1][-]{section.4.6}{Frame\040Buffer\040Abstraction}{chapter.4}% 24
\BOOKMARK [1][-]{section.4.7}{DRM\040Format\040Handling}{chapter.4}% 25
\BOOKMARK [1][-]{section.4.8}{Dumb\040Buffer\040Objects}{chapter.4}% 26
\BOOKMARK [1][-]{section.4.9}{Plane\040Abstraction}{chapter.4}% 27
\BOOKMARK [1][-]{section.4.10}{Display\040Modes\040Function\040Reference}{chapter.4}% 28
\BOOKMARK [1][-]{section.4.11}{Connector\040Abstraction}{chapter.4}% 29
\BOOKMARK [1][-]{section.4.12}{Encoder\040Abstraction}{chapter.4}% 30
\BOOKMARK [1][-]{section.4.13}{KMS\040Initialization\040and\040Cleanup}{chapter.4}% 31
\BOOKMARK [1][-]{section.4.14}{KMS\040Locking}{chapter.4}% 32
\BOOKMARK [1][-]{section.4.15}{KMS\040Properties}{chapter.4}% 33
\BOOKMARK [1][-]{section.4.16}{Vertical\040Blanking}{chapter.4}% 34
\BOOKMARK [0][-]{chapter.5}{Mode\040Setting\040Helper\040Functions}{}% 35
\BOOKMARK [1][-]{section.5.1}{Modeset\040Helper\040Reference\040for\040Common\040Vtables}{chapter.5}% 36
\BOOKMARK [1][-]{section.5.2}{Atomic\040Modeset\040Helper\040Functions\040Reference}{chapter.5}% 37
\BOOKMARK [1][-]{section.5.3}{Simple\040KMS\040Helper\040Reference}{chapter.5}% 38
\BOOKMARK [1][-]{section.5.4}{fbdev\040Helper\040Functions\040Reference}{chapter.5}% 39
\BOOKMARK [1][-]{section.5.5}{Framebuffer\040CMA\040Helper\040Functions\040Reference}{chapter.5}% 40
\BOOKMARK [1][-]{section.5.6}{Bridges}{chapter.5}% 41
\BOOKMARK [1][-]{section.5.7}{Panel\040Helper\040Reference}{chapter.5}% 42
\BOOKMARK [1][-]{section.5.8}{Display\040Port\040Helper\040Functions\040Reference}{chapter.5}% 43
\BOOKMARK [1][-]{section.5.9}{Display\040Port\040Dual\040Mode\040Adaptor\040Helper\040Functions\040Reference}{chapter.5}% 44
\BOOKMARK [1][-]{section.5.10}{Display\040Port\040MST\040Helper\040Functions\040Reference}{chapter.5}% 45
\BOOKMARK [1][-]{section.5.11}{MIPI\040DSI\040Helper\040Functions\040Reference}{chapter.5}% 46
\BOOKMARK [1][-]{section.5.12}{Output\040Probing\040Helper\040Functions\040Reference}{chapter.5}% 47
\BOOKMARK [1][-]{section.5.13}{EDID\040Helper\040Functions\040Reference}{chapter.5}% 48
\BOOKMARK [1][-]{section.5.14}{SCDC\040Helper\040Functions\040Reference}{chapter.5}% 49
\BOOKMARK [1][-]{section.5.15}{Rectangle\040Utilities\040Reference}{chapter.5}% 50
\BOOKMARK [1][-]{section.5.16}{HDMI\040Infoframes\040Helper\040Reference}{chapter.5}% 51
\BOOKMARK [1][-]{section.5.17}{Flip-work\040Helper\040Reference}{chapter.5}% 52
\BOOKMARK [1][-]{section.5.18}{Auxiliary\040Modeset\040Helpers}{chapter.5}% 53
\BOOKMARK [1][-]{section.5.19}{Framebuffer\040GEM\040Helper\040Reference}{chapter.5}% 54
\BOOKMARK [1][-]{section.5.20}{Legacy\040Plane\040Helper\040Reference}{chapter.5}% 55
\BOOKMARK [1][-]{section.5.21}{Legacy\040CRTC/Modeset\040Helper\040Functions\040Reference}{chapter.5}% 56
\BOOKMARK [0][-]{chapter.6}{Userland\040interfaces}{}% 57
\BOOKMARK [1][-]{section.6.1}{libdrm\040Device\040Lookup}{chapter.6}% 58
\BOOKMARK [1][-]{section.6.2}{Primary\040Nodes,\040DRM\040Master\040and\040Authentication}{chapter.6}% 59
\BOOKMARK [1][-]{section.6.3}{Open-Source\040Userspace\040Requirements}{chapter.6}% 60
\BOOKMARK [1][-]{section.6.4}{Render\040nodes}{chapter.6}% 61
\BOOKMARK [1][-]{section.6.5}{IOCTL\040Support\040on\040Device\040Nodes}{chapter.6}% 62
\BOOKMARK [1][-]{section.6.6}{Testing\040and\040validation}{chapter.6}% 63
\BOOKMARK [1][-]{section.6.7}{Sysfs\040Support}{chapter.6}% 64
\BOOKMARK [1][-]{section.6.8}{VBlank\040event\040handling}{chapter.6}% 65
\BOOKMARK [0][-]{chapter.7}{drm/i915\040Intel\040GFX\040Driver}{}% 66
\BOOKMARK [1][-]{section.7.1}{Core\040Driver\040Infrastructure}{chapter.7}% 67
\BOOKMARK [1][-]{section.7.2}{Display\040Hardware\040Handling}{chapter.7}% 68
\BOOKMARK [1][-]{section.7.3}{Memory\040Management\040and\040Command\040Submission}{chapter.7}% 69
\BOOKMARK [1][-]{section.7.4}{GuC}{chapter.7}% 70
\BOOKMARK [1][-]{section.7.5}{Tracing}{chapter.7}% 71
\BOOKMARK [1][-]{section.7.6}{Perf}{chapter.7}% 72
\BOOKMARK [1][-]{section.7.7}{Style}{chapter.7}% 73
\BOOKMARK [0][-]{chapter.8}{drm/meson\040AmLogic\040Meson\040Video\040Processing\040Unit}{}% 74
\BOOKMARK [1][-]{section.8.1}{Video\040Processing\040Unit}{chapter.8}% 75
\BOOKMARK [1][-]{section.8.2}{Video\040Input\040Unit}{chapter.8}% 76
\BOOKMARK [1][-]{section.8.3}{Video\040Post\040Processing}{chapter.8}% 77
\BOOKMARK [1][-]{section.8.4}{Video\040Encoder}{chapter.8}% 78
\BOOKMARK [1][-]{section.8.5}{Video\040Canvas\040Management}{chapter.8}% 79
\BOOKMARK [1][-]{section.8.6}{Video\040Clocks}{chapter.8}% 80
\BOOKMARK [1][-]{section.8.7}{HDMI\040Video\040Output}{chapter.8}% 81
\BOOKMARK [0][-]{chapter.9}{drm/pl111\040ARM\040PrimeCell\040PL111\040CLCD\040Driver}{}% 82
\BOOKMARK [0][-]{chapter.10}{drm/tegra\040NVIDIA\040Tegra\040GPU\040and\040display\040driver}{}% 83
\BOOKMARK [1][-]{section.10.1}{Driver\040Infrastructure}{chapter.10}% 84
\BOOKMARK [1][-]{section.10.2}{KMS\040driver}{chapter.10}% 85
\BOOKMARK [1][-]{section.10.3}{Userspace\040Interface}{chapter.10}% 86
\BOOKMARK [0][-]{chapter.11}{drm/tinydrm\040Driver\040library}{}% 87
\BOOKMARK [1][-]{section.11.1}{Core\040functionality}{chapter.11}% 88
\BOOKMARK [1][-]{section.11.2}{Additional\040helpers}{chapter.11}% 89
\BOOKMARK [1][-]{section.11.3}{MIPI\040DBI\040Compatible\040Controllers}{chapter.11}% 90
\BOOKMARK [0][-]{chapter.12}{drm/tve200\040Faraday\040TV\040Encoder\040200}{}% 91
\BOOKMARK [0][-]{chapter.13}{drm/vc4\040Broadcom\040VC4\040Graphics\040Driver}{}% 92
\BOOKMARK [1][-]{section.13.1}{Display\040Hardware\040Handling}{chapter.13}% 93
\BOOKMARK [1][-]{section.13.2}{Memory\040Management\040and\0403D\040Command\040Submission}{chapter.13}% 94
\BOOKMARK [0][-]{chapter.14}{VGA\040Switcheroo}{}% 95
\BOOKMARK [1][-]{section.14.1}{Modes\040of\040Use}{chapter.14}% 96
\BOOKMARK [1][-]{section.14.2}{API}{chapter.14}% 97
\BOOKMARK [1][-]{section.14.3}{Handlers}{chapter.14}% 98
\BOOKMARK [0][-]{chapter.15}{VGA\040Arbiter}{}% 99
\BOOKMARK [1][-]{section.15.1}{vgaarb\040kernel/userspace\040ABI}{chapter.15}% 100
\BOOKMARK [1][-]{section.15.2}{In-kernel\040interface}{chapter.15}% 101
\BOOKMARK [1][-]{section.15.3}{libpciaccess}{chapter.15}% 102
\BOOKMARK [1][-]{section.15.4}{xf86VGAArbiter\040\(X\040server\040implementation\)}{chapter.15}% 103
\BOOKMARK [1][-]{section.15.5}{References}{chapter.15}% 104
\BOOKMARK [0][-]{chapter.16}{drm/bridge/dw-hdmi\040Synopsys\040DesignWare\040HDMI\040Controller}{}% 105
\BOOKMARK [1][-]{section.16.1}{Synopsys\040DesignWare\040HDMI\040Controller}{chapter.16}% 106
\BOOKMARK [0][-]{chapter.17}{TODO\040list}{}% 107
\BOOKMARK [1][-]{section.17.1}{Subsystem-wide\040refactorings}{chapter.17}% 108
\BOOKMARK [1][-]{section.17.2}{Core\040refactorings}{chapter.17}% 109
\BOOKMARK [1][-]{section.17.3}{Better\040Testing}{chapter.17}% 110
\BOOKMARK [1][-]{section.17.4}{Driver\040Specific}{chapter.17}% 111
\BOOKMARK [1][-]{section.17.5}{Outside\040DRM}{chapter.17}% 112
\BOOKMARK [0][-]{section*.1170}{Index}{}% 113
