\BOOKMARK [0][-]{chapter.1}{Unreliable\040Guide\040To\040Hacking\040The\040Linux\040Kernel}{}% 1
\BOOKMARK [1][-]{section.1.1}{Introduction}{chapter.1}% 2
\BOOKMARK [1][-]{section.1.2}{The\040Players}{chapter.1}% 3
\BOOKMARK [1][-]{section.1.3}{Some\040Basic\040Rules}{chapter.1}% 4
\BOOKMARK [1][-]{section.1.4}{ioctls:\040Not\040writing\040a\040new\040system\040call}{chapter.1}% 5
\BOOKMARK [1][-]{section.1.5}{Recipes\040for\040Deadlock}{chapter.1}% 6
\BOOKMARK [1][-]{section.1.6}{Common\040Routines}{chapter.1}% 7
\BOOKMARK [1][-]{section.1.7}{Wait\040Queues\040include/linux/wait.h}{chapter.1}% 8
\BOOKMARK [1][-]{section.1.8}{Atomic\040Operations}{chapter.1}% 9
\BOOKMARK [1][-]{section.1.9}{Symbols}{chapter.1}% 10
\BOOKMARK [1][-]{section.1.10}{Routines\040and\040Conventions}{chapter.1}% 11
\BOOKMARK [1][-]{section.1.11}{Putting\040Your\040Stuff\040in\040the\040Kernel}{chapter.1}% 12
\BOOKMARK [1][-]{section.1.12}{Kernel\040Cantrips}{chapter.1}% 13
\BOOKMARK [1][-]{section.1.13}{Thanks}{chapter.1}% 14
\BOOKMARK [0][-]{chapter.2}{Unreliable\040Guide\040To\040Locking}{}% 15
\BOOKMARK [1][-]{section.2.1}{Introduction}{chapter.2}% 16
\BOOKMARK [1][-]{section.2.2}{The\040Problem\040With\040Concurrency}{chapter.2}% 17
\BOOKMARK [1][-]{section.2.3}{Locking\040in\040the\040Linux\040Kernel}{chapter.2}% 18
\BOOKMARK [1][-]{section.2.4}{Hard\040IRQ\040Context}{chapter.2}% 19
\BOOKMARK [1][-]{section.2.5}{Cheat\040Sheet\040For\040Locking}{chapter.2}% 20
\BOOKMARK [1][-]{section.2.6}{The\040trylock\040Functions}{chapter.2}% 21
\BOOKMARK [1][-]{section.2.7}{Common\040Examples}{chapter.2}% 22
\BOOKMARK [1][-]{section.2.8}{Common\040Problems}{chapter.2}% 23
\BOOKMARK [1][-]{section.2.9}{Locking\040Speed}{chapter.2}% 24
\BOOKMARK [1][-]{section.2.10}{What\040Functions\040Are\040Safe\040To\040Call\040From\040Interrupts?}{chapter.2}% 25
\BOOKMARK [1][-]{section.2.11}{Mutex\040API\040reference}{chapter.2}% 26
\BOOKMARK [1][-]{section.2.12}{Futex\040API\040reference}{chapter.2}% 27
\BOOKMARK [1][-]{section.2.13}{Further\040reading}{chapter.2}% 28
\BOOKMARK [1][-]{section.2.14}{Thanks}{chapter.2}% 29
\BOOKMARK [1][-]{section.2.15}{Glossary}{chapter.2}% 30
\BOOKMARK [0][-]{section*.39}{Index}{}% 31
