\BOOKMARK [0][-]{chapter.1}{Linux\040kernel\040release\0404.x\040<http://kernel.org/>}{}% 1
\BOOKMARK [0][-]{chapter.2}{The\040kernel's\040command-line\040parameters}{}% 2
\BOOKMARK [0][-]{chapter.3}{Linux\040allocated\040devices\040\(4.x+\040version\)}{}% 3
\BOOKMARK [0][-]{chapter.4}{Reporting\040bugs}{}% 4
\BOOKMARK [0][-]{chapter.5}{Security\040bugs}{}% 5
\BOOKMARK [0][-]{chapter.6}{Bug\040hunting}{}% 6
\BOOKMARK [0][-]{chapter.7}{Bisecting\040a\040bug}{}% 7
\BOOKMARK [0][-]{chapter.8}{Tainted\040kernels}{}% 8
\BOOKMARK [0][-]{chapter.9}{Ramoops\040oops/panic\040logger}{}% 9
\BOOKMARK [0][-]{chapter.10}{Dynamic\040debug}{}% 10
\BOOKMARK [0][-]{chapter.11}{Explaining\040the\040dreaded\040``No\040init\040found.''\040boot\040hang\040message}{}% 11
\BOOKMARK [0][-]{chapter.12}{Rules\040on\040how\040to\040access\040information\040in\040sysfs}{}% 12
\BOOKMARK [0][-]{chapter.13}{Using\040the\040initial\040RAM\040disk\040\(initrd\)}{}% 13
\BOOKMARK [0][-]{chapter.14}{Linux\040Serial\040Console}{}% 14
\BOOKMARK [0][-]{chapter.15}{Linux\040Braille\040Console}{}% 15
\BOOKMARK [0][-]{chapter.16}{Parport}{}% 16
\BOOKMARK [0][-]{chapter.17}{RAID\040arrays}{}% 17
\BOOKMARK [0][-]{chapter.18}{Kernel\040module\040signing\040facility}{}% 18
\BOOKMARK [0][-]{chapter.19}{Linux\040Magic\040System\040Request\040Key\040Hacks}{}% 19
\BOOKMARK [0][-]{chapter.20}{Unicode\040support}{}% 20
\BOOKMARK [0][-]{chapter.21}{Software\040cursor\040for\040VGA}{}% 21
\BOOKMARK [0][-]{chapter.22}{Kernel\040Support\040for\040miscellaneous\040\(your\040favourite\)\040Binary\040Formats\040v1.1}{}% 22
\BOOKMARK [0][-]{chapter.23}{Mono\(tm\)\040Binary\040Kernel\040Support\040for\040Linux}{}% 23
\BOOKMARK [0][-]{chapter.24}{Java\(tm\)\040Binary\040Kernel\040Support\040for\040Linux\040v1.03}{}% 24
\BOOKMARK [0][-]{chapter.25}{Reliability,\040Availability\040and\040Serviceability}{}% 25
\BOOKMARK [0][-]{chapter.26}{Power\040Management}{}% 26
\BOOKMARK [0][-]{chapter.27}{Thunderbolt}{}% 27
\BOOKMARK [0][-]{chapter.28}{Linux\040Security\040Module\040Usage}{}% 28
