\BOOKMARK [0][-]{chapter.1}{Linux\040Input\040Subsystem\040userspace\040API}{}% 1
\BOOKMARK [1][-]{section.1.1}{Introduction}{chapter.1}% 2
\BOOKMARK [1][-]{section.1.2}{Input\040event\040codes}{chapter.1}% 3
\BOOKMARK [1][-]{section.1.3}{Multi-touch\040\(MT\)\040Protocol}{chapter.1}% 4
\BOOKMARK [1][-]{section.1.4}{Linux\040Gamepad\040Specification}{chapter.1}% 5
\BOOKMARK [1][-]{section.1.5}{Force\040feedback\040for\040Linux}{chapter.1}% 6
\BOOKMARK [1][-]{section.1.6}{Linux\040Joystick\040support}{chapter.1}% 7
\BOOKMARK [1][-]{section.1.7}{uinput\040module}{chapter.1}% 8
\BOOKMARK [1][-]{section.1.8}{The\040userio\040Protocol}{chapter.1}% 9
\BOOKMARK [0][-]{chapter.2}{Linux\040Input\040Subsystem\040kernel\040API}{}% 10
\BOOKMARK [1][-]{section.2.1}{Creating\040an\040input\040device\040driver}{chapter.2}% 11
\BOOKMARK [1][-]{section.2.2}{Programming\040gameport\040drivers}{chapter.2}% 12
\BOOKMARK [1][-]{section.2.3}{Keyboard\040notifier}{chapter.2}% 13
\BOOKMARK [0][-]{chapter.3}{Driver-specific\040documentation}{}% 14
\BOOKMARK [1][-]{section.3.1}{ALPS\040Touchpad\040Protocol}{chapter.3}% 15
\BOOKMARK [1][-]{section.3.2}{Amiga\040joystick\040extensions}{chapter.3}% 16
\BOOKMARK [1][-]{section.3.3}{Apple\040Touchpad\040Driver\040\(appletouch\)}{chapter.3}% 17
\BOOKMARK [1][-]{section.3.4}{Intelligent\040Keyboard\040\(ikbd\)\040Protocol}{chapter.3}% 18
\BOOKMARK [1][-]{section.3.5}{BCM5974\040Driver\040\(bcm5974\)}{chapter.3}% 19
\BOOKMARK [1][-]{section.3.6}{CMA3000-D0x\040Accelerometer}{chapter.3}% 20
\BOOKMARK [1][-]{section.3.7}{Crystal\040SoundFusion\040CS4610/CS4612/CS461\040joystick}{chapter.3}% 21
\BOOKMARK [1][-]{section.3.8}{EDT\040ft5x06\040based\040Polytouch\040devices}{chapter.3}% 22
\BOOKMARK [1][-]{section.3.9}{Elantech\040Touchpad\040Driver}{chapter.3}% 23
\BOOKMARK [1][-]{section.3.10}{Iforce\040Protocol}{chapter.3}% 24
\BOOKMARK [1][-]{section.3.11}{Parallel\040Port\040Joystick\040Drivers}{chapter.3}% 25
\BOOKMARK [1][-]{section.3.12}{N-Trig\040touchscreen\040Driver}{chapter.3}% 26
\BOOKMARK [1][-]{section.3.13}{rotary-encoder\040-\040a\040generic\040driver\040for\040GPIO\040connected\040devices}{chapter.3}% 27
\BOOKMARK [1][-]{section.3.14}{Sentelic\040Touchpad}{chapter.3}% 28
\BOOKMARK [1][-]{section.3.15}{Walkera\040WK-0701\040transmitter}{chapter.3}% 29
\BOOKMARK [1][-]{section.3.16}{xpad\040-\040Linux\040USB\040driver\040for\040Xbox\040compatible\040controllers}{chapter.3}% 30
\BOOKMARK [1][-]{section.3.17}{Driver\040documentation\040for\040yealink\040usb-p1k\040phones}{chapter.3}% 31
