\BOOKMARK [0][-]{chapter.1}{Linux\040Media\040Infrastructure\040userspace\040API}{}% 1
\BOOKMARK [1][-]{section.1.1}{Introduction}{chapter.1}% 2
\BOOKMARK [1][-]{section.1.2}{Part\040I\040-\040Video\040for\040Linux\040API}{chapter.1}% 3
\BOOKMARK [1][-]{section.1.3}{Part\040II\040-\040Digital\040TV\040API}{chapter.1}% 4
\BOOKMARK [1][-]{section.1.4}{Part\040III\040-\040Remote\040Controller\040API}{chapter.1}% 5
\BOOKMARK [1][-]{section.1.5}{Part\040IV\040-\040Media\040Controller\040API}{chapter.1}% 6
\BOOKMARK [1][-]{section.1.6}{Part\040V\040-\040Consumer\040Electronics\040Control\040API}{chapter.1}% 7
\BOOKMARK [1][-]{section.1.7}{Generic\040Error\040Codes}{chapter.1}% 8
\BOOKMARK [1][-]{section.1.8}{GNU\040Free\040Documentation\040License}{chapter.1}% 9
\BOOKMARK [0][-]{chapter.2}{Media\040subsystem\040kernel\040internal\040API}{}% 10
\BOOKMARK [1][-]{section.2.1}{Video4Linux\040devices}{chapter.2}% 11
\BOOKMARK [1][-]{section.2.2}{Digital\040TV\040\(DVB\)\040devices}{chapter.2}% 12
\BOOKMARK [1][-]{section.2.3}{Remote\040Controller\040devices}{chapter.2}% 13
\BOOKMARK [1][-]{section.2.4}{Media\040Controller\040devices}{chapter.2}% 14
\BOOKMARK [1][-]{section.2.5}{CEC\040Kernel\040Support}{chapter.2}% 15
\BOOKMARK [1][-]{section.2.6}{MIPI\040CSI-2}{chapter.2}% 16
\BOOKMARK [0][-]{chapter.3}{Linux\040Digital\040TV\040driver-specific\040documentation}{}% 17
\BOOKMARK [1][-]{section.3.1}{Introduction}{chapter.3}% 18
\BOOKMARK [1][-]{section.3.2}{HOWTO:\040Get\040An\040Avermedia\040DVB-T\040working\040under\040Linux}{chapter.3}% 19
\BOOKMARK [1][-]{section.3.3}{How\040to\040get\040the\040bt8xx\040cards\040working}{chapter.3}% 20
\BOOKMARK [1][-]{section.3.4}{Hardware\040supported\040by\040the\040linuxtv.org\040DVB\040drivers}{chapter.3}% 21
\BOOKMARK [1][-]{section.3.5}{Digital\040TV\040Conditional\040Access\040Interface\040\(CI\040API\)}{chapter.3}% 22
\BOOKMARK [1][-]{section.3.6}{Idea\040behind\040the\040dvb-usb-framework}{chapter.3}% 23
\BOOKMARK [1][-]{section.3.7}{FAQ}{chapter.3}% 24
\BOOKMARK [1][-]{section.3.8}{Firmware\040files\040for\040lmedm04\040cards}{chapter.3}% 25
\BOOKMARK [1][-]{section.3.9}{Opera\040firmware}{chapter.3}% 26
\BOOKMARK [1][-]{section.3.10}{How\040to\040set\040up\040the\040Technisat/B2C2\040Flexcop\040devices}{chapter.3}% 27
\BOOKMARK [1][-]{section.3.11}{TechnoTrend/Hauppauge\040DEC\040USB\040Driver}{chapter.3}% 28
\BOOKMARK [1][-]{section.3.12}{UDEV\040rules\040for\040DVB}{chapter.3}% 29
\BOOKMARK [1][-]{section.3.13}{Frontend\040drivers}{chapter.3}% 30
\BOOKMARK [1][-]{section.3.14}{Contributors}{chapter.3}% 31
\BOOKMARK [0][-]{chapter.4}{Video4Linux\040\(V4L\)\040driver-specific\040documentation}{}% 32
\BOOKMARK [1][-]{section.4.1}{Guidelines\040for\040Video4Linux\040pixel\040format\0404CCs}{chapter.4}% 33
\BOOKMARK [1][-]{section.4.2}{Infrared\040remote\040control\040support\040in\040video4linux\040drivers}{chapter.4}% 34
\BOOKMARK [1][-]{section.4.3}{Using\040with\040lircd}{chapter.4}% 35
\BOOKMARK [1][-]{section.4.4}{Using\040without\040lircd}{chapter.4}% 36
\BOOKMARK [1][-]{section.4.5}{Tuner\040drivers}{chapter.4}% 37
\BOOKMARK [1][-]{section.4.6}{Cards\040List}{chapter.4}% 38
\BOOKMARK [1][-]{section.4.7}{The\040bttv\040driver}{chapter.4}% 39
\BOOKMARK [1][-]{section.4.8}{The\040cafe_ccic\040driver}{chapter.4}% 40
\BOOKMARK [1][-]{section.4.9}{The\040cpia2\040driver}{chapter.4}% 41
\BOOKMARK [1][-]{section.4.10}{The\040cx18\040driver}{chapter.4}% 42
\BOOKMARK [1][-]{section.4.11}{The\040cx2341x\040driver}{chapter.4}% 43
\BOOKMARK [1][-]{section.4.12}{The\040cx88\040driver}{chapter.4}% 44
\BOOKMARK [1][-]{section.4.13}{The\040VPBE\040V4L2\040driver\040design}{chapter.4}% 45
\BOOKMARK [1][-]{section.4.14}{The\040Samsung\040S5P/EXYNOS4\040FIMC\040driver}{chapter.4}% 46
\BOOKMARK [1][-]{section.4.15}{i.MX\040Video\040Capture\040Driver}{chapter.4}% 47
\BOOKMARK [1][-]{section.4.16}{The\040ivtv\040driver}{chapter.4}% 48
\BOOKMARK [1][-]{section.4.17}{Maxim\040Integrated\040MAX2175\040RF\040to\040bits\040tuner\040driver}{chapter.4}% 49
\BOOKMARK [1][-]{section.4.18}{Vaio\040Picturebook\040Motion\040Eye\040Camera\040Driver}{chapter.4}% 50
\BOOKMARK [1][-]{section.4.19}{OMAP\0403\040Image\040Signal\040Processor\040\(ISP\)\040driver}{chapter.4}% 51
\BOOKMARK [1][-]{section.4.20}{OMAP4\040ISS\040Driver}{chapter.4}% 52
\BOOKMARK [1][-]{section.4.21}{Philips\040webcams\040\(pwc\040driver\)}{chapter.4}% 53
\BOOKMARK [1][-]{section.4.22}{The\040pvrusb2\040driver}{chapter.4}% 54
\BOOKMARK [1][-]{section.4.23}{PXA-Camera\040Host\040Driver}{chapter.4}% 55
\BOOKMARK [1][-]{section.4.24}{Qualcomm\040Camera\040Subsystem\040driver}{chapter.4}% 56
\BOOKMARK [1][-]{section.4.25}{The\040Radiotrack\040radio\040driver}{chapter.4}% 57
\BOOKMARK [1][-]{section.4.26}{Renesas\040R-Car\040Fine\040Display\040Processor\040\(FDP1\)\040Driver}{chapter.4}% 58
\BOOKMARK [1][-]{section.4.27}{The\040saa7134\040driver}{chapter.4}% 59
\BOOKMARK [1][-]{section.4.28}{Cropping\040and\040Scaling\040algorithm,\040used\040in\040the\040sh_mobile_ceu_camera\040driver}{chapter.4}% 60
\BOOKMARK [1][-]{section.4.29}{The\040Silicon\040Labs\040Si470x\040FM\040Radio\040Receivers\040driver}{chapter.4}% 61
\BOOKMARK [1][-]{section.4.30}{The\040Silicon\040Labs\040Si4713\040FM\040Radio\040Transmitter\040Driver}{chapter.4}% 62
\BOOKMARK [1][-]{section.4.31}{The\040SI476x\040Driver}{chapter.4}% 63
\BOOKMARK [1][-]{section.4.32}{The\040Soc-Camera\040Drivers}{chapter.4}% 64
\BOOKMARK [1][-]{section.4.33}{The\040Linux\040USB\040Video\040Class\040\(UVC\)\040driver}{chapter.4}% 65
\BOOKMARK [1][-]{section.4.34}{The\040Virtual\040Video\040Test\040Driver\040\(vivid\)}{chapter.4}% 66
\BOOKMARK [1][-]{section.4.35}{The\040Zoran\040driver}{chapter.4}% 67
\BOOKMARK [1][-]{section.4.36}{Zoran\040364xx\040based\040USB\040webcam\040module}{chapter.4}% 68
\BOOKMARK [0][-]{chapter.5}{CEC\040driver-specific\040documentation}{}% 69
\BOOKMARK [1][-]{section.5.1}{Pulse-Eight\040CEC\040Adapter\040driver}{chapter.5}% 70
\BOOKMARK [0][-]{section*.9298}{Index}{}% 71
