This is XeTeX, Version 3.14159265-2.6-0.99992 (TeX Live 2015/Debian) (preloaded format=xelatex 2018.1.23)  8 MAR 2018 16:08
entering extended mode
 restricted \write18 enabled.
 %&-line parsing enabled.
**networking.tex
(./networking.tex
LaTeX2e <2016/02/01>
Babel <3.9q> and hyphenation patterns for 3 language(s) loaded.
(./sphinxmanual.cls
Document Class: sphinxmanual 2009/06/02 Document class (Sphinx manual)
(/usr/share/texlive/texmf-dist/tex/latex/base/report.cls
Document Class: report 2014/09/29 v1.4h Standard LaTeX document class
(/usr/share/texlive/texmf-dist/tex/latex/base/size10.clo
File: size10.clo 2014/09/29 v1.4h Standard LaTeX file (size option)
)
\c@part=\count79
\c@chapter=\count80
\c@section=\count81
\c@subsection=\count82
\c@subsubsection=\count83
\c@paragraph=\count84
\c@subparagraph=\count85
\c@figure=\count86
\c@table=\count87
\abovecaptionskip=\skip41
\belowcaptionskip=\skip42
\bibindent=\dimen102
)) (/usr/share/texlive/texmf-dist/tex/latex/cmap/cmap.sty
Package: cmap 2008/03/06 v1.0h CMap support: searchable PDF

Package cmap Warning: pdftex not detected - exiting.

) (/usr/share/texlive/texmf-dist/tex/latex/base/fontenc.sty
Package: fontenc 2005/09/27 v1.99g Standard LaTeX package
(/usr/share/texlive/texmf-dist/tex/latex/base/t1enc.def
File: t1enc.def 2005/09/27 v1.99g Standard LaTeX file
LaTeX Font Info:    Redeclaring font encoding T1 on input line 48.
)) (/usr/share/texlive/texmf-dist/tex/latex/amsfonts/amsfonts.sty
Package: amsfonts 2013/01/14 v3.01 Basic AMSFonts support
\@emptytoks=\toks14
\symAMSa=\mathgroup4
\symAMSb=\mathgroup5
LaTeX Font Info:    Overwriting math alphabet `\mathfrak' in version `bold'
(Font)                  U/euf/m/n --> U/euf/b/n on input line 106.
) (/usr/share/texlive/texmf-dist/tex/generic/babel/babel.sty
Package: babel 2016/02/24 3.9q The Babel package
(/usr/share/texlive/texmf-dist/tex/generic/babel-english/english.ldf
Language: english 2012/08/20 v3.3p English support from the babel system
(/usr/share/texlive/texmf-dist/tex/generic/babel/babel.def
File: babel.def 2016/02/24 3.9q Babel common definitions
\babel@savecnt=\count88
\U@D=\dimen103
(/usr/share/texlive/texmf-dist/tex/generic/babel/xebabel.def))
\l@british = a dialect from \language\l@english 
\l@UKenglish = a dialect from \language\l@english 
\l@canadian = a dialect from \language\l@american 
\l@australian = a dialect from \language\l@british 
\l@newzealand = a dialect from \language\l@british 
)) (/usr/share/texlive/texmf-dist/tex/latex/psnfss/times.sty
Package: times 2005/04/12 PSNFSS-v9.2a (SPQR) 
) (./fncychap.sty
Package: fncychap 2007/07/30 v1.34 LaTeX package (Revised chapters)
\RW=\skip43
\mylen=\skip44
\myhi=\skip45
\px=\skip46
\py=\skip47
\pyy=\skip48
\pxx=\skip49
\c@AlphaCnt=\count89
\c@AlphaDecCnt=\count90
) (/usr/share/texlive/texmf-dist/tex/latex/tools/longtable.sty
Package: longtable 2014/10/28 v4.11 Multi-page Table package (DPC)
\LTleft=\skip50
\LTright=\skip51
\LTpre=\skip52
\LTpost=\skip53
\LTchunksize=\count91
\LTcapwidth=\dimen104
\LT@head=\box26
\LT@firsthead=\box27
\LT@foot=\box28
\LT@lastfoot=\box29
\LT@cols=\count92
\LT@rows=\count93
\c@LT@tables=\count94
\c@LT@chunks=\count95
\LT@p@ftn=\toks15
) (./sphinx.sty
Package: sphinx 2010/01/15 LaTeX package (Sphinx markup)
(/usr/share/texlive/texmf-dist/tex/latex/fancyhdr/fancyhdr.sty
\fancy@headwidth=\skip54
\f@ncyO@elh=\skip55
\f@ncyO@erh=\skip56
\f@ncyO@olh=\skip57
\f@ncyO@orh=\skip58
\f@ncyO@elf=\skip59
\f@ncyO@erf=\skip60
\f@ncyO@olf=\skip61
\f@ncyO@orf=\skip62
) (/usr/share/texlive/texmf-dist/tex/latex/base/textcomp.sty
Package: textcomp 2005/09/27 v1.99g Standard LaTeX package
Package textcomp Info: Sub-encoding information:
(textcomp)               5 = only ISO-Adobe without \textcurrency
(textcomp)               4 = 5 + \texteuro
(textcomp)               3 = 4 + \textohm
(textcomp)               2 = 3 + \textestimated + \textcurrency
(textcomp)               1 = TS1 - \textcircled - \t
(textcomp)               0 = TS1 (full)
(textcomp)             Font families with sub-encoding setting implement
(textcomp)             only a restricted character set as indicated.
(textcomp)             Family '?' is the default used for unknown fonts.
(textcomp)             See the documentation for details.
Package textcomp Info: Setting ? sub-encoding to TS1/1 on input line 79.
(/usr/share/texlive/texmf-dist/tex/latex/base/ts1enc.def
File: ts1enc.def 2001/06/05 v3.0e (jk/car/fm) Standard LaTeX file
)
LaTeX Info: Redefining \oldstylenums on input line 334.
Package textcomp Info: Setting cmr sub-encoding to TS1/0 on input line 349.
Package textcomp Info: Setting cmss sub-encoding to TS1/0 on input line 350.
Package textcomp Info: Setting cmtt sub-encoding to TS1/0 on input line 351.
Package textcomp Info: Setting cmvtt sub-encoding to TS1/0 on input line 352.
Package textcomp Info: Setting cmbr sub-encoding to TS1/0 on input line 353.
Package textcomp Info: Setting cmtl sub-encoding to TS1/0 on input line 354.
Package textcomp Info: Setting ccr sub-encoding to TS1/0 on input line 355.
Package textcomp Info: Setting ptm sub-encoding to TS1/4 on input line 356.
Package textcomp Info: Setting pcr sub-encoding to TS1/4 on input line 357.
Package textcomp Info: Setting phv sub-encoding to TS1/4 on input line 358.
Package textcomp Info: Setting ppl sub-encoding to TS1/3 on input line 359.
Package textcomp Info: Setting pag sub-encoding to TS1/4 on input line 360.
Package textcomp Info: Setting pbk sub-encoding to TS1/4 on input line 361.
Package textcomp Info: Setting pnc sub-encoding to TS1/4 on input line 362.
Package textcomp Info: Setting pzc sub-encoding to TS1/4 on input line 363.
Package textcomp Info: Setting bch sub-encoding to TS1/4 on input line 364.
Package textcomp Info: Setting put sub-encoding to TS1/5 on input line 365.
Package textcomp Info: Setting uag sub-encoding to TS1/5 on input line 366.
Package textcomp Info: Setting ugq sub-encoding to TS1/5 on input line 367.
Package textcomp Info: Setting ul8 sub-encoding to TS1/4 on input line 368.
Package textcomp Info: Setting ul9 sub-encoding to TS1/4 on input line 369.
Package textcomp Info: Setting augie sub-encoding to TS1/5 on input line 370.
Package textcomp Info: Setting dayrom sub-encoding to TS1/3 on input line 371.
Package textcomp Info: Setting dayroms sub-encoding to TS1/3 on input line 372.

Package textcomp Info: Setting pxr sub-encoding to TS1/0 on input line 373.
Package textcomp Info: Setting pxss sub-encoding to TS1/0 on input line 374.
Package textcomp Info: Setting pxtt sub-encoding to TS1/0 on input line 375.
Package textcomp Info: Setting txr sub-encoding to TS1/0 on input line 376.
Package textcomp Info: Setting txss sub-encoding to TS1/0 on input line 377.
Package textcomp Info: Setting txtt sub-encoding to TS1/0 on input line 378.
Package textcomp Info: Setting lmr sub-encoding to TS1/0 on input line 379.
Package textcomp Info: Setting lmdh sub-encoding to TS1/0 on input line 380.
Package textcomp Info: Setting lmss sub-encoding to TS1/0 on input line 381.
Package textcomp Info: Setting lmssq sub-encoding to TS1/0 on input line 382.
Package textcomp Info: Setting lmvtt sub-encoding to TS1/0 on input line 383.
Package textcomp Info: Setting lmtt sub-encoding to TS1/0 on input line 384.
Package textcomp Info: Setting qhv sub-encoding to TS1/0 on input line 385.
Package textcomp Info: Setting qag sub-encoding to TS1/0 on input line 386.
Package textcomp Info: Setting qbk sub-encoding to TS1/0 on input line 387.
Package textcomp Info: Setting qcr sub-encoding to TS1/0 on input line 388.
Package textcomp Info: Setting qcs sub-encoding to TS1/0 on input line 389.
Package textcomp Info: Setting qpl sub-encoding to TS1/0 on input line 390.
Package textcomp Info: Setting qtm sub-encoding to TS1/0 on input line 391.
Package textcomp Info: Setting qzc sub-encoding to TS1/0 on input line 392.
Package textcomp Info: Setting qhvc sub-encoding to TS1/0 on input line 393.
Package textcomp Info: Setting futs sub-encoding to TS1/4 on input line 394.
Package textcomp Info: Setting futx sub-encoding to TS1/4 on input line 395.
Package textcomp Info: Setting futj sub-encoding to TS1/4 on input line 396.
Package textcomp Info: Setting hlh sub-encoding to TS1/3 on input line 397.
Package textcomp Info: Setting hls sub-encoding to TS1/3 on input line 398.
Package textcomp Info: Setting hlst sub-encoding to TS1/3 on input line 399.
Package textcomp Info: Setting hlct sub-encoding to TS1/5 on input line 400.
Package textcomp Info: Setting hlx sub-encoding to TS1/5 on input line 401.
Package textcomp Info: Setting hlce sub-encoding to TS1/5 on input line 402.
Package textcomp Info: Setting hlcn sub-encoding to TS1/5 on input line 403.
Package textcomp Info: Setting hlcw sub-encoding to TS1/5 on input line 404.
Package textcomp Info: Setting hlcf sub-encoding to TS1/5 on input line 405.
Package textcomp Info: Setting pplx sub-encoding to TS1/3 on input line 406.
Package textcomp Info: Setting pplj sub-encoding to TS1/3 on input line 407.
Package textcomp Info: Setting ptmx sub-encoding to TS1/4 on input line 408.
Package textcomp Info: Setting ptmj sub-encoding to TS1/4 on input line 409.
) (/usr/share/texlive/texmf-dist/tex/latex/fancybox/fancybox.sty
Package: fancybox 2010/05/15 1.4
Style option: `fancybox' v1.4 <2010/05/15> (tvz)
\@fancybox=\box30
\shadowsize=\dimen105
\@Sbox=\box31
\do@VerbBox=\toks16
\the@fancyput=\toks17
\this@fancyput=\toks18
\EndVerbatimTokens=\toks19
\Verbatim@Outfile=\write3
\Verbatim@Infile=\read1
) (/usr/share/texlive/texmf-dist/tex/latex/titlesec/titlesec.sty
Package: titlesec 2016/03/15 v2.10.1 Sectioning titles
\ttl@box=\box32
\beforetitleunit=\skip63
\aftertitleunit=\skip64
\ttl@plus=\dimen106
\ttl@minus=\dimen107
\ttl@toksa=\toks20
\titlewidth=\dimen108
\titlewidthlast=\dimen109
\titlewidthfirst=\dimen110
) (./tabulary.sty
Package: tabulary 2008/12/01 v0.9 tabulary package (DPC)
(/usr/share/texlive/texmf-dist/tex/latex/tools/array.sty
Package: array 2014/10/28 v2.4c Tabular extension package (FMi)
\col@sep=\dimen111
\extrarowheight=\dimen112
\NC@list=\toks21
\extratabsurround=\skip65
\backup@length=\skip66
)
\TY@count=\count96
\TY@linewidth=\dimen113
\tymin=\dimen114
\tymax=\dimen115
\TY@tablewidth=\dimen116
) (/usr/share/texlive/texmf-dist/tex/latex/amsmath/amsmath.sty
Package: amsmath 2016/03/03 v2.15a AMS math features
\@mathmargin=\skip67
For additional information on amsmath, use the `?' option.
(/usr/share/texlive/texmf-dist/tex/latex/amsmath/amstext.sty
Package: amstext 2000/06/29 v2.01 AMS text
(/usr/share/texlive/texmf-dist/tex/latex/amsmath/amsgen.sty
File: amsgen.sty 1999/11/30 v2.0 generic functions
\@emptytoks=\toks22
\ex@=\dimen117
)) (/usr/share/texlive/texmf-dist/tex/latex/amsmath/amsbsy.sty
Package: amsbsy 1999/11/29 v1.2d Bold Symbols
\pmbraise@=\dimen118
) (/usr/share/texlive/texmf-dist/tex/latex/amsmath/amsopn.sty
Package: amsopn 1999/12/14 v2.01 operator names
)
\inf@bad=\count97
LaTeX Info: Redefining \frac on input line 199.
\uproot@=\count98
\leftroot@=\count99
LaTeX Info: Redefining \overline on input line 297.
\classnum@=\count100
\DOTSCASE@=\count101
LaTeX Info: Redefining \ldots on input line 394.
LaTeX Info: Redefining \dots on input line 397.
LaTeX Info: Redefining \cdots on input line 518.
\Mathstrutbox@=\box33
\strutbox@=\box34
\big@size=\dimen119
LaTeX Font Info:    Redeclaring font encoding OML on input line 630.
LaTeX Font Info:    Redeclaring font encoding OMS on input line 631.
\macc@depth=\count102
\c@MaxMatrixCols=\count103
\dotsspace@=\muskip10
\c@parentequation=\count104
\dspbrk@lvl=\count105
\tag@help=\toks23
\row@=\count106
\column@=\count107
\maxfields@=\count108
\andhelp@=\toks24
\eqnshift@=\dimen120
\alignsep@=\dimen121
\tagshift@=\dimen122
\tagwidth@=\dimen123
\totwidth@=\dimen124
\lineht@=\dimen125
\@envbody=\toks25
\multlinegap=\skip68
\multlinetaggap=\skip69
\mathdisplay@stack=\toks26
LaTeX Info: Redefining \[ on input line 2735.
LaTeX Info: Redefining \] on input line 2736.
) (/usr/share/texlive/texmf-dist/tex/latex/base/makeidx.sty
Package: makeidx 2014/09/29 v1.0m Standard LaTeX package
) (/usr/share/texlive/texmf-dist/tex/latex/framed/framed.sty
Package: framed 2011/10/22 v 0.96: framed or shaded text with page breaks
\OuterFrameSep=\skip70
\fb@frw=\dimen126
\fb@frh=\dimen127
\FrameRule=\dimen128
\FrameSep=\dimen129
) (/usr/share/texlive/texmf-dist/tex/latex/base/ifthen.sty
Package: ifthen 2014/09/29 v1.1c Standard LaTeX ifthen package (DPC)
) (/usr/share/texlive/texmf-dist/tex/latex/graphics/color.sty
Package: color 2016/01/03 v1.1b Standard LaTeX Color (DPC)
(/usr/share/texlive/texmf-dist/tex/latex/latexconfig/color.cfg
File: color.cfg 2007/01/18 v1.5 color configuration of teTeX/TeXLive
)
Package color Info: Driver file: xetex.def on input line 143.
(/usr/share/texlive/texmf-dist/tex/xelatex/xetex-def/xetex.def
File: xetex.def 2015/09/11 v4.06 LaTeX color/graphics driver for XeTeX (TeX Liv
e/RRM/JK)
(/usr/share/texlive/texmf-dist/tex/generic/oberdiek/infwarerr.sty
Package: infwarerr 2010/04/08 v1.3 Providing info/warning/error messages (HO)
) (/usr/share/texlive/texmf-dist/tex/generic/oberdiek/ltxcmds.sty
Package: ltxcmds 2011/11/09 v1.22 LaTeX kernel commands for general use (HO)
))) (/usr/share/texlive/texmf-dist/tex/latex/fancyvrb/fancyvrb.sty
Package: fancyvrb 2008/02/07

Style option: `fancyvrb' v2.7a, with DG/SPQR fixes, and firstline=lastline fix 
<2008/02/07> (tvz) (/usr/share/texlive/texmf-dist/tex/latex/graphics/keyval.sty
Package: keyval 2014/10/28 v1.15 key=value parser (DPC)
\KV@toks@=\toks27
)
\FV@CodeLineNo=\count109
\FV@InFile=\read2
\FV@TabBox=\box35
\c@FancyVerbLine=\count110
\FV@StepNumber=\count111
\FV@OutFile=\write4
) (/usr/share/texlive/texmf-dist/tex/latex/threeparttable/threeparttable.sty
Package: threeparttable 2003/06/13  v 3.0
\@tempboxb=\box36
) (/usr/share/texlive/texmf-dist/tex/latex/mdwtools/footnote.sty
Package: footnote 1997/01/28 1.13 Save footnotes around boxes
\fn@notes=\box37
\fn@width=\dimen130
) (/usr/share/texlive/texmf-dist/tex/latex/wrapfig/wrapfig.sty
\wrapoverhang=\dimen131
\WF@size=\dimen132
\c@WF@wrappedlines=\count112
\WF@box=\box38
\WF@everypar=\toks28
Package: wrapfig 2003/01/31  v 3.6
) (/usr/share/texlive/texmf-dist/tex/latex/parskip/parskip.sty
Package: parskip 2001/04/09 non-zero parskip adjustments
) (/usr/share/texlive/texmf-dist/tex/latex/base/alltt.sty
Package: alltt 1997/06/16 v2.0g defines alltt environment
) (/usr/share/texlive/texmf-dist/tex/latex/upquote/upquote.sty
Package: upquote 2012/04/19 v1.3 upright-quote and grave-accent glyphs in verba
tim
) (/usr/share/texlive/texmf-dist/tex/latex/graphics/graphicx.sty
Package: graphicx 2014/10/28 v1.0g Enhanced LaTeX Graphics (DPC,SPQR)
(/usr/share/texlive/texmf-dist/tex/latex/graphics/graphics.sty
Package: graphics 2016/01/03 v1.0q Standard LaTeX Graphics (DPC,SPQR)
(/usr/share/texlive/texmf-dist/tex/latex/graphics/trig.sty
Package: trig 2016/01/03 v1.10 sin cos tan (DPC)
) (/usr/share/texlive/texmf-dist/tex/latex/latexconfig/graphics.cfg
File: graphics.cfg 2010/04/23 v1.9 graphics configuration of TeX Live
)
Package graphics Info: Driver file: xetex.def on input line 95.
)
\Gin@req@height=\dimen133
\Gin@req@width=\dimen134
)
\distancetoright=\skip71
\py@argswidth=\skip72
\py@noticelength=\skip73
\lineblockindentation=\skip74
\image@box=\box39
\image@width=\dimen135
(/usr/share/texlive/texmf-dist/tex/latex/hyperref/hyperref.sty
Package: hyperref 2012/11/06 v6.83m Hypertext links for LaTeX
(/usr/share/texlive/texmf-dist/tex/generic/oberdiek/hobsub-hyperref.sty
Package: hobsub-hyperref 2012/05/28 v1.13 Bundle oberdiek, subset hyperref (HO)

(/usr/share/texlive/texmf-dist/tex/generic/oberdiek/hobsub-generic.sty
Package: hobsub-generic 2012/05/28 v1.13 Bundle oberdiek, subset generic (HO)
Package: hobsub 2012/05/28 v1.13 Construct package bundles (HO)
Package hobsub Info: Skipping package `infwarerr' (already loaded).
Package hobsub Info: Skipping package `ltxcmds' (already loaded).
Package: ifluatex 2010/03/01 v1.3 Provides the ifluatex switch (HO)
Package ifluatex Info: LuaTeX not detected.
Package: ifvtex 2010/03/01 v1.5 Detect VTeX and its facilities (HO)
Package ifvtex Info: VTeX not detected.
Package: intcalc 2007/09/27 v1.1 Expandable calculations with integers (HO)
Package: ifpdf 2011/01/30 v2.3 Provides the ifpdf switch (HO)
Package ifpdf Info: pdfTeX in PDF mode is not detected.
Package: etexcmds 2011/02/16 v1.5 Avoid name clashes with e-TeX commands (HO)
Package etexcmds Info: Could not find \expanded.
(etexcmds)             That can mean that you are not using pdfTeX 1.50 or
(etexcmds)             that some package has redefined \expanded.
(etexcmds)             In the latter case, load this package earlier.
Package: kvsetkeys 2012/04/25 v1.16 Key value parser (HO)
Package: kvdefinekeys 2011/04/07 v1.3 Define keys (HO)
Package: pdftexcmds 2011/11/29 v0.20 Utility functions of pdfTeX for LuaTeX (HO
)
Package pdftexcmds Info: LuaTeX not detected.
Package pdftexcmds Info: pdfTeX >= 1.30 not detected.
Package pdftexcmds Info: \pdf@primitive is available.
Package pdftexcmds Info: \pdf@ifprimitive is available.
Package pdftexcmds Info: \pdfdraftmode not found.
Package: pdfescape 2011/11/25 v1.13 Implements pdfTeX's escape features (HO)
Package: bigintcalc 2012/04/08 v1.3 Expandable calculations on big integers (HO
)
Package: bitset 2011/01/30 v1.1 Handle bit-vector datatype (HO)
Package: uniquecounter 2011/01/30 v1.2 Provide unlimited unique counter (HO)
)
Package hobsub Info: Skipping package `hobsub' (already loaded).
Package: letltxmacro 2010/09/02 v1.4 Let assignment for LaTeX macros (HO)
Package: hopatch 2012/05/28 v1.2 Wrapper for package hooks (HO)
Package: xcolor-patch 2011/01/30 xcolor patch
Package: atveryend 2011/06/30 v1.8 Hooks at the very end of document (HO)
Package atveryend Info: \enddocument detected (standard20110627).
Package: atbegshi 2011/10/05 v1.16 At begin shipout hook (HO)
Package: refcount 2011/10/16 v3.4 Data extraction from label references (HO)
Package: hycolor 2011/01/30 v1.7 Color options for hyperref/bookmark (HO)
) (/usr/share/texlive/texmf-dist/tex/generic/ifxetex/ifxetex.sty
Package: ifxetex 2010/09/12 v0.6 Provides ifxetex conditional
) (/usr/share/texlive/texmf-dist/tex/latex/oberdiek/auxhook.sty
Package: auxhook 2011/03/04 v1.3 Hooks for auxiliary files (HO)
) (/usr/share/texlive/texmf-dist/tex/latex/oberdiek/kvoptions.sty
Package: kvoptions 2011/06/30 v3.11 Key value format for package options (HO)
)
\@linkdim=\dimen136
\Hy@linkcounter=\count113
\Hy@pagecounter=\count114
(/usr/share/texlive/texmf-dist/tex/latex/hyperref/pd1enc.def
File: pd1enc.def 2012/11/06 v6.83m Hyperref: PDFDocEncoding definition (HO)
)
\Hy@SavedSpaceFactor=\count115
(/usr/share/texlive/texmf-dist/tex/latex/latexconfig/hyperref.cfg
File: hyperref.cfg 2002/06/06 v1.2 hyperref configuration of TeXLive
)
Package hyperref Info: Option `colorlinks' set `true' on input line 4319.
Package hyperref Info: Option `breaklinks' set `true' on input line 4319.
Package hyperref Info: Hyper figures OFF on input line 4443.
Package hyperref Info: Link nesting OFF on input line 4448.
Package hyperref Info: Hyper index ON on input line 4451.
Package hyperref Info: Plain pages OFF on input line 4458.
Package hyperref Info: Backreferencing OFF on input line 4463.
Package hyperref Info: Implicit mode ON; LaTeX internals redefined.
Package hyperref Info: Bookmarks ON on input line 4688.
\c@Hy@tempcnt=\count116
(/usr/share/texlive/texmf-dist/tex/latex/url/url.sty
\Urlmuskip=\muskip11
Package: url 2013/09/16  ver 3.4  Verb mode for urls, etc.
)
LaTeX Info: Redefining \url on input line 5041.
\XeTeXLinkMargin=\dimen137
\Fld@menulength=\count117
\Field@Width=\dimen138
\Fld@charsize=\dimen139
Package hyperref Info: Hyper figures OFF on input line 6295.
Package hyperref Info: Link nesting OFF on input line 6300.
Package hyperref Info: Hyper index ON on input line 6303.
Package hyperref Info: backreferencing OFF on input line 6310.
Package hyperref Info: Link coloring ON on input line 6313.
Package hyperref Info: Link coloring with OCG OFF on input line 6320.
Package hyperref Info: PDF/A mode OFF on input line 6325.
LaTeX Info: Redefining \ref on input line 6365.
LaTeX Info: Redefining \pageref on input line 6369.
\Hy@abspage=\count118
\c@Item=\count119
\c@Hfootnote=\count120
)

Package hyperref Message: Driver (autodetected): hxetex.

(/usr/share/texlive/texmf-dist/tex/latex/hyperref/hxetex.def
File: hxetex.def 2012/11/06 v6.83m Hyperref driver for XeTeX
(/usr/share/texlive/texmf-dist/tex/latex/hyperref/puenc.def
File: puenc.def 2012/11/06 v6.83m Hyperref: PDF Unicode definition (HO)
) (/usr/share/texlive/texmf-dist/tex/generic/oberdiek/stringenc.sty
Package: stringenc 2011/12/02 v1.10 Convert strings between diff. encodings (HO
)
)
\pdfm@box=\box40
\c@Hy@AnnotLevel=\count121
\HyField@AnnotCount=\count122
\Fld@listcount=\count123
\c@bookmark@seq@number=\count124
(/usr/share/texlive/texmf-dist/tex/latex/oberdiek/rerunfilecheck.sty
Package: rerunfilecheck 2011/04/15 v1.7 Rerun checks for auxiliary files (HO)
Package rerunfilecheck Info: Feature \pdfmdfivesum is not available
(rerunfilecheck)             (e.g. pdfTeX or LuaTeX with package `pdftexcmds').

(rerunfilecheck)             Therefore file contents cannot be checked efficien
tly
(rerunfilecheck)             and the loading of the package is aborted.
)
\Hy@SectionHShift=\skip75
) (/usr/share/texlive/texmf-dist/tex/latex/oberdiek/hypcap.sty
Package: hypcap 2011/02/16 v1.11 Adjusting the anchors of captions (HO)
)
\DUlineblockindent=\skip76
(/usr/share/texlive/texmf-dist/tex/latex/caption/newfloat.sty
Package: newfloat 2015/09/17 v1.1-109 Defining new floating environments (AR)
)
Package newfloat Info: New float `literal-block' with options `' on input line 
527.
\c@literal-block=\count125
\newfloat@ftype=\count126
Package newfloat Info: float type `literal-block'=8 on input line 527.
(/usr/share/texlive/texmf-dist/tex/latex/capt-of/capt-of.sty
Package: capt-of 2009/12/29 v0.2 standard captions outside of floats
) (/usr/share/texlive/texmf-dist/tex/latex/needspace/needspace.sty
Package: needspace 2010/09/12 v1.3d reserve vertical space
)) (/usr/share/texlive/texmf-dist/tex/latex/multirow/multirow.sty
\bigstrutjot=\dimen140
) (/usr/share/texlive/texmf-dist/tex/latex/eqparbox/eqparbox.sty
Package: eqparbox 2013/03/15 v4.0 Create equal-widthed boxes
\eqp@tempdima=\skip77
\eqp@tempdimb=\skip78
\eqp@tabular@box=\box41
\eqp@list@box=\box42
\eqp@list@indent=\skip79
(/usr/share/texlive/texmf-dist/tex/latex/environ/environ.sty
Package: environ 2014/05/04 v0.3 A new way to define environments
(/usr/share/texlive/texmf-dist/tex/latex/trimspaces/trimspaces.sty
Package: trimspaces 2009/09/17 v1.1 Trim spaces around a token list
))) (/usr/share/texlive/texmf-dist/tex/latex/fontspec/fontspec.sty (/usr/share/
texlive/texmf-dist/tex/latex/l3kernel/expl3.sty
Package: expl3 2016/01/19 v6377 L3 programming layer (loader) 
(/usr/share/texlive/texmf-dist/tex/latex/l3kernel/expl3-code.tex
Package: expl3 2016/01/19 v6377 L3 programming layer (code)
L3 Module: l3bootstrap 2016/01/01 v6339 L3 Bootstrap code
L3 Module: l3names 2015/12/21 v6328 L3 Namespace for primitives
L3 Module: l3basics 2015/11/22 v6315 L3 Basic definitions
L3 Module: l3expan 2015/09/10 v5983 L3 Argument expansion
L3 Module: l3tl 2015/09/29 v6121 L3 Token lists
L3 Module: l3str 2016/01/03 v6357 L3 Strings
L3 Module: l3seq 2015/08/05 v5777 L3 Sequences and stacks
L3 Module: l3int 2016/01/05 v6366 L3 Integers
\c_max_int=\count127
\l_tmpa_int=\count128
\l_tmpb_int=\count129
\g_tmpa_int=\count130
\g_tmpb_int=\count131
L3 Module: l3quark 2015/08/17 v5855 L3 Quarks
L3 Module: l3prg 2015/11/01 v6216 L3 Control structures
\g__prg_map_int=\count132
L3 Module: l3clist 2015/09/02 v5901 L3 Comma separated lists
L3 Module: l3token 2015/11/11 v6249 L3 Experimental token manipulation
L3 Module: l3prop 2016/01/05 v6366 L3 Property lists
L3 Module: l3msg 2015/09/28 v6113 L3 Messages
L3 Module: l3file 2015/12/03 v6317 L3 File and I/O operations
\l_iow_line_count_int=\count133
\l__iow_target_count_int=\count134
\l__iow_current_line_int=\count135
\l__iow_current_word_int=\count136
\l__iow_current_indentation_int=\count137
L3 Module: l3skip 2016/01/05 v6366 L3 Dimensions and skips
\c_zero_dim=\dimen141
\c_max_dim=\dimen142
\l_tmpa_dim=\dimen143
\l_tmpb_dim=\dimen144
\g_tmpa_dim=\dimen145
\g_tmpb_dim=\dimen146
\c_zero_skip=\skip80
\c_max_skip=\skip81
\l_tmpa_skip=\skip82
\l_tmpb_skip=\skip83
\g_tmpa_skip=\skip84
\g_tmpb_skip=\skip85
\c_zero_muskip=\muskip12
\c_max_muskip=\muskip13
\l_tmpa_muskip=\muskip14
\l_tmpb_muskip=\muskip15
\g_tmpa_muskip=\muskip16
\g_tmpb_muskip=\muskip17
L3 Module: l3keys 2015/11/17 v6284 L3 Key-value interfaces
\g__keyval_level_int=\count138
\l_keys_choice_int=\count139
L3 Module: l3fp 2015/08/25 v5890 L3 Floating points
\c__fp_leading_shift_int=\count140
\c__fp_middle_shift_int=\count141
\c__fp_trailing_shift_int=\count142
\c__fp_big_leading_shift_int=\count143
\c__fp_big_middle_shift_int=\count144
\c__fp_big_trailing_shift_int=\count145
\c__fp_Bigg_leading_shift_int=\count146
\c__fp_Bigg_middle_shift_int=\count147
\c__fp_Bigg_trailing_shift_int=\count148
L3 Module: l3box 2015/08/09 v5822 L3 Experimental boxes
\c_empty_box=\box43
\l_tmpa_box=\box44
\l_tmpb_box=\box45
\g_tmpa_box=\box46
\g_tmpb_box=\box47
L3 Module: l3coffins 2015/08/06 v5789 L3 Coffin code layer
\l__coffin_internal_box=\box48
\l__coffin_internal_dim=\dimen147
\l__coffin_offset_x_dim=\dimen148
\l__coffin_offset_y_dim=\dimen149
\l__coffin_x_dim=\dimen150
\l__coffin_y_dim=\dimen151
\l__coffin_x_prime_dim=\dimen152
\l__coffin_y_prime_dim=\dimen153
\c_empty_coffin=\box49
\l__coffin_aligned_coffin=\box50
\l__coffin_aligned_internal_coffin=\box51
\l_tmpa_coffin=\box52
\l_tmpb_coffin=\box53
\l__coffin_display_coffin=\box54
\l__coffin_display_coord_coffin=\box55
\l__coffin_display_pole_coffin=\box56
\l__coffin_display_offset_dim=\dimen154
\l__coffin_display_x_dim=\dimen155
\l__coffin_display_y_dim=\dimen156
L3 Module: l3color 2014/08/23 v5354 L3 Experimental color support
L3 Module: l3sys 2015/09/25 v6087 L3 Experimental system/runtime functions
L3 Module: l3candidates 2016/01/14 v6376 L3 Experimental additions to l3kernel
\l__box_top_dim=\dimen157
\l__box_bottom_dim=\dimen158
\l__box_left_dim=\dimen159
\l__box_right_dim=\dimen160
\l__box_top_new_dim=\dimen161
\l__box_bottom_new_dim=\dimen162
\l__box_left_new_dim=\dimen163
\l__box_right_new_dim=\dimen164
\l__box_internal_box=\box57
\l__coffin_bounding_shift_dim=\dimen165
\l__coffin_left_corner_dim=\dimen166
\l__coffin_right_corner_dim=\dimen167
\l__coffin_bottom_corner_dim=\dimen168
\l__coffin_top_corner_dim=\dimen169
\l__coffin_scaled_total_height_dim=\dimen170
\l__coffin_scaled_width_dim=\dimen171
L3 Module: l3luatex 2015/11/11 v6250 L3 Experimental LuaTeX-specific functions
) (/usr/share/texlive/texmf-dist/tex/latex/l3kernel/l3xdvipdfmx.def
File: l3xdvidpfmx.def 2015/11/11 v6250 L3 Experimental driver: xdvipdfmx
)) (/usr/share/texlive/texmf-dist/tex/latex/l3packages/xparse/xparse.sty
Package: xparse 2016/01/19 v6377 L3 Experimental document command parser
\l__xparse_current_arg_int=\count149
\l__xparse_m_args_int=\count150
\l__xparse_mandatory_args_int=\count151
\l__xparse_processor_int=\count152
\l__xparse_v_nesting_int=\count153
)
Package: fontspec 2016/02/01 v2.5a Font selection for XeLaTeX and LuaLaTeX
(/usr/share/texlive/texmf-dist/tex/latex/fontspec/fontspec-xetex.sty
Package: fontspec-xetex 2016/02/01 v2.5a Font selection for XeLaTeX and LuaLaTe
X
\l_fontspec_script_int=\count154
\l_fontspec_language_int=\count155
\l_fontspec_strnum_int=\count156
\l__fontspec_tmpa_dim=\dimen172
\l__fontspec_tmpb_dim=\dimen173
\l__fontspec_tmpc_dim=\dimen174
\g__file_internal_ior=\read3
(/usr/share/texlive/texmf-dist/tex/latex/base/fontenc.sty
Package: fontenc 2005/09/27 v1.99g Standard LaTeX package
(/usr/share/texlive/texmf-dist/tex/latex/euenc/eu1enc.def
File: eu1enc.def 2010/05/27 v0.1h Experimental Unicode font encodings
)
LaTeX Font Info:    Try loading font information for EU1+lmr on input line 105.

(/usr/share/texlive/texmf-dist/tex/latex/euenc/eu1lmr.fd
File: eu1lmr.fd 2009/10/30 v1.6 Font defs for Latin Modern
)) (/usr/share/texlive/texmf-dist/tex/xelatex/xunicode/xunicode.sty
File: xunicode.sty 2011/09/09 v0.981 provides access to latin accents and many 
other characters in Unicode lower plane
(/usr/share/texmf/tex/latex/tipa/t3enc.def
File: t3enc.def 2001/12/31 T3 encoding
LaTeX Font Info:    Try loading font information for EU1+lmss on input line 357
.
(/usr/share/texlive/texmf-dist/tex/latex/euenc/eu1lmss.fd
File: eu1lmss.fd 2009/10/30 v1.6 Font defs for Latin Modern
))
\tipaTiiicode=\count157
\tipasavetokens=\toks29
\tipachecktokens=\toks30
)
.................................................
. LaTeX info: "xparse/define-command"
. 
. Defining command \__fontspec_post_arg:w with sig. 'mmO{}' on line 353.
.................................................
.................................................
. LaTeX info: "xparse/define-command"
. 
. Defining command \fontspec with sig. 'om' on line 355.
.................................................
.................................................
. LaTeX info: "xparse/define-command"
. 
. Defining command \setmainfont with sig. 'om' on line 365.
.................................................
.................................................
. LaTeX info: "xparse/define-command"
. 
. Defining command \setsansfont with sig. 'om' on line 375.
.................................................
.................................................
. LaTeX info: "xparse/define-command"
. 
. Defining command \setmonofont with sig. 'om' on line 385.
.................................................
.................................................
. LaTeX info: "xparse/define-command"
. 
. Defining command \setmathrm with sig. 'om' on line 399.
.................................................
.................................................
. LaTeX info: "xparse/define-command"
. 
. Defining command \setboldmathrm with sig. 'om' on line 407.
.................................................
.................................................
. LaTeX info: "xparse/define-command"
. 
. Defining command \setmathsf with sig. 'om' on line 415.
.................................................
.................................................
. LaTeX info: "xparse/define-command"
. 
. Defining command \setmathtt with sig. 'om' on line 423.
.................................................
.................................................
. LaTeX info: "xparse/define-command"
. 
. Defining command \newfontfamily with sig. 'mom' on line 437.
.................................................
.................................................
. LaTeX info: "xparse/define-command"
. 
. Defining command \newfontface with sig. 'mom' on line 453.
.................................................
.................................................
. LaTeX info: "xparse/define-command"
. 
. Defining command \defaultfontfeatures with sig. 't+om' on line 467.
.................................................
.................................................
. LaTeX info: "xparse/define-command"
. 
. Defining command \addfontfeatures with sig. 'm' on line 529.
.................................................
.................................................
. LaTeX info: "xparse/define-command"
. 
. Defining command \newfontfeature with sig. 'mm' on line 540.
.................................................
.................................................
. LaTeX info: "xparse/define-command"
. 
. Defining command \newAATfeature with sig. 'mmmm' on line 548.
.................................................
.................................................
. LaTeX info: "xparse/define-command"
. 
. Defining command \newopentypefeature with sig. 'mmm' on line 556.
.................................................
.................................................
. LaTeX info: "xparse/define-command"
. 
. Defining command \aliasfontfeature with sig. 'mm' on line 577.
.................................................
.................................................
. LaTeX info: "xparse/define-command"
. 
. Defining command \aliasfontfeatureoption with sig. 'mmm' on line 586.
.................................................
.................................................
. LaTeX info: "xparse/define-command"
. 
. Defining command \newfontscript with sig. 'mm' on line 590.
.................................................
.................................................
. LaTeX info: "xparse/define-command"
. 
. Defining command \newfontlanguage with sig. 'mm' on line 594.
.................................................
.................................................
. LaTeX info: "xparse/define-command"
. 
. Defining command \DeclareFontsExtensions with sig. 'm' on line 599.
.................................................
\l__fontspec_tmp_int=\count158
(/usr/share/texlive/texmf-dist/tex/latex/fontspec/fontspec.cfg)
LaTeX Info: Redefining \itshape on input line 2705.
LaTeX Info: Redefining \slshape on input line 2710.
LaTeX Info: Redefining \scshape on input line 2715.
LaTeX Info: Redefining \upshape on input line 2720.
\l__fontspec_em_int=\count159
\l__fontspec_emdef_int=\count160
LaTeX Info: Redefining \em on input line 2736.
LaTeX Info: Redefining \emph on input line 2742.
LaTeX Info: Redefining \- on input line 2746.
.................................................
. LaTeX info: "xparse/redefine-command"
. 
. Redefining command \oldstylenums with sig. 'm' on line 2841.
.................................................
.................................................
. LaTeX info: "xparse/define-command"
. 
. Defining command \liningnums with sig. 'm' on line 2845.
.................................................
))
\g__fontspec_family_DejaVuSerif_int=\count161
.................................................
. fontspec info: "defining-font"
. 
. Font family 'DejaVuSerif(0)' created for font 'DejaVu Serif' with options
. [Ligatures=TeX].
. 
. This font family consists of the following NFSS series/shapes:
. - 'normal' (m/n) with NFSS spec.: <->"DejaVu
. Serif/OT:script=latn;language=DFLT;mapping=tex-text;"
. - 'small caps'  (m/sc) with NFSS spec.: - 'bold' (bx/n) with NFSS spec.:
. <->"DejaVu Serif/B/OT:script=latn;language=DFLT;mapping=tex-text;"
. - 'bold small caps'  (bx/sc) with NFSS spec.: - 'italic' (m/it) with NFSS
. spec.: <->"DejaVu Serif/I/OT:script=latn;language=DFLT;mapping=tex-text;"
. - 'italic small caps'  (m/itsc) with NFSS spec.: - 'bold italic' (bx/it)
. with NFSS spec.: <->"DejaVu
. Serif/BI/OT:script=latn;language=DFLT;mapping=tex-text;"
. - 'bold italic small caps'  (bx/itsc) with NFSS spec.: 
.................................................
\g__fontspec_family_DejaVuSans_int=\count162
.................................................
. fontspec info: "defining-font"
. 
. Font family 'DejaVuSans(0)' created for font 'DejaVu Sans' with options
. [Ligatures=TeX].
. 
. This font family consists of the following NFSS series/shapes:
. - 'normal' (m/n) with NFSS spec.: <->"DejaVu
. Sans/OT:script=latn;language=DFLT;mapping=tex-text;"
. - 'small caps'  (m/sc) with NFSS spec.: - 'bold' (bx/n) with NFSS spec.:
. <->"DejaVu Sans/B/OT:script=latn;language=DFLT;mapping=tex-text;"
. - 'bold small caps'  (bx/sc) with NFSS spec.: - 'italic' (m/it) with NFSS
. spec.: <->"DejaVu Sans/I/OT:script=latn;language=DFLT;mapping=tex-text;"
. - 'italic small caps'  (m/itsc) with NFSS spec.: - 'bold italic' (bx/it)
. with NFSS spec.: <->"DejaVu
. Sans/BI/OT:script=latn;language=DFLT;mapping=tex-text;"
. - 'bold italic small caps'  (bx/itsc) with NFSS spec.: 
.................................................
\g__fontspec_family_DejaVuSansMono_int=\count163
.................................................
. fontspec info: "defining-font"
. 
. Font family 'DejaVuSansMono(0)' created for font 'DejaVu Sans Mono' with
. options [WordSpace={1,0,0},PunctuationSpace=WordSpace].
. 
. This font family consists of the following NFSS series/shapes:
. - 'normal' (m/n) with NFSS spec.: <->"DejaVu Sans
. Mono/OT:script=latn;language=DFLT;"
. - 'small caps'  (m/sc) with NFSS spec.: 
. and font adjustment code:
. \fontdimen 2\font =1\fontdimen 2\font \fontdimen 3\font =0\fontdimen 3\font
. \fontdimen 4\font =0\fontdimen 4\font \fontdimen 7\font =0\fontdimen 2\font
. - 'bold' (bx/n) with NFSS spec.: <->"DejaVu Sans
. Mono/B/OT:script=latn;language=DFLT;"
. - 'bold small caps'  (bx/sc) with NFSS spec.: 
. and font adjustment code:
. \fontdimen 2\font =1\fontdimen 2\font \fontdimen 3\font =0\fontdimen 3\font
. \fontdimen 4\font =0\fontdimen 4\font \fontdimen 7\font =0\fontdimen 2\font
. - 'italic' (m/it) with NFSS spec.: <->"DejaVu Sans
. Mono/I/OT:script=latn;language=DFLT;"
. - 'italic small caps'  (m/itsc) with NFSS spec.: 
. and font adjustment code:
. \fontdimen 2\font =1\fontdimen 2\font \fontdimen 3\font =0\fontdimen 3\font
. \fontdimen 4\font =0\fontdimen 4\font \fontdimen 7\font =0\fontdimen 2\font
. - 'bold italic' (bx/it) with NFSS spec.: <->"DejaVu Sans
. Mono/BI/OT:script=latn;language=DFLT;"
. - 'bold italic small caps'  (bx/itsc) with NFSS spec.: 
. and font adjustment code:
. \fontdimen 2\font =1\fontdimen 2\font \fontdimen 3\font =0\fontdimen 3\font
. \fontdimen 4\font =0\fontdimen 4\font \fontdimen 7\font =0\fontdimen 2\font 
.................................................
(/usr/share/texlive/texmf-dist/tex/latex/geometry/geometry.sty
Package: geometry 2010/09/12 v5.6 Page Geometry
\Gm@cnth=\count164
\Gm@cntv=\count165
\c@Gm@tempcnt=\count166
\Gm@bindingoffset=\dimen175
\Gm@wd@mp=\dimen176
\Gm@odd@mp=\dimen177
\Gm@even@mp=\dimen178
\Gm@layoutwidth=\dimen179
\Gm@layoutheight=\dimen180
\Gm@layouthoffset=\dimen181
\Gm@layoutvoffset=\dimen182
\Gm@dimlist=\toks31
)
\mynoticelength=\skip86
\@indexfile=\write5
\openout5 = `networking.idx'.

Writing index file networking.idx

LaTeX Warning: Unused global option(s):
    [8pt].

(./networking.aux)
\openout1 = `networking.aux'.

LaTeX Font Info:    Checking defaults for OML/cmm/m/it on input line 190.
LaTeX Font Info:    ... okay on input line 190.
LaTeX Font Info:    Checking defaults for T1/cmr/m/n on input line 190.
LaTeX Font Info:    ... okay on input line 190.
LaTeX Font Info:    Checking defaults for OT1/cmr/m/n on input line 190.
LaTeX Font Info:    ... okay on input line 190.
LaTeX Font Info:    Checking defaults for OMS/cmsy/m/n on input line 190.
LaTeX Font Info:    ... okay on input line 190.
LaTeX Font Info:    Checking defaults for OMX/cmex/m/n on input line 190.
LaTeX Font Info:    ... okay on input line 190.
LaTeX Font Info:    Checking defaults for U/cmr/m/n on input line 190.
LaTeX Font Info:    ... okay on input line 190.
LaTeX Font Info:    Checking defaults for TS1/cmr/m/n on input line 190.
LaTeX Font Info:    Try loading font information for TS1+cmr on input line 190.

(/usr/share/texlive/texmf-dist/tex/latex/base/ts1cmr.fd
File: ts1cmr.fd 2014/09/29 v2.5h Standard LaTeX font definitions
)
LaTeX Font Info:    ... okay on input line 190.
LaTeX Font Info:    Checking defaults for PD1/pdf/m/n on input line 190.
LaTeX Font Info:    ... okay on input line 190.
LaTeX Font Info:    Checking defaults for PU/pdf/m/n on input line 190.
LaTeX Font Info:    ... okay on input line 190.
LaTeX Font Info:    Checking defaults for EU1/lmr/m/n on input line 190.
LaTeX Font Info:    ... okay on input line 190.
LaTeX Font Info:    Checking defaults for T3/cmr/m/n on input line 190.
LaTeX Font Info:    Try loading font information for T3+cmr on input line 190.
(/usr/share/texmf/tex/latex/tipa/t3cmr.fd
File: t3cmr.fd 2001/12/31 TIPA font definitions
)
LaTeX Font Info:    ... okay on input line 190.
\AtBeginShipoutBox=\box58
Package hyperref Info: Link coloring ON on input line 190.
(/usr/share/texlive/texmf-dist/tex/latex/hyperref/nameref.sty
Package: nameref 2012/10/27 v2.43 Cross-referencing by name of section
(/usr/share/texlive/texmf-dist/tex/generic/oberdiek/gettitlestring.sty
Package: gettitlestring 2010/12/03 v1.4 Cleanup title references (HO)
)
\c@section@level=\count167
)
LaTeX Info: Redefining \ref on input line 190.
LaTeX Info: Redefining \pageref on input line 190.
LaTeX Info: Redefining \nameref on input line 190.
(./networking.out) (./networking.out)
\@outlinefile=\write6
\openout6 = `networking.out'.

.................................................
. fontspec info: "setup-math"
. 
. Adjusting the maths setup (use [no-math] to avoid this).
.................................................
\symlegacymaths=\mathgroup6
LaTeX Font Info:    Overwriting symbol font `legacymaths' in version `bold'
(Font)                  OT1/cmr/m/n --> OT1/cmr/bx/n on input line 190.
LaTeX Font Info:    Redeclaring math accent \acute on input line 190.
LaTeX Font Info:    Redeclaring math accent \grave on input line 190.
LaTeX Font Info:    Redeclaring math accent \ddot on input line 190.
LaTeX Font Info:    Redeclaring math accent \tilde on input line 190.
LaTeX Font Info:    Redeclaring math accent \bar on input line 190.
LaTeX Font Info:    Redeclaring math accent \breve on input line 190.
LaTeX Font Info:    Redeclaring math accent \check on input line 190.
LaTeX Font Info:    Redeclaring math accent \hat on input line 190.
LaTeX Font Info:    Redeclaring math accent \dot on input line 190.
LaTeX Font Info:    Redeclaring math accent \mathring on input line 190.
LaTeX Font Info:    Redeclaring math symbol \Gamma on input line 190.
LaTeX Font Info:    Redeclaring math symbol \Delta on input line 190.
LaTeX Font Info:    Redeclaring math symbol \Theta on input line 190.
LaTeX Font Info:    Redeclaring math symbol \Lambda on input line 190.
LaTeX Font Info:    Redeclaring math symbol \Xi on input line 190.
LaTeX Font Info:    Redeclaring math symbol \Pi on input line 190.
LaTeX Font Info:    Redeclaring math symbol \Sigma on input line 190.
LaTeX Font Info:    Redeclaring math symbol \Upsilon on input line 190.
LaTeX Font Info:    Redeclaring math symbol \Phi on input line 190.
LaTeX Font Info:    Redeclaring math symbol \Psi on input line 190.
LaTeX Font Info:    Redeclaring math symbol \Omega on input line 190.
LaTeX Font Info:    Redeclaring math symbol \mathdollar on input line 190.
LaTeX Font Info:    Redeclaring symbol font `operators' on input line 190.
LaTeX Font Info:    Encoding `OT1' has changed to `EU1' for symbol font
(Font)              `operators' in the math version `normal' on input line 190.

LaTeX Font Info:    Overwriting symbol font `operators' in version `normal'
(Font)                  OT1/cmr/m/n --> EU1/DejaVuSans(0)/m/n on input line 190
.
LaTeX Font Info:    Encoding `OT1' has changed to `EU1' for symbol font
(Font)              `operators' in the math version `bold' on input line 190.
LaTeX Font Info:    Overwriting symbol font `operators' in version `bold'
(Font)                  OT1/cmr/bx/n --> EU1/DejaVuSans(0)/m/n on input line 19
0.
LaTeX Font Info:    Overwriting symbol font `operators' in version `normal'
(Font)                  EU1/DejaVuSans(0)/m/n --> EU1/DejaVuSans(0)/m/n on inpu
t line 190.
LaTeX Font Info:    Overwriting math alphabet `\mathit' in version `normal'
(Font)                  OT1/cmr/m/it --> EU1/DejaVuSans(0)/m/it on input line 1
90.
LaTeX Font Info:    Overwriting math alphabet `\mathbf' in version `normal'
(Font)                  OT1/cmr/bx/n --> EU1/DejaVuSans(0)/bx/n on input line 1
90.
LaTeX Font Info:    Overwriting math alphabet `\mathsf' in version `normal'
(Font)                  OT1/cmss/m/n --> EU1/DejaVuSerif(0)/m/n on input line 1
90.
LaTeX Font Info:    Overwriting math alphabet `\mathtt' in version `normal'
(Font)                  OT1/cmtt/m/n --> EU1/DejaVuSansMono(0)/m/n on input lin
e 190.
LaTeX Font Info:    Overwriting symbol font `operators' in version `bold'
(Font)                  EU1/DejaVuSans(0)/m/n --> EU1/DejaVuSans(0)/bx/n on inp
ut line 190.
LaTeX Font Info:    Overwriting math alphabet `\mathit' in version `bold'
(Font)                  OT1/cmr/bx/it --> EU1/DejaVuSans(0)/bx/it on input line
 190.
LaTeX Font Info:    Overwriting math alphabet `\mathsf' in version `bold'
(Font)                  OT1/cmss/bx/n --> EU1/DejaVuSerif(0)/bx/n on input line
 190.
LaTeX Font Info:    Overwriting math alphabet `\mathtt' in version `bold'
(Font)                  OT1/cmtt/m/n --> EU1/DejaVuSansMono(0)/bx/n on input li
ne 190.
*geometry* driver: auto-detecting
*geometry* detected driver: xetex
*geometry* verbose mode - [ preamble ] result:
* driver: xetex
* paper: a4paper
* layout: <same size as paper>
* layoutoffset:(h,v)=(0.0pt,0.0pt)
* modes: twoside 
* h-part:(L,W,R)=(36.135pt, 525.23788pt, 36.135pt)
* v-part:(T,H,B)=(72.26999pt, 700.50687pt, 72.26999pt)
* \paperwidth=597.50787pt
* \paperheight=845.04684pt
* \textwidth=525.23788pt
* \textheight=700.50687pt
* \oddsidemargin=-36.135pt
* \evensidemargin=-36.135pt
* \topmargin=-37.0pt
* \headheight=12.0pt
* \headsep=25.0pt
* \topskip=10.0pt
* \footskip=30.0pt
* \marginparwidth=36.135pt
* \marginparsep=11.0pt
* \columnsep=10.0pt
* \skip\footins=9.0pt plus 4.0pt minus 2.0pt
* \hoffset=0.0pt
* \voffset=0.0pt
* \mag=1000
* \@twocolumnfalse
* \@twosidetrue
* \@mparswitchtrue
* \@reversemarginfalse
* (1in=72.27pt=25.4mm, 1cm=28.453pt)

LaTeX Font Info:    Try loading font information for U+msa on input line 193.
(/usr/share/texlive/texmf-dist/tex/latex/amsfonts/umsa.fd
File: umsa.fd 2013/01/14 v3.01 AMS symbols A
)
LaTeX Font Info:    Try loading font information for U+msb on input line 193.
(/usr/share/texlive/texmf-dist/tex/latex/amsfonts/umsb.fd
File: umsb.fd 2013/01/14 v3.01 AMS symbols B
) (/usr/share/texlive/texmf-dist/tex/generic/oberdiek/se-ascii-print.def
File: se-ascii-print.def 2011/12/02 v1.10 stringenc: Printable ASCII characters

) [1

] [2

] (./networking.toc
Overfull \hbox (3.58688pt too wide) detected at line 20
 []\EU1/DejaVuSans(0)/m/n/10 111
 []


Overfull \hbox (3.58688pt too wide) detected at line 21
 []\EU1/DejaVuSans(0)/m/n/10 111
 []


Overfull \hbox (3.58688pt too wide) detected at line 22
 []\EU1/DejaVuSans(0)/m/n/10 111
 []


Overfull \hbox (3.58688pt too wide) detected at line 23
 []\EU1/DejaVuSans(0)/m/n/10 112
 []


Overfull \hbox (3.58688pt too wide) detected at line 24
 []\EU1/DejaVuSans(0)/m/n/10 112
 []


Overfull \hbox (3.58688pt too wide) detected at line 25
 []\EU1/DejaVuSans(0)/m/n/10 113
 []


Overfull \hbox (3.58688pt too wide) detected at line 26
 []\EU1/DejaVuSans(0)/m/n/10 113
 []


Overfull \hbox (3.58688pt too wide) detected at line 27
 []\EU1/DejaVuSans(0)/m/n/10 114
 []


Overfull \hbox (3.58688pt too wide) detected at line 28
 []\EU1/DejaVuSans(0)/m/n/10 114
 []


Overfull \hbox (3.58688pt too wide) detected at line 29
 []\EU1/DejaVuSans(0)/m/n/10 114
 []


Overfull \hbox (3.58688pt too wide) detected at line 31
 []\EU1/DejaVuSans(0)/m/n/10 115
 []


Overfull \hbox (3.58688pt too wide) detected at line 34
 []\EU1/DejaVuSans(0)/m/n/10 115
 []


Overfull \hbox (3.58688pt too wide) detected at line 43
 []\EU1/DejaVuSans(0)/m/n/10 118
 []


Overfull \hbox (3.58688pt too wide) detected at line 45
 []\EU1/DejaVuSans(0)/m/n/10 118
 []

)
\tf@toc=\write7
\openout7 = `networking.toc'.

Adding blank page after the table of contents.
[1

] [2] [1

] [2

]
Chapter 1.
[3] [4]
Underfull \hbox (badness 10000) in paragraph at lines 471--474
[][][]\EU1/DejaVuSans(0)/m/n/10 b.a.t.m.a.n@open-mesh.org[][] (optional subscri
ption at [][]https://lists.open-
 []

[5] [6]
Chapter 2.
[7

]

LaTeX Warning: Hyper reference `networking/can:socketcan-motivation' on page 8 
undefined on input line 592.


LaTeX Warning: Hyper reference `networking/can:socketcan-core-module' on page 8
 undefined on input line 615.

[8]
! Missing number, treated as zero.
<to be read again> 
                   *
l.645 reflect the correct \footnote[*]
                                      {
A number should have been here; I inserted `0'.
(If you can't figure out why I needed to see a number,
look up `weird error' in the index to The TeXbook.)


LaTeX Warning: Hyper reference `networking/can:socketcan-local-loopback1' on pa
ge 9 undefined on input line 652.


LaTeX Warning: Hyper reference `networking/can:socketcan-raw-sockets' on page 9
 undefined on input line 657.


LaTeX Warning: Hyper reference `networking/can:socketcan-concept' on page 9 und
efined on input line 703.

[9] [10]

LaTeX Warning: Hyper reference `networking/can:socketcan-rawfd' on page 11 unde
fined on input line 854.


LaTeX Warning: Hyper reference `networking/can:socketcan-can-fd-driver' on page
 11 undefined on input line 882.

[11]

LaTeX Warning: Hyper reference `networking/can:socketcan-local-loopback2' on pa
ge 12 undefined on input line 908.

[12]

LaTeX Warning: Hyper reference `networking/can:socketcan-network-problem-notifi
cations' on page 13 undefined on input line 1011.


LaTeX Warning: Hyper reference `networking/can:socketcan-local-loopback1' on pa
ge 13 undefined on input line 1030.

[13] [14]

LaTeX Warning: Hyper reference `networking/can:socketcan-rawfilter' on page 15 
undefined on input line 1126.


LaTeX Warning: Hyper reference `networking/can:socketcan-local-loopback1' on pa
ge 15 undefined on input line 1148.


LaTeX Warning: Hyper reference `networking/can:socketcan-local-loopback2' on pa
ge 15 undefined on input line 1148.


LaTeX Warning: Hyper reference `networking/can:socketcan-rawfd' on page 15 unde
fined on input line 1188.

[15] [16] [17] [18]

LaTeX Warning: Hyper reference `networking/can:socketcan-receive-lists' on page
 19 undefined on input line 1458.


LaTeX Warning: Hyper reference `networking/can:socketcan-receive-lists' on page
 19 undefined on input line 1479.

[19]

LaTeX Warning: Hyper reference `networking/can:socketcan-local-loopback1' on pa
ge 20 undefined on input line 1573.

[20] [21]
Underfull \hbox (badness 10000) in paragraph at lines 1743--1750
[]\EU1/DejaVuSans(0)/m/n/10 Shows the bit-
 []

[22]

LaTeX Warning: Hyper reference `networking/can:socketcan-network-problem-notifi
cations' on page 23 undefined on input line 1824.

[23]

LaTeX Warning: Hyper reference `networking/can:socketcan-resources' on page 24 
undefined on input line 1925.

[24] [25] [26

]
Chapter 3.
[27] [28]
Underfull \vbox (badness 10000) detected at line 2316
 []

[29] [30] [31] [32] [33] [34] [35] [36] [37] [38] [39] [40] [41] [42] [43] [44]
[45]
Underfull \hbox (badness 6220) in paragraph at lines 4311--4311
[]\EU1/DejaVuSans(0)/m/n/10 struct [][]\EU1/DejaVuSans(0)/m/it/10 sk_buff[][] \
EU1/DejaVuSans(0)/m/n/10 *\EU1/DejaVuSans(0)/m/it/10 skb\EU1/DejaVuSans(0)/m/n
/10 , struct [][]\EU1/DejaVuSans(0)/m/it/10 skb_shared_hwtstamps[][] \EU1/DejaV
uSans(0)/m/n/10 *\EU1/DejaVuSans(0)/m/it/10 hwt-
 []

[46] [47] [48] [49]
Underfull \vbox (badness 10000) detected at line 4790
 []

[50] [51] [52] [53] [54] [55] [56] [57] [58]
Underfull \hbox (badness 10000) in paragraph at lines 5784--5784
[]\EU1/DejaVuSans(0)/m/n/10 struct [][]\EU1/DejaVuSans(0)/m/it/10 sk_buff[][] \
EU1/DejaVuSans(0)/m/n/10 *\EU1/DejaVuSans(0)/m/it/10 skb\EU1/DejaVuSans(0)/m/n
/10 , int\EU1/DejaVuSans(0)/m/it/10 headroom\EU1/DejaVuSans(0)/m/n/10 , gfp_t\
EU1/DejaVuSans(0)/m/it/10 gfp_mask\EU1/DejaVuSans(0)/m/n/10 ,
 []

[59] [60] [61] [62] [63] [64]
Overfull \hbox (9.5668pt too wide) in paragraph at lines 6578--6580
[]
 []

[65] [66]
Underfull \hbox (badness 10000) in paragraph at lines 6792--6792
[]\EU1/DejaVuSans(0)/m/n/10 struct [][]\EU1/DejaVuSans(0)/m/it/10 sk_buff[][] \
EU1/DejaVuSans(0)/m/n/10 *\EU1/DejaVuSans(0)/m/it/10 skb\EU1/DejaVuSans(0)/m/n
/10 , unsigned int\EU1/DejaVuSans(0)/m/it/10 transport_len\EU1/DejaVuSans(0)/m
/n/10 ,
 []


Underfull \hbox (badness 10000) in paragraph at lines 6824--6824
[]\EU1/DejaVuSans(0)/m/n/10 struct [][]\EU1/DejaVuSans(0)/m/it/10 sk_buff[][] \
EU1/DejaVuSans(0)/m/n/10 *\EU1/DejaVuSans(0)/m/it/10 to\EU1/DejaVuSans(0)/m/n/
10 , struct [][]\EU1/DejaVuSans(0)/m/it/10 sk_buff[][] \EU1/DejaVuSans(0)/m/n/1
0 *\EU1/DejaVuSans(0)/m/it/10 from\EU1/DejaVuSans(0)/m/n/10 , bool *\EU1/DejaV
uSans(0)/m/it/10 fragstolen\EU1/DejaVuSans(0)/m/n/10 , int
 []

[67]
Underfull \hbox (badness 10000) in paragraph at lines 6922--6922
[]\EU1/DejaVuSans(0)/m/n/10 unsigned long\EU1/DejaVuSans(0)/m/it/10 header_len
\EU1/DejaVuSans(0)/m/n/10 , unsigned long\EU1/DejaVuSans(0)/m/it/10 data_len\E
U1/DejaVuSans(0)/m/n/10 ,
 []

[68] [69] [70] [71] [72] [73]
Underfull \hbox (badness 10000) in paragraph at lines 7657--7657
[]\EU1/DejaVuSans(0)/m/n/10 struct bpf_prog **\EU1/DejaVuSans(0)/m/it/10 pfp\E
U1/DejaVuSans(0)/m/n/10 , struct sock_fprog *\EU1/DejaVuSans(0)/m/it/10 fprog\
EU1/DejaVuSans(0)/m/n/10 ,
 []

[74] [75]
Underfull \hbox (badness 10000) in paragraph at lines 7862--7862
[]\EU1/DejaVuSans(0)/m/n/10 struct [][]\EU1/DejaVuSans(0)/m/it/10 sk_buff[][] \
EU1/DejaVuSans(0)/m/n/10 *\EU1/DejaVuSans(0)/m/it/10 skb\EU1/DejaVuSans(0)/m/n
/10 , int\EU1/DejaVuSans(0)/m/it/10 type\EU1/DejaVuSans(0)/m/n/10 , int\EU1/De
jaVuSans(0)/m/it/10 tc_stats_type\EU1/DejaVuSans(0)/m/n/10 ,
 []

[76]
Underfull \hbox (badness 10000) in paragraph at lines 7941--7941
[]\EU1/DejaVuSans(0)/m/n/10 const seqcount_t *\EU1/DejaVuSans(0)/m/it/10 runni
ng\EU1/DejaVuSans(0)/m/n/10 , struct gnet_dump *\EU1/DejaVuSans(0)/m/it/10 d\E
U1/DejaVuSans(0)/m/n/10 , struct
 []

[77] [78]
Underfull \hbox (badness 10000) in paragraph at lines 8176--8178
[]\EU1/DejaVuSans(0)/m/n/10 Replaces the configuration of a rate estimator by c
alling [][]\EU1/DejaVuSansMono(0)/m/it/10 gen_kill_estimator()[][] \EU1/DejaVuS
ans(0)/m/n/10 and
 []

[79] [80] [81] [82]
Underfull \hbox (badness 7273) in paragraph at lines 8696--8696
[]\EU1/DejaVuSans(0)/m/n/10 struct xdr_stream *\EU1/DejaVuSans(0)/m/it/10 xdr\
EU1/DejaVuSans(0)/m/n/10 , char **\EU1/DejaVuSans(0)/m/it/10 str\EU1/DejaVuSan
s(0)/m/n/10 , size_t\EU1/DejaVuSans(0)/m/it/10 maxlen\EU1/DejaVuSans(0)/m/n/10
 ,
 []

[83] [84] [85] [86] [87] [88] [89]
Underfull \hbox (badness 10000) in paragraph at lines 9605--9605
[]\EU1/DejaVuSans(0)/m/n/10 struct rpc_pipe_dir_object *\EU1/DejaVuSans(0)/m/it
/10 pdo\EU1/DejaVuSans(0)/m/n/10 , const struct
 []


Underfull \hbox (badness 10000) in paragraph at lines 9626--9626
[]\EU1/DejaVuSans(0)/m/n/10 struct net *\EU1/DejaVuSans(0)/m/it/10 net\EU1/Dej
aVuSans(0)/m/n/10 , struct rpc_pipe_dir_head *\EU1/DejaVuSans(0)/m/it/10 pdh\E
U1/DejaVuSans(0)/m/n/10 , struct
 []


Underfull \hbox (badness 6675) in paragraph at lines 9647--9647
[]\EU1/DejaVuSans(0)/m/n/10 struct net *\EU1/DejaVuSans(0)/m/it/10 net\EU1/Dej
aVuSans(0)/m/n/10 , struct rpc_pipe_dir_head *\EU1/DejaVuSans(0)/m/it/10 pdh\E
U1/DejaVuSans(0)/m/n/10 , struct
 []


Underfull \hbox (badness 10000) in paragraph at lines 9668--9668
[]\EU1/DejaVuSans(0)/m/n/10 struct net *\EU1/DejaVuSans(0)/m/it/10 net\EU1/Dej
aVuSans(0)/m/n/10 , struct
 []


Underfull \hbox (badness 10000) in paragraph at lines 9668--9668
\EU1/DejaVuSans(0)/m/n/10 rpc_pipe_dir_head *\EU1/DejaVuSans(0)/m/it/10 pdh\EU
1/DejaVuSans(0)/m/n/10 ,
 []


Underfull \hbox (badness 10000) in paragraph at lines 9668--9668
\EU1/DejaVuSans(0)/m/n/10 int (*match) (struct
 []


Underfull \hbox (badness 10000) in paragraph at lines 9668--9668
\EU1/DejaVuSans(0)/m/n/10 rpc_pipe_dir_object\EU1/DejaVuSans(0)/m/it/10 *\EU1/
DejaVuSans(0)/m/n/10 , void\EU1/DejaVuSans(0)/m/it/10 *\EU1/DejaVuSans(0)/m/n/
10 ,
 []


Underfull \hbox (badness 10000) in paragraph at lines 9668--9668
\EU1/DejaVuSans(0)/m/n/10 struct rpc_pipe_dir_object
 []

[90] [91] [92] [93]
Underfull \hbox (badness 6792) in paragraph at lines 10121--10126
[]\EU1/DejaVuSans(0)/m/n/10 1) caller of the test func-
 []


Underfull \hbox (badness 10000) in paragraph at lines 10148--10150
[]
 []

[94] [95] [96] [97] [98] [99]
Underfull \hbox (badness 10000) in paragraph at lines 10742--10746
[]\EU1/DejaVuSans(0)/m/n/10 called; however, wimax_dev-
 []

[100] [101] [102] [103] [104]
Underfull \hbox (badness 10000) in paragraph at lines 11370--11370
[]\EU1/DejaVuSans(0)/m/n/10 struct net *\EU1/DejaVuSans(0)/m/it/10 net\EU1/Dej
aVuSans(0)/m/n/10 , unsigned short\EU1/DejaVuSans(0)/m/it/10 if_flags\EU1/Deja
VuSans(0)/m/n/10 , unsigned
 []

[105] [106]
Underfull \hbox (badness 10000) in paragraph at lines 11664--11666
[]\EU1/DejaVuSans(0)/m/n/10 Call all network notifier blocks. Parameters and re
turn value are as for
 []

[107] [108] [109] [110] [111]
Underfull \hbox (badness 7273) in paragraph at lines 12343--12343
[]\EU1/DejaVuSans(0)/m/n/10 struct [][]\EU1/DejaVuSans(0)/m/it/10 net_device[][
] \EU1/DejaVuSans(0)/m/n/10 *\EU1/DejaVuSans(0)/m/it/10 dev\EU1/DejaVuSans(0)/
m/n/10 , struct [][]\EU1/DejaVuSans(0)/m/it/10 net_device[][] \EU1/DejaVuSans(0
)/m/n/10 *\EU1/DejaVuSans(0)/m/it/10 upper_dev\EU1/DejaVuSans(0)/m/n/10 , stru
ct
 []

[112] [113] [114] [115] [116]
Underfull \hbox (badness 10000) in paragraph at lines 12929--12929
[]\EU1/DejaVuSans(0)/m/n/10 int\EU1/DejaVuSans(0)/m/it/10 sizeof_priv\EU1/Deja
VuSans(0)/m/n/10 , const char *\EU1/DejaVuSans(0)/m/it/10 name\EU1/DejaVuSans(
0)/m/n/10 , unsigned
 []

[117] [118] [119] [120] [121] [122] [123] [124] [125] [126] [127]
Overfull \vbox (1.45355pt too high) detected at line 14456
 []

[128]
Underfull \vbox (badness 10000) detected at line 14456
 []


Overfull \vbox (1.25356pt too high) detected at line 14456
 []

[129]
Underfull \vbox (badness 10000) detected at line 14456
 []


Overfull \vbox (1.09535pt too high) detected at line 14456
 []

[130] [131]
Underfull \hbox (badness 10000) in paragraph at lines 14557--14561
[]\EU1/DejaVuSans(0)/m/n/10 List of functions to handle Wireless Extensions, in
stead of ioctl, see
 []

[132] [133] [134]
Underfull \hbox (badness 5970) in paragraph at lines 14920--14920
[]\EU1/DejaVuSans(0)/m/n/10 struct [][]\EU1/DejaVuSans(0)/m/it/10 net_device[][
] \EU1/DejaVuSans(0)/m/n/10 *\EU1/DejaVuSans(0)/m/it/10 dev\EU1/DejaVuSans(0)/
m/n/10 , struct napi_struct *\EU1/DejaVuSans(0)/m/it/10 napi\EU1/DejaVuSans(0)
/m/n/10 , int (*poll) (struct
 []

[135] [136] [137] [138] [139] [140]

LaTeX Warning: Hyper reference `networking/kapi:c.phy_start_aneg' on page 141 u
ndefined on input line 15721.

[141]

LaTeX Warning: Hyper reference `networking/kapi:c.phy_stop' on page 142 undefin
ed on input line 15877.

[142] [143] [144] [145]

LaTeX Warning: Hyper reference `networking/kapi:c.phy_device_register' on page 
146 undefined on input line 16445.

[146]
Underfull \hbox (badness 10000) in paragraph at lines 16540--16540
[]\EU1/DejaVuSans(0)/m/n/10 struct [][]\EU1/DejaVuSans(0)/m/it/10 net_device[][
] \EU1/DejaVuSans(0)/m/n/10 *\EU1/DejaVuSans(0)/m/it/10 dev\EU1/DejaVuSans(0)/
m/n/10 , struct phy_device *\EU1/DejaVuSans(0)/m/it/10 phydev\EU1/DejaVuSans(0
)/m/n/10 , u32\EU1/DejaVuSans(0)/m/it/10 flags\EU1/DejaVuSans(0)/m/n/10 ,
 []


Underfull \hbox (badness 10000) in paragraph at lines 16576--16576
[]\EU1/DejaVuSans(0)/m/n/10 struct [][]\EU1/DejaVuSans(0)/m/it/10 net_device[][
] \EU1/DejaVuSans(0)/m/n/10 *\EU1/DejaVuSans(0)/m/it/10 dev\EU1/DejaVuSans(0)/
m/n/10 , const char *\EU1/DejaVuSans(0)/m/it/10 bus_id\EU1/DejaVuSans(0)/m/n/1
0 ,
 []


LaTeX Warning: Hyper reference `networking/kapi:c.phy_attach_direct' on page 14
7 undefined on input line 16597.

[147]

LaTeX Warning: Hyper reference `networking/kapi:c.phy_attach_direct' on page 14
8 undefined on input line 16620.


LaTeX Warning: Hyper reference `networking/kapi:c.phy_sanitize_settings' on pag
e 148 undefined on input line 16665.

[148] [149]

LaTeX Warning: Hyper reference `networking/kapi:c.get_phy_c45_ids' on page 150 
undefined on input line 16885.

[150]

LaTeX Warning: Hyper reference `networking/kapi:c.mdiobus_alloc_size' on page 1
51 undefined on input line 17046.


LaTeX Warning: Hyper reference `networking/kapi:c.devm_mdiobus_free' on page 15
1 undefined on input line 17067.


LaTeX Warning: Hyper reference `networking/kapi:c.mdiobus_free' on page 151 und
efined on input line 17076.


LaTeX Warning: Hyper reference `networking/kapi:c.devm_mdiobus_alloc_size' on p
age 151 undefined on input line 17093.

[151]

LaTeX Warning: Hyper reference `networking/kapi:c.__mdiobus_register' on page 1
52 undefined on input line 17142.

[152] [153] [154]

LaTeX Warning: Hyper reference `networking/kapi:c.phylink_link_state' on page 1
55 undefined on input line 17560.


LaTeX Warning: Hyper reference `networking/kapi:c.phylink_link_state' on page 1
55 undefined on input line 17575.

[155]

LaTeX Warning: Hyper reference `networking/kapi:c.phylink_link_state' on page 1
56 undefined on input line 17596.


LaTeX Warning: Hyper reference `networking/kapi:c.phylink_link_state' on page 1
56 undefined on input line 17608.


LaTeX Warning: Hyper reference `networking/kapi:c.phylink_link_state' on page 1
56 undefined on input line 17622.


LaTeX Warning: Hyper reference `networking/kapi:c.phylink_link_state' on page 1
56 undefined on input line 17637.


LaTeX Warning: Hyper reference `networking/kapi:c.mac_link_state' on page 156 u
ndefined on input line 17654.


LaTeX Warning: Hyper reference `networking/kapi:c.phylink_mac_change' on page 1
56 undefined on input line 17655.

[156]

LaTeX Warning: Hyper reference `networking/kapi:c.phy_init_eee' on page 157 und
efined on input line 17737.


LaTeX Warning: Hyper reference `networking/kapi:c.phylink' on page 157 undefine
d on input line 17778.


LaTeX Warning: Hyper reference `networking/kapi:c.phylink' on page 157 undefine
d on input line 17778.


LaTeX Warning: Hyper reference `networking/kapi:c.phylink_mac_ops' on page 157 
undefined on input line 17778.


Underfull \hbox (badness 10000) in paragraph at lines 17778--17778
[]\EU1/DejaVuSans(0)/m/n/10 struct [][]\EU1/DejaVuSans(0)/m/it/10 net_device[][
] \EU1/DejaVuSans(0)/m/n/10 *\EU1/DejaVuSans(0)/m/it/10 ndev\EU1/DejaVuSans(0)
/m/n/10 , struct fwnode_handle *\EU1/DejaVuSans(0)/m/it/10 fwnode\EU1/DejaVuSa
ns(0)/m/n/10 ,
 []


LaTeX Warning: Hyper reference `networking/kapi:c.phylink_mac_ops' on page 157 
undefined on input line 17797.


LaTeX Warning: Hyper reference `networking/kapi:c.phylink' on page 157 undefine
d on input line 17806.


LaTeX Warning: Hyper reference `networking/kapi:c.phylink' on page 157 undefine
d on input line 17811.


LaTeX Warning: Hyper reference `networking/kapi:c.phylink' on page 157 undefine
d on input line 17820.


LaTeX Warning: Hyper reference `networking/kapi:c.phylink_create' on page 157 u
ndefined on input line 17820.


LaTeX Warning: Hyper reference `networking/kapi:c.phylink_disconnect_phy' on pa
ge 157 undefined on input line 17827.

[157]

LaTeX Warning: Hyper reference `networking/kapi:c.phylink' on page 158 undefine
d on input line 17831.


LaTeX Warning: Hyper reference `networking/kapi:c.phylink' on page 158 undefine
d on input line 17840.


LaTeX Warning: Hyper reference `networking/kapi:c.phylink_create' on page 158 u
ndefined on input line 17840.


LaTeX Warning: Hyper reference `networking/kapi:c.phy_attach_direct' on page 15
8 undefined on input line 17850.


LaTeX Warning: Hyper reference `networking/kapi:c.phylink' on page 158 undefine
d on input line 17861.


LaTeX Warning: Hyper reference `networking/kapi:c.phylink' on page 158 undefine
d on input line 17870.


LaTeX Warning: Hyper reference `networking/kapi:c.phylink_create' on page 158 u
ndefined on input line 17870.


LaTeX Warning: Hyper reference `networking/kapi:c.phylink_connect_phy' on page 
158 undefined on input line 17883.


LaTeX Warning: Hyper reference `networking/kapi:c.phylink' on page 158 undefine
d on input line 17890.


LaTeX Warning: Hyper reference `networking/kapi:c.phylink' on page 158 undefine
d on input line 17899.


LaTeX Warning: Hyper reference `networking/kapi:c.phylink_create' on page 158 u
ndefined on input line 17899.


LaTeX Warning: Hyper reference `networking/kapi:c.phylink' on page 158 undefine
d on input line 17909.


LaTeX Warning: Hyper reference `networking/kapi:c.phylink_link_state' on page 1
58 undefined on input line 17909.


Underfull \hbox (badness 5533) in paragraph at lines 17909--17909
[]\EU1/DejaVuSans(0)/m/n/10 struct \EU1/DejaVuSans(0)/m/it/10 phylink \EU1/Deja
VuSans(0)/m/n/10 *\EU1/DejaVuSans(0)/m/it/10 pl\EU1/DejaVuSans(0)/m/n/10 , voi
d (*cb) (struct [][]\EU1/DejaVuSans(0)/m/it/10 net_device[][]*dev\EU1/DejaVuSa
ns(0)/m/n/10 , struct
 []


LaTeX Warning: Hyper reference `networking/kapi:c.phylink' on page 158 undefine
d on input line 17918.


LaTeX Warning: Hyper reference `networking/kapi:c.phylink_create' on page 158 u
ndefined on input line 17918.


LaTeX Warning: Hyper reference `networking/kapi:c.phylink' on page 158 undefine
d on input line 17932.


LaTeX Warning: Hyper reference `networking/kapi:c.phylink' on page 158 undefine
d on input line 17941.


LaTeX Warning: Hyper reference `networking/kapi:c.phylink_create' on page 158 u
ndefined on input line 17941.

[158]

LaTeX Warning: Hyper reference `networking/kapi:c.phylink' on page 159 undefine
d on input line 17955.


LaTeX Warning: Hyper reference `networking/kapi:c.phylink' on page 159 undefine
d on input line 17964.


LaTeX Warning: Hyper reference `networking/kapi:c.phylink_create' on page 159 u
ndefined on input line 17964.


LaTeX Warning: Hyper reference `networking/kapi:c.phylink' on page 159 undefine
d on input line 17976.


LaTeX Warning: Hyper reference `networking/kapi:c.phylink' on page 159 undefine
d on input line 17985.


LaTeX Warning: Hyper reference `networking/kapi:c.phylink_create' on page 159 u
ndefined on input line 17985.


LaTeX Warning: Hyper reference `networking/kapi:c.phylink' on page 159 undefine
d on input line 17998.


LaTeX Warning: Hyper reference `networking/kapi:c.phylink' on page 159 undefine
d on input line 18007.


LaTeX Warning: Hyper reference `networking/kapi:c.phylink_create' on page 159 u
ndefined on input line 18007.


LaTeX Warning: Hyper reference `networking/kapi:c.phylink' on page 159 undefine
d on input line 18022.


LaTeX Warning: Hyper reference `networking/kapi:c.phylink' on page 159 undefine
d on input line 18031.


LaTeX Warning: Hyper reference `networking/kapi:c.phylink_create' on page 159 u
ndefined on input line 18031.


LaTeX Warning: Hyper reference `networking/kapi:c.phylink' on page 159 undefine
d on input line 18048.


LaTeX Warning: Hyper reference `networking/kapi:c.phylink' on page 159 undefine
d on input line 18057.


LaTeX Warning: Hyper reference `networking/kapi:c.phylink_create' on page 159 u
ndefined on input line 18057.

[159]

LaTeX Warning: Hyper reference `networking/kapi:c.phylink' on page 160 undefine
d on input line 18072.


LaTeX Warning: Hyper reference `networking/kapi:c.phylink' on page 160 undefine
d on input line 18081.


LaTeX Warning: Hyper reference `networking/kapi:c.phylink_create' on page 160 u
ndefined on input line 18081.


LaTeX Warning: Hyper reference `networking/kapi:c.phylink' on page 160 undefine
d on input line 18090.


LaTeX Warning: Hyper reference `networking/kapi:c.phylink' on page 160 undefine
d on input line 18099.


LaTeX Warning: Hyper reference `networking/kapi:c.phylink_create' on page 160 u
ndefined on input line 18099.


LaTeX Warning: Hyper reference `networking/kapi:c.phylink' on page 160 undefine
d on input line 18114.


LaTeX Warning: Hyper reference `networking/kapi:c.phylink' on page 160 undefine
d on input line 18123.


LaTeX Warning: Hyper reference `networking/kapi:c.phylink_create' on page 160 u
ndefined on input line 18123.


LaTeX Warning: Hyper reference `networking/kapi:c.phylink' on page 160 undefine
d on input line 18132.


LaTeX Warning: Hyper reference `networking/kapi:c.phylink' on page 160 undefine
d on input line 18141.


LaTeX Warning: Hyper reference `networking/kapi:c.phylink_create' on page 160 u
ndefined on input line 18141.


LaTeX Warning: Hyper reference `networking/kapi:c.phylink' on page 160 undefine
d on input line 18150.


LaTeX Warning: Hyper reference `networking/kapi:c.phylink' on page 160 undefine
d on input line 18159.


LaTeX Warning: Hyper reference `networking/kapi:c.phylink_create' on page 160 u
ndefined on input line 18159.


LaTeX Warning: Hyper reference `networking/kapi:c.phylink' on page 160 undefine
d on input line 18172.


LaTeX Warning: Hyper reference `networking/kapi:c.phylink' on page 160 undefine
d on input line 18181.


LaTeX Warning: Hyper reference `networking/kapi:c.phylink_create' on page 160 u
ndefined on input line 18181.


LaTeX Warning: Hyper reference `networking/kapi:c.phylink' on page 160 undefine
d on input line 18190.

[160]

LaTeX Warning: Hyper reference `networking/kapi:c.phylink' on page 161 undefine
d on input line 18199.


LaTeX Warning: Hyper reference `networking/kapi:c.phylink_create' on page 161 u
ndefined on input line 18199.


LaTeX Warning: Hyper reference `networking/kapi:c.phylink' on page 161 undefine
d on input line 18208.


LaTeX Warning: Hyper reference `networking/kapi:c.phylink' on page 161 undefine
d on input line 18217.


LaTeX Warning: Hyper reference `networking/kapi:c.phylink_create' on page 161 u
ndefined on input line 18217.

[161]

LaTeX Warning: Hyper reference `networking/kapi:c.sfp_bus' on page 162 undefine
d on input line 18349.


LaTeX Warning: Hyper reference `networking/kapi:c.sfp_eeprom_id' on page 162 un
defined on input line 18349.


LaTeX Warning: Hyper reference `networking/kapi:c.sfp_bus' on page 162 undefine
d on input line 18358.


LaTeX Warning: Hyper reference `networking/kapi:c.sfp_eeprom_id' on page 162 un
defined on input line 18361.


LaTeX Warning: Hyper reference `networking/kapi:c.sfp_bus' on page 162 undefine
d on input line 18380.


LaTeX Warning: Hyper reference `networking/kapi:c.sfp_eeprom_id' on page 162 un
defined on input line 18380.


LaTeX Warning: Hyper reference `networking/kapi:c.sfp_bus' on page 162 undefine
d on input line 18389.


LaTeX Warning: Hyper reference `networking/kapi:c.sfp_eeprom_id' on page 162 un
defined on input line 18392.


LaTeX Warning: Hyper reference `networking/kapi:c.sfp_bus' on page 162 undefine
d on input line 18413.


LaTeX Warning: Hyper reference `networking/kapi:c.sfp_eeprom_id' on page 162 un
defined on input line 18413.


LaTeX Warning: Hyper reference `networking/kapi:c.sfp_bus' on page 162 undefine
d on input line 18422.

[162]

LaTeX Warning: Hyper reference `networking/kapi:c.sfp_eeprom_id' on page 163 un
defined on input line 18425.


LaTeX Warning: Hyper reference `networking/kapi:c.sfp_bus' on page 163 undefine
d on input line 18439.


LaTeX Warning: Hyper reference `networking/kapi:c.sfp_bus' on page 163 undefine
d on input line 18448.


LaTeX Warning: Hyper reference `networking/kapi:c.sfp_bus' on page 163 undefine
d on input line 18464.


LaTeX Warning: Hyper reference `networking/kapi:c.sfp_bus' on page 163 undefine
d on input line 18473.


LaTeX Warning: Hyper reference `networking/kapi:c.sfp_bus' on page 163 undefine
d on input line 18492.


LaTeX Warning: Hyper reference `networking/kapi:c.sfp_bus' on page 163 undefine
d on input line 18501.


LaTeX Warning: Hyper reference `networking/kapi:c.sfp_bus' on page 163 undefine
d on input line 18514.


LaTeX Warning: Hyper reference `networking/kapi:c.sfp_bus' on page 163 undefine
d on input line 18523.


LaTeX Warning: Hyper reference `networking/kapi:c.sfp_bus' on page 163 undefine
d on input line 18536.


LaTeX Warning: Hyper reference `networking/kapi:c.sfp_bus' on page 163 undefine
d on input line 18536.


LaTeX Warning: Hyper reference `networking/kapi:c.sfp_upstream_ops' on page 163
 undefined on input line 18536.

[163]

LaTeX Warning: Hyper reference `networking/kapi:c.sfp_upstream_ops' on page 164
 undefined on input line 18554.


LaTeX Warning: Hyper reference `networking/kapi:c.sfp_bus' on page 164 undefine
d on input line 18562.


LaTeX Warning: Hyper reference `networking/kapi:c.sfp_bus' on page 164 undefine
d on input line 18568.


LaTeX Warning: Hyper reference `networking/kapi:c.sfp_bus' on page 164 undefine
d on input line 18577.


LaTeX Warning: Hyper reference `networking/kapi:c.sfp_register_upstream' on pag
e 164 undefined on input line 18584.

[164]
Chapter 4.

LaTeX Warning: Hyper reference `networking/z8530book:c.z8530_interrupt' on page
 165 undefined on input line 18648.

[165

]

LaTeX Warning: Hyper reference `networking/z8530book:c.z8530_init' on page 166 
undefined on input line 18677.


LaTeX Warning: Hyper reference `networking/z8530book:c.z8530_describe' on page 
166 undefined on input line 18686.


LaTeX Warning: Hyper reference `networking/z8530book:c.z8530_channel_load' on p
age 166 undefined on input line 18724.

[166]

LaTeX Warning: Hyper reference `networking/z8530book:c.z8530_null_rx' on page 1
67 undefined on input line 18758.


LaTeX Warning: Hyper reference `networking/z8530book:c.z8530_sync_close' on pag
e 167 undefined on input line 18764.


LaTeX Warning: Hyper reference `networking/z8530book:c.z8530_sync_dma_open' on 
page 167 undefined on input line 18772.


LaTeX Warning: Hyper reference `networking/z8530book:c.z8530_sync_dma_close' on
 page 167 undefined on input line 18774.


LaTeX Warning: Hyper reference `networking/z8530book:c.z8530_sync_txdma_close' 
on page 167 undefined on input line 18781.


LaTeX Warning: Hyper reference `networking/z8530book:c.z8530_queue_xmit' on pag
e 167 undefined on input line 18792.


LaTeX Warning: Hyper reference `networking/z8530book:c.z8530_read_port' on page
 167 undefined on input line 18816.

[167] [168] [169] [170] [171] [172] [173] [174] [175] [176

]
Chapter 5.

Underfull \hbox (badness 10000) in paragraph at lines 19807--19810
[]\EU1/DejaVuSans(0)/m/n/10 [PATCH net-next v4 0/9] socket sendmsg MSG_ZEROCOPY

 []

[177] [178] [179]
Underfull \hbox (badness 10000) in paragraph at lines 20003--20005
\EU1/DejaVuSans(0)/m/n/10 More realistic example code can be found in the kerne
l source under
 []

(./networking.ind [180] [181


]
Underfull \hbox (badness 5563) in paragraph at lines 210--211
[]\EU1/DejaVuSans(0)/m/n/10 netdev_txq_bql_enqueue_prefetchw (C function),
 []

[182] [183] [184] [185])
Package atveryend Info: Empty hook `BeforeClearDocument' on input line 20017.
Package atveryend Info: Empty hook `AfterLastShipout' on input line 20017.
(./networking.aux)
Package atveryend Info: Empty hook `AtVeryEndDocument' on input line 20017.
Package atveryend Info: Empty hook `AtEndAfterFileList' on input line 20017.

LaTeX Warning: There were undefined references.


LaTeX Warning: Label(s) may have changed. Rerun to get cross-references right.

Package atveryend Info: Empty hook `AtVeryVeryEnd' on input line 20017.
 ) 
Here is how much of TeX's memory you used:
 24943 strings out of 495579
 452461 string characters out of 6187322
 488864 words of memory out of 5000000
 27888 multiletter control sequences out of 15000+600000
 14249 words of font info for 105 fonts, out of 8000000 for 9000
 15 hyphenation exceptions out of 8191
 36i,12n,61p,10384b,417s stack positions out of 5000i,500n,10000p,200000b,80000s

Output written on networking.pdf (189 pages).
