\BOOKMARK [0][-]{chapter.1}{batman-adv}{}% 1
\BOOKMARK [1][-]{section.1.1}{Configuration}{chapter.1}% 2
\BOOKMARK [1][-]{section.1.2}{Usage}{chapter.1}% 3
\BOOKMARK [1][-]{section.1.3}{Logging/Debugging}{chapter.1}% 4
\BOOKMARK [1][-]{section.1.4}{batctl}{chapter.1}% 5
\BOOKMARK [1][-]{section.1.5}{Contact}{chapter.1}% 6
\BOOKMARK [0][-]{chapter.2}{SocketCAN\040-\040Controller\040Area\040Network}{}% 7
\BOOKMARK [1][-]{section.2.1}{Overview\040/\040What\040is\040SocketCAN}{chapter.2}% 8
\BOOKMARK [1][-]{section.2.2}{Motivation\040/\040Why\040Using\040the\040Socket\040API}{chapter.2}% 9
\BOOKMARK [1][-]{section.2.3}{SocketCAN\040Concept}{chapter.2}% 10
\BOOKMARK [1][-]{section.2.4}{How\040to\040use\040SocketCAN}{chapter.2}% 11
\BOOKMARK [1][-]{section.2.5}{SocketCAN\040Core\040Module}{chapter.2}% 12
\BOOKMARK [1][-]{section.2.6}{CAN\040Network\040Drivers}{chapter.2}% 13
\BOOKMARK [1][-]{section.2.7}{SocketCAN\040Resources}{chapter.2}% 14
\BOOKMARK [1][-]{section.2.8}{Credits}{chapter.2}% 15
\BOOKMARK [0][-]{chapter.3}{Linux\040Networking\040and\040Network\040Devices\040APIs}{}% 16
\BOOKMARK [1][-]{section.3.1}{Linux\040Networking}{chapter.3}% 17
\BOOKMARK [1][-]{section.3.2}{Network\040device\040support}{chapter.3}% 18
\BOOKMARK [0][-]{chapter.4}{Z8530\040Programming\040Guide}{}% 19
\BOOKMARK [1][-]{section.4.1}{Introduction}{chapter.4}% 20
\BOOKMARK [1][-]{section.4.2}{Driver\040Modes}{chapter.4}% 21
\BOOKMARK [1][-]{section.4.3}{Using\040the\040Z85230\040driver}{chapter.4}% 22
\BOOKMARK [1][-]{section.4.4}{Attaching\040Network\040Interfaces}{chapter.4}% 23
\BOOKMARK [1][-]{section.4.5}{Configuring\040And\040Activating\040The\040Port}{chapter.4}% 24
\BOOKMARK [1][-]{section.4.6}{Network\040Layer\040Functions}{chapter.4}% 25
\BOOKMARK [1][-]{section.4.7}{Porting\040The\040Z8530\040Driver}{chapter.4}% 26
\BOOKMARK [1][-]{section.4.8}{Known\040Bugs\040And\040Assumptions}{chapter.4}% 27
\BOOKMARK [1][-]{section.4.9}{Public\040Functions\040Provided}{chapter.4}% 28
\BOOKMARK [1][-]{section.4.10}{Internal\040Functions}{chapter.4}% 29
\BOOKMARK [0][-]{chapter.5}{MSG_ZEROCOPY}{}% 30
\BOOKMARK [1][-]{section.5.1}{Intro}{chapter.5}% 31
\BOOKMARK [1][-]{section.5.2}{Interface}{chapter.5}% 32
\BOOKMARK [1][-]{section.5.3}{Implementation}{chapter.5}% 33
\BOOKMARK [1][-]{section.5.4}{Testing}{chapter.5}% 34
\BOOKMARK [0][-]{section*.638}{Index}{}% 35
