\BOOKMARK [0][-]{chapter.1}{ALSA\040Kernel\040API\040Documentation}{}% 1
\BOOKMARK [1][-]{section.1.1}{The\040ALSA\040Driver\040API}{chapter.1}% 2
\BOOKMARK [1][-]{section.1.2}{Writing\040an\040ALSA\040Driver}{chapter.1}% 3
\BOOKMARK [0][-]{chapter.2}{Designs\040and\040Implementations}{}% 4
\BOOKMARK [1][-]{section.2.1}{Standard\040ALSA\040Control\040Names}{chapter.2}% 5
\BOOKMARK [1][-]{section.2.2}{ALSA\040PCM\040channel-mapping\040API}{chapter.2}% 6
\BOOKMARK [1][-]{section.2.3}{ALSA\040Compress-Offload\040API}{chapter.2}% 7
\BOOKMARK [1][-]{section.2.4}{ALSA\040PCM\040Timestamping}{chapter.2}% 8
\BOOKMARK [1][-]{section.2.5}{ALSA\040Jack\040Controls}{chapter.2}% 9
\BOOKMARK [1][-]{section.2.6}{Tracepoints\040in\040ALSA}{chapter.2}% 10
\BOOKMARK [1][-]{section.2.7}{Proc\040Files\040of\040ALSA\040Drivers}{chapter.2}% 11
\BOOKMARK [1][-]{section.2.8}{Notes\040on\040Power-Saving\040Mode}{chapter.2}% 12
\BOOKMARK [1][-]{section.2.9}{Notes\040on\040Kernel\040OSS-Emulation}{chapter.2}% 13
\BOOKMARK [1][-]{section.2.10}{OSS\040Sequencer\040Emulation\040on\040ALSA}{chapter.2}% 14
\BOOKMARK [0][-]{chapter.3}{ALSA\040SoC\040Layer}{}% 15
\BOOKMARK [1][-]{section.3.1}{ALSA\040SoC\040Layer\040Overview}{chapter.3}% 16
\BOOKMARK [1][-]{section.3.2}{ASoC\040Codec\040Class\040Driver}{chapter.3}% 17
\BOOKMARK [1][-]{section.3.3}{ASoC\040Digital\040Audio\040Interface\040\(DAI\)}{chapter.3}% 18
\BOOKMARK [1][-]{section.3.4}{Dynamic\040Audio\040Power\040Management\040for\040Portable\040Devices}{chapter.3}% 19
\BOOKMARK [1][-]{section.3.5}{ASoC\040Platform\040Driver}{chapter.3}% 20
\BOOKMARK [1][-]{section.3.6}{ASoC\040Machine\040Driver}{chapter.3}% 21
\BOOKMARK [1][-]{section.3.7}{Audio\040Pops\040and\040Clicks}{chapter.3}% 22
\BOOKMARK [1][-]{section.3.8}{Audio\040Clocking}{chapter.3}% 23
\BOOKMARK [1][-]{section.3.9}{ASoC\040jack\040detection}{chapter.3}% 24
\BOOKMARK [1][-]{section.3.10}{Dynamic\040PCM}{chapter.3}% 25
\BOOKMARK [1][-]{section.3.11}{Creating\040codec\040to\040codec\040dai\040link\040for\040ALSA\040dapm}{chapter.3}% 26
\BOOKMARK [0][-]{chapter.4}{Advanced\040Linux\040Sound\040Architecture\040-\040Driver\040Configuration\040guide}{}% 27
\BOOKMARK [1][-]{section.4.1}{Kernel\040Configuration}{chapter.4}% 28
\BOOKMARK [1][-]{section.4.2}{Module\040parameters}{chapter.4}% 29
\BOOKMARK [1][-]{section.4.3}{AC97\040Quirk\040Option}{chapter.4}% 30
\BOOKMARK [1][-]{section.4.4}{Configuring\040Non-ISAPNP\040Cards}{chapter.4}% 31
\BOOKMARK [1][-]{section.4.5}{Module\040Autoloading\040Support}{chapter.4}% 32
\BOOKMARK [1][-]{section.4.6}{ALSA\040PCM\040devices\040to\040OSS\040devices\040mapping}{chapter.4}% 33
\BOOKMARK [1][-]{section.4.7}{Proc\040interfaces\040\(/proc/asound\)}{chapter.4}% 34
\BOOKMARK [1][-]{section.4.8}{Early\040Buffer\040Allocation}{chapter.4}% 35
\BOOKMARK [1][-]{section.4.9}{Links\040and\040Addresses}{chapter.4}% 36
\BOOKMARK [0][-]{chapter.5}{HD-Audio}{}% 37
\BOOKMARK [1][-]{section.5.1}{More\040Notes\040on\040HD-Audio\040Driver}{chapter.5}% 38
\BOOKMARK [1][-]{section.5.2}{HD-Audio\040Codec-Specific\040Models}{chapter.5}% 39
\BOOKMARK [1][-]{section.5.3}{HD-Audio\040Codec-Specific\040Mixer\040Controls}{chapter.5}% 40
\BOOKMARK [1][-]{section.5.4}{HD-Audio\040DP-MST\040Support}{chapter.5}% 41
\BOOKMARK [0][-]{chapter.6}{Card-Specific\040Information}{}% 42
\BOOKMARK [1][-]{section.6.1}{Analog\040Joystick\040Support\040on\040ALSA\040Drivers}{chapter.6}% 43
\BOOKMARK [1][-]{section.6.2}{Brief\040Notes\040on\040C-Media\0408338/8738/8768/8770\040Driver}{chapter.6}% 44
\BOOKMARK [1][-]{section.6.3}{Sound\040Blaster\040Live\040mixer\040/\040default\040DSP\040code}{chapter.6}% 45
\BOOKMARK [1][-]{section.6.4}{Sound\040Blaster\040Audigy\040mixer\040/\040default\040DSP\040code}{chapter.6}% 46
\BOOKMARK [1][-]{section.6.5}{Low\040latency,\040multichannel\040audio\040with\040JACK\040and\040the\040emu10k1/emu10k2}{chapter.6}% 47
\BOOKMARK [1][-]{section.6.6}{VIA82xx\040mixer}{chapter.6}% 48
\BOOKMARK [1][-]{section.6.7}{Guide\040to\040using\040M-Audio\040Audiophile\040USB\040with\040ALSA\040and\040Jack}{chapter.6}% 49
\BOOKMARK [1][-]{section.6.8}{Alsa\040driver\040for\040Digigram\040miXart8\040and\040miXart8AES/EBU\040soundcards}{chapter.6}% 50
\BOOKMARK [1][-]{section.6.9}{ALSA\040BT87x\040Driver}{chapter.6}% 51
\BOOKMARK [1][-]{section.6.10}{Notes\040on\040Maya44\040USB\040Audio\040Support}{chapter.6}% 52
\BOOKMARK [1][-]{section.6.11}{Software\040Interface\040ALSA-DSP\040MADI\040Driver}{chapter.6}% 53
\BOOKMARK [1][-]{section.6.12}{Serial\040UART\04016450/16550\040MIDI\040driver}{chapter.6}% 54
\BOOKMARK [1][-]{section.6.13}{Imagination\040Technologies\040SPDIF\040Input\040Controllers}{chapter.6}% 55
\BOOKMARK [0][-]{section*.699}{Index}{}% 56
