This is XeTeX, Version 3.14159265-2.6-0.99992 (TeX Live 2015/Debian) (preloaded format=xelatex 2018.1.23)  8 MAR 2018 16:34
entering extended mode
 restricted \write18 enabled.
 %&-line parsing enabled.
**sound.tex
(./sound.tex
LaTeX2e <2016/02/01>
Babel <3.9q> and hyphenation patterns for 3 language(s) loaded.
(./sphinxmanual.cls
Document Class: sphinxmanual 2009/06/02 Document class (Sphinx manual)
(/usr/share/texlive/texmf-dist/tex/latex/base/report.cls
Document Class: report 2014/09/29 v1.4h Standard LaTeX document class
(/usr/share/texlive/texmf-dist/tex/latex/base/size10.clo
File: size10.clo 2014/09/29 v1.4h Standard LaTeX file (size option)
)
\c@part=\count79
\c@chapter=\count80
\c@section=\count81
\c@subsection=\count82
\c@subsubsection=\count83
\c@paragraph=\count84
\c@subparagraph=\count85
\c@figure=\count86
\c@table=\count87
\abovecaptionskip=\skip41
\belowcaptionskip=\skip42
\bibindent=\dimen102
)) (/usr/share/texlive/texmf-dist/tex/latex/cmap/cmap.sty
Package: cmap 2008/03/06 v1.0h CMap support: searchable PDF

Package cmap Warning: pdftex not detected - exiting.

) (/usr/share/texlive/texmf-dist/tex/latex/base/fontenc.sty
Package: fontenc 2005/09/27 v1.99g Standard LaTeX package
(/usr/share/texlive/texmf-dist/tex/latex/base/t1enc.def
File: t1enc.def 2005/09/27 v1.99g Standard LaTeX file
LaTeX Font Info:    Redeclaring font encoding T1 on input line 48.
)) (/usr/share/texlive/texmf-dist/tex/latex/amsfonts/amsfonts.sty
Package: amsfonts 2013/01/14 v3.01 Basic AMSFonts support
\@emptytoks=\toks14
\symAMSa=\mathgroup4
\symAMSb=\mathgroup5
LaTeX Font Info:    Overwriting math alphabet `\mathfrak' in version `bold'
(Font)                  U/euf/m/n --> U/euf/b/n on input line 106.
) (/usr/share/texlive/texmf-dist/tex/generic/babel/babel.sty
Package: babel 2016/02/24 3.9q The Babel package
(/usr/share/texlive/texmf-dist/tex/generic/babel-english/english.ldf
Language: english 2012/08/20 v3.3p English support from the babel system
(/usr/share/texlive/texmf-dist/tex/generic/babel/babel.def
File: babel.def 2016/02/24 3.9q Babel common definitions
\babel@savecnt=\count88
\U@D=\dimen103
(/usr/share/texlive/texmf-dist/tex/generic/babel/xebabel.def))
\l@british = a dialect from \language\l@english 
\l@UKenglish = a dialect from \language\l@english 
\l@canadian = a dialect from \language\l@american 
\l@australian = a dialect from \language\l@british 
\l@newzealand = a dialect from \language\l@british 
)) (/usr/share/texlive/texmf-dist/tex/latex/psnfss/times.sty
Package: times 2005/04/12 PSNFSS-v9.2a (SPQR) 
) (./fncychap.sty
Package: fncychap 2007/07/30 v1.34 LaTeX package (Revised chapters)
\RW=\skip43
\mylen=\skip44
\myhi=\skip45
\px=\skip46
\py=\skip47
\pyy=\skip48
\pxx=\skip49
\c@AlphaCnt=\count89
\c@AlphaDecCnt=\count90
) (/usr/share/texlive/texmf-dist/tex/latex/tools/longtable.sty
Package: longtable 2014/10/28 v4.11 Multi-page Table package (DPC)
\LTleft=\skip50
\LTright=\skip51
\LTpre=\skip52
\LTpost=\skip53
\LTchunksize=\count91
\LTcapwidth=\dimen104
\LT@head=\box26
\LT@firsthead=\box27
\LT@foot=\box28
\LT@lastfoot=\box29
\LT@cols=\count92
\LT@rows=\count93
\c@LT@tables=\count94
\c@LT@chunks=\count95
\LT@p@ftn=\toks15
) (./sphinx.sty
Package: sphinx 2010/01/15 LaTeX package (Sphinx markup)
(/usr/share/texlive/texmf-dist/tex/latex/fancyhdr/fancyhdr.sty
\fancy@headwidth=\skip54
\f@ncyO@elh=\skip55
\f@ncyO@erh=\skip56
\f@ncyO@olh=\skip57
\f@ncyO@orh=\skip58
\f@ncyO@elf=\skip59
\f@ncyO@erf=\skip60
\f@ncyO@olf=\skip61
\f@ncyO@orf=\skip62
) (/usr/share/texlive/texmf-dist/tex/latex/base/textcomp.sty
Package: textcomp 2005/09/27 v1.99g Standard LaTeX package
Package textcomp Info: Sub-encoding information:
(textcomp)               5 = only ISO-Adobe without \textcurrency
(textcomp)               4 = 5 + \texteuro
(textcomp)               3 = 4 + \textohm
(textcomp)               2 = 3 + \textestimated + \textcurrency
(textcomp)               1 = TS1 - \textcircled - \t
(textcomp)               0 = TS1 (full)
(textcomp)             Font families with sub-encoding setting implement
(textcomp)             only a restricted character set as indicated.
(textcomp)             Family '?' is the default used for unknown fonts.
(textcomp)             See the documentation for details.
Package textcomp Info: Setting ? sub-encoding to TS1/1 on input line 79.
(/usr/share/texlive/texmf-dist/tex/latex/base/ts1enc.def
File: ts1enc.def 2001/06/05 v3.0e (jk/car/fm) Standard LaTeX file
)
LaTeX Info: Redefining \oldstylenums on input line 334.
Package textcomp Info: Setting cmr sub-encoding to TS1/0 on input line 349.
Package textcomp Info: Setting cmss sub-encoding to TS1/0 on input line 350.
Package textcomp Info: Setting cmtt sub-encoding to TS1/0 on input line 351.
Package textcomp Info: Setting cmvtt sub-encoding to TS1/0 on input line 352.
Package textcomp Info: Setting cmbr sub-encoding to TS1/0 on input line 353.
Package textcomp Info: Setting cmtl sub-encoding to TS1/0 on input line 354.
Package textcomp Info: Setting ccr sub-encoding to TS1/0 on input line 355.
Package textcomp Info: Setting ptm sub-encoding to TS1/4 on input line 356.
Package textcomp Info: Setting pcr sub-encoding to TS1/4 on input line 357.
Package textcomp Info: Setting phv sub-encoding to TS1/4 on input line 358.
Package textcomp Info: Setting ppl sub-encoding to TS1/3 on input line 359.
Package textcomp Info: Setting pag sub-encoding to TS1/4 on input line 360.
Package textcomp Info: Setting pbk sub-encoding to TS1/4 on input line 361.
Package textcomp Info: Setting pnc sub-encoding to TS1/4 on input line 362.
Package textcomp Info: Setting pzc sub-encoding to TS1/4 on input line 363.
Package textcomp Info: Setting bch sub-encoding to TS1/4 on input line 364.
Package textcomp Info: Setting put sub-encoding to TS1/5 on input line 365.
Package textcomp Info: Setting uag sub-encoding to TS1/5 on input line 366.
Package textcomp Info: Setting ugq sub-encoding to TS1/5 on input line 367.
Package textcomp Info: Setting ul8 sub-encoding to TS1/4 on input line 368.
Package textcomp Info: Setting ul9 sub-encoding to TS1/4 on input line 369.
Package textcomp Info: Setting augie sub-encoding to TS1/5 on input line 370.
Package textcomp Info: Setting dayrom sub-encoding to TS1/3 on input line 371.
Package textcomp Info: Setting dayroms sub-encoding to TS1/3 on input line 372.

Package textcomp Info: Setting pxr sub-encoding to TS1/0 on input line 373.
Package textcomp Info: Setting pxss sub-encoding to TS1/0 on input line 374.
Package textcomp Info: Setting pxtt sub-encoding to TS1/0 on input line 375.
Package textcomp Info: Setting txr sub-encoding to TS1/0 on input line 376.
Package textcomp Info: Setting txss sub-encoding to TS1/0 on input line 377.
Package textcomp Info: Setting txtt sub-encoding to TS1/0 on input line 378.
Package textcomp Info: Setting lmr sub-encoding to TS1/0 on input line 379.
Package textcomp Info: Setting lmdh sub-encoding to TS1/0 on input line 380.
Package textcomp Info: Setting lmss sub-encoding to TS1/0 on input line 381.
Package textcomp Info: Setting lmssq sub-encoding to TS1/0 on input line 382.
Package textcomp Info: Setting lmvtt sub-encoding to TS1/0 on input line 383.
Package textcomp Info: Setting lmtt sub-encoding to TS1/0 on input line 384.
Package textcomp Info: Setting qhv sub-encoding to TS1/0 on input line 385.
Package textcomp Info: Setting qag sub-encoding to TS1/0 on input line 386.
Package textcomp Info: Setting qbk sub-encoding to TS1/0 on input line 387.
Package textcomp Info: Setting qcr sub-encoding to TS1/0 on input line 388.
Package textcomp Info: Setting qcs sub-encoding to TS1/0 on input line 389.
Package textcomp Info: Setting qpl sub-encoding to TS1/0 on input line 390.
Package textcomp Info: Setting qtm sub-encoding to TS1/0 on input line 391.
Package textcomp Info: Setting qzc sub-encoding to TS1/0 on input line 392.
Package textcomp Info: Setting qhvc sub-encoding to TS1/0 on input line 393.
Package textcomp Info: Setting futs sub-encoding to TS1/4 on input line 394.
Package textcomp Info: Setting futx sub-encoding to TS1/4 on input line 395.
Package textcomp Info: Setting futj sub-encoding to TS1/4 on input line 396.
Package textcomp Info: Setting hlh sub-encoding to TS1/3 on input line 397.
Package textcomp Info: Setting hls sub-encoding to TS1/3 on input line 398.
Package textcomp Info: Setting hlst sub-encoding to TS1/3 on input line 399.
Package textcomp Info: Setting hlct sub-encoding to TS1/5 on input line 400.
Package textcomp Info: Setting hlx sub-encoding to TS1/5 on input line 401.
Package textcomp Info: Setting hlce sub-encoding to TS1/5 on input line 402.
Package textcomp Info: Setting hlcn sub-encoding to TS1/5 on input line 403.
Package textcomp Info: Setting hlcw sub-encoding to TS1/5 on input line 404.
Package textcomp Info: Setting hlcf sub-encoding to TS1/5 on input line 405.
Package textcomp Info: Setting pplx sub-encoding to TS1/3 on input line 406.
Package textcomp Info: Setting pplj sub-encoding to TS1/3 on input line 407.
Package textcomp Info: Setting ptmx sub-encoding to TS1/4 on input line 408.
Package textcomp Info: Setting ptmj sub-encoding to TS1/4 on input line 409.
) (/usr/share/texlive/texmf-dist/tex/latex/fancybox/fancybox.sty
Package: fancybox 2010/05/15 1.4
Style option: `fancybox' v1.4 <2010/05/15> (tvz)
\@fancybox=\box30
\shadowsize=\dimen105
\@Sbox=\box31
\do@VerbBox=\toks16
\the@fancyput=\toks17
\this@fancyput=\toks18
\EndVerbatimTokens=\toks19
\Verbatim@Outfile=\write3
\Verbatim@Infile=\read1
) (/usr/share/texlive/texmf-dist/tex/latex/titlesec/titlesec.sty
Package: titlesec 2016/03/15 v2.10.1 Sectioning titles
\ttl@box=\box32
\beforetitleunit=\skip63
\aftertitleunit=\skip64
\ttl@plus=\dimen106
\ttl@minus=\dimen107
\ttl@toksa=\toks20
\titlewidth=\dimen108
\titlewidthlast=\dimen109
\titlewidthfirst=\dimen110
) (./tabulary.sty
Package: tabulary 2008/12/01 v0.9 tabulary package (DPC)
(/usr/share/texlive/texmf-dist/tex/latex/tools/array.sty
Package: array 2014/10/28 v2.4c Tabular extension package (FMi)
\col@sep=\dimen111
\extrarowheight=\dimen112
\NC@list=\toks21
\extratabsurround=\skip65
\backup@length=\skip66
)
\TY@count=\count96
\TY@linewidth=\dimen113
\tymin=\dimen114
\tymax=\dimen115
\TY@tablewidth=\dimen116
) (/usr/share/texlive/texmf-dist/tex/latex/amsmath/amsmath.sty
Package: amsmath 2016/03/03 v2.15a AMS math features
\@mathmargin=\skip67
For additional information on amsmath, use the `?' option.
(/usr/share/texlive/texmf-dist/tex/latex/amsmath/amstext.sty
Package: amstext 2000/06/29 v2.01 AMS text
(/usr/share/texlive/texmf-dist/tex/latex/amsmath/amsgen.sty
File: amsgen.sty 1999/11/30 v2.0 generic functions
\@emptytoks=\toks22
\ex@=\dimen117
)) (/usr/share/texlive/texmf-dist/tex/latex/amsmath/amsbsy.sty
Package: amsbsy 1999/11/29 v1.2d Bold Symbols
\pmbraise@=\dimen118
) (/usr/share/texlive/texmf-dist/tex/latex/amsmath/amsopn.sty
Package: amsopn 1999/12/14 v2.01 operator names
)
\inf@bad=\count97
LaTeX Info: Redefining \frac on input line 199.
\uproot@=\count98
\leftroot@=\count99
LaTeX Info: Redefining \overline on input line 297.
\classnum@=\count100
\DOTSCASE@=\count101
LaTeX Info: Redefining \ldots on input line 394.
LaTeX Info: Redefining \dots on input line 397.
LaTeX Info: Redefining \cdots on input line 518.
\Mathstrutbox@=\box33
\strutbox@=\box34
\big@size=\dimen119
LaTeX Font Info:    Redeclaring font encoding OML on input line 630.
LaTeX Font Info:    Redeclaring font encoding OMS on input line 631.
\macc@depth=\count102
\c@MaxMatrixCols=\count103
\dotsspace@=\muskip10
\c@parentequation=\count104
\dspbrk@lvl=\count105
\tag@help=\toks23
\row@=\count106
\column@=\count107
\maxfields@=\count108
\andhelp@=\toks24
\eqnshift@=\dimen120
\alignsep@=\dimen121
\tagshift@=\dimen122
\tagwidth@=\dimen123
\totwidth@=\dimen124
\lineht@=\dimen125
\@envbody=\toks25
\multlinegap=\skip68
\multlinetaggap=\skip69
\mathdisplay@stack=\toks26
LaTeX Info: Redefining \[ on input line 2735.
LaTeX Info: Redefining \] on input line 2736.
) (/usr/share/texlive/texmf-dist/tex/latex/base/makeidx.sty
Package: makeidx 2014/09/29 v1.0m Standard LaTeX package
) (/usr/share/texlive/texmf-dist/tex/latex/framed/framed.sty
Package: framed 2011/10/22 v 0.96: framed or shaded text with page breaks
\OuterFrameSep=\skip70
\fb@frw=\dimen126
\fb@frh=\dimen127
\FrameRule=\dimen128
\FrameSep=\dimen129
) (/usr/share/texlive/texmf-dist/tex/latex/base/ifthen.sty
Package: ifthen 2014/09/29 v1.1c Standard LaTeX ifthen package (DPC)
) (/usr/share/texlive/texmf-dist/tex/latex/graphics/color.sty
Package: color 2016/01/03 v1.1b Standard LaTeX Color (DPC)
(/usr/share/texlive/texmf-dist/tex/latex/latexconfig/color.cfg
File: color.cfg 2007/01/18 v1.5 color configuration of teTeX/TeXLive
)
Package color Info: Driver file: xetex.def on input line 143.
(/usr/share/texlive/texmf-dist/tex/xelatex/xetex-def/xetex.def
File: xetex.def 2015/09/11 v4.06 LaTeX color/graphics driver for XeTeX (TeX Liv
e/RRM/JK)
(/usr/share/texlive/texmf-dist/tex/generic/oberdiek/infwarerr.sty
Package: infwarerr 2010/04/08 v1.3 Providing info/warning/error messages (HO)
) (/usr/share/texlive/texmf-dist/tex/generic/oberdiek/ltxcmds.sty
Package: ltxcmds 2011/11/09 v1.22 LaTeX kernel commands for general use (HO)
))) (/usr/share/texlive/texmf-dist/tex/latex/fancyvrb/fancyvrb.sty
Package: fancyvrb 2008/02/07

Style option: `fancyvrb' v2.7a, with DG/SPQR fixes, and firstline=lastline fix 
<2008/02/07> (tvz) (/usr/share/texlive/texmf-dist/tex/latex/graphics/keyval.sty
Package: keyval 2014/10/28 v1.15 key=value parser (DPC)
\KV@toks@=\toks27
)
\FV@CodeLineNo=\count109
\FV@InFile=\read2
\FV@TabBox=\box35
\c@FancyVerbLine=\count110
\FV@StepNumber=\count111
\FV@OutFile=\write4
) (/usr/share/texlive/texmf-dist/tex/latex/threeparttable/threeparttable.sty
Package: threeparttable 2003/06/13  v 3.0
\@tempboxb=\box36
) (/usr/share/texlive/texmf-dist/tex/latex/mdwtools/footnote.sty
Package: footnote 1997/01/28 1.13 Save footnotes around boxes
\fn@notes=\box37
\fn@width=\dimen130
) (/usr/share/texlive/texmf-dist/tex/latex/wrapfig/wrapfig.sty
\wrapoverhang=\dimen131
\WF@size=\dimen132
\c@WF@wrappedlines=\count112
\WF@box=\box38
\WF@everypar=\toks28
Package: wrapfig 2003/01/31  v 3.6
) (/usr/share/texlive/texmf-dist/tex/latex/parskip/parskip.sty
Package: parskip 2001/04/09 non-zero parskip adjustments
) (/usr/share/texlive/texmf-dist/tex/latex/base/alltt.sty
Package: alltt 1997/06/16 v2.0g defines alltt environment
) (/usr/share/texlive/texmf-dist/tex/latex/upquote/upquote.sty
Package: upquote 2012/04/19 v1.3 upright-quote and grave-accent glyphs in verba
tim
) (/usr/share/texlive/texmf-dist/tex/latex/graphics/graphicx.sty
Package: graphicx 2014/10/28 v1.0g Enhanced LaTeX Graphics (DPC,SPQR)
(/usr/share/texlive/texmf-dist/tex/latex/graphics/graphics.sty
Package: graphics 2016/01/03 v1.0q Standard LaTeX Graphics (DPC,SPQR)
(/usr/share/texlive/texmf-dist/tex/latex/graphics/trig.sty
Package: trig 2016/01/03 v1.10 sin cos tan (DPC)
) (/usr/share/texlive/texmf-dist/tex/latex/latexconfig/graphics.cfg
File: graphics.cfg 2010/04/23 v1.9 graphics configuration of TeX Live
)
Package graphics Info: Driver file: xetex.def on input line 95.
)
\Gin@req@height=\dimen133
\Gin@req@width=\dimen134
)
\distancetoright=\skip71
\py@argswidth=\skip72
\py@noticelength=\skip73
\lineblockindentation=\skip74
\image@box=\box39
\image@width=\dimen135
(/usr/share/texlive/texmf-dist/tex/latex/hyperref/hyperref.sty
Package: hyperref 2012/11/06 v6.83m Hypertext links for LaTeX
(/usr/share/texlive/texmf-dist/tex/generic/oberdiek/hobsub-hyperref.sty
Package: hobsub-hyperref 2012/05/28 v1.13 Bundle oberdiek, subset hyperref (HO)

(/usr/share/texlive/texmf-dist/tex/generic/oberdiek/hobsub-generic.sty
Package: hobsub-generic 2012/05/28 v1.13 Bundle oberdiek, subset generic (HO)
Package: hobsub 2012/05/28 v1.13 Construct package bundles (HO)
Package hobsub Info: Skipping package `infwarerr' (already loaded).
Package hobsub Info: Skipping package `ltxcmds' (already loaded).
Package: ifluatex 2010/03/01 v1.3 Provides the ifluatex switch (HO)
Package ifluatex Info: LuaTeX not detected.
Package: ifvtex 2010/03/01 v1.5 Detect VTeX and its facilities (HO)
Package ifvtex Info: VTeX not detected.
Package: intcalc 2007/09/27 v1.1 Expandable calculations with integers (HO)
Package: ifpdf 2011/01/30 v2.3 Provides the ifpdf switch (HO)
Package ifpdf Info: pdfTeX in PDF mode is not detected.
Package: etexcmds 2011/02/16 v1.5 Avoid name clashes with e-TeX commands (HO)
Package etexcmds Info: Could not find \expanded.
(etexcmds)             That can mean that you are not using pdfTeX 1.50 or
(etexcmds)             that some package has redefined \expanded.
(etexcmds)             In the latter case, load this package earlier.
Package: kvsetkeys 2012/04/25 v1.16 Key value parser (HO)
Package: kvdefinekeys 2011/04/07 v1.3 Define keys (HO)
Package: pdftexcmds 2011/11/29 v0.20 Utility functions of pdfTeX for LuaTeX (HO
)
Package pdftexcmds Info: LuaTeX not detected.
Package pdftexcmds Info: pdfTeX >= 1.30 not detected.
Package pdftexcmds Info: \pdf@primitive is available.
Package pdftexcmds Info: \pdf@ifprimitive is available.
Package pdftexcmds Info: \pdfdraftmode not found.
Package: pdfescape 2011/11/25 v1.13 Implements pdfTeX's escape features (HO)
Package: bigintcalc 2012/04/08 v1.3 Expandable calculations on big integers (HO
)
Package: bitset 2011/01/30 v1.1 Handle bit-vector datatype (HO)
Package: uniquecounter 2011/01/30 v1.2 Provide unlimited unique counter (HO)
)
Package hobsub Info: Skipping package `hobsub' (already loaded).
Package: letltxmacro 2010/09/02 v1.4 Let assignment for LaTeX macros (HO)
Package: hopatch 2012/05/28 v1.2 Wrapper for package hooks (HO)
Package: xcolor-patch 2011/01/30 xcolor patch
Package: atveryend 2011/06/30 v1.8 Hooks at the very end of document (HO)
Package atveryend Info: \enddocument detected (standard20110627).
Package: atbegshi 2011/10/05 v1.16 At begin shipout hook (HO)
Package: refcount 2011/10/16 v3.4 Data extraction from label references (HO)
Package: hycolor 2011/01/30 v1.7 Color options for hyperref/bookmark (HO)
) (/usr/share/texlive/texmf-dist/tex/generic/ifxetex/ifxetex.sty
Package: ifxetex 2010/09/12 v0.6 Provides ifxetex conditional
) (/usr/share/texlive/texmf-dist/tex/latex/oberdiek/auxhook.sty
Package: auxhook 2011/03/04 v1.3 Hooks for auxiliary files (HO)
) (/usr/share/texlive/texmf-dist/tex/latex/oberdiek/kvoptions.sty
Package: kvoptions 2011/06/30 v3.11 Key value format for package options (HO)
)
\@linkdim=\dimen136
\Hy@linkcounter=\count113
\Hy@pagecounter=\count114
(/usr/share/texlive/texmf-dist/tex/latex/hyperref/pd1enc.def
File: pd1enc.def 2012/11/06 v6.83m Hyperref: PDFDocEncoding definition (HO)
)
\Hy@SavedSpaceFactor=\count115
(/usr/share/texlive/texmf-dist/tex/latex/latexconfig/hyperref.cfg
File: hyperref.cfg 2002/06/06 v1.2 hyperref configuration of TeXLive
)
Package hyperref Info: Option `colorlinks' set `true' on input line 4319.
Package hyperref Info: Option `breaklinks' set `true' on input line 4319.
Package hyperref Info: Hyper figures OFF on input line 4443.
Package hyperref Info: Link nesting OFF on input line 4448.
Package hyperref Info: Hyper index ON on input line 4451.
Package hyperref Info: Plain pages OFF on input line 4458.
Package hyperref Info: Backreferencing OFF on input line 4463.
Package hyperref Info: Implicit mode ON; LaTeX internals redefined.
Package hyperref Info: Bookmarks ON on input line 4688.
\c@Hy@tempcnt=\count116
(/usr/share/texlive/texmf-dist/tex/latex/url/url.sty
\Urlmuskip=\muskip11
Package: url 2013/09/16  ver 3.4  Verb mode for urls, etc.
)
LaTeX Info: Redefining \url on input line 5041.
\XeTeXLinkMargin=\dimen137
\Fld@menulength=\count117
\Field@Width=\dimen138
\Fld@charsize=\dimen139
Package hyperref Info: Hyper figures OFF on input line 6295.
Package hyperref Info: Link nesting OFF on input line 6300.
Package hyperref Info: Hyper index ON on input line 6303.
Package hyperref Info: backreferencing OFF on input line 6310.
Package hyperref Info: Link coloring ON on input line 6313.
Package hyperref Info: Link coloring with OCG OFF on input line 6320.
Package hyperref Info: PDF/A mode OFF on input line 6325.
LaTeX Info: Redefining \ref on input line 6365.
LaTeX Info: Redefining \pageref on input line 6369.
\Hy@abspage=\count118
\c@Item=\count119
\c@Hfootnote=\count120
)

Package hyperref Message: Driver (autodetected): hxetex.

(/usr/share/texlive/texmf-dist/tex/latex/hyperref/hxetex.def
File: hxetex.def 2012/11/06 v6.83m Hyperref driver for XeTeX
(/usr/share/texlive/texmf-dist/tex/latex/hyperref/puenc.def
File: puenc.def 2012/11/06 v6.83m Hyperref: PDF Unicode definition (HO)
) (/usr/share/texlive/texmf-dist/tex/generic/oberdiek/stringenc.sty
Package: stringenc 2011/12/02 v1.10 Convert strings between diff. encodings (HO
)
)
\pdfm@box=\box40
\c@Hy@AnnotLevel=\count121
\HyField@AnnotCount=\count122
\Fld@listcount=\count123
\c@bookmark@seq@number=\count124
(/usr/share/texlive/texmf-dist/tex/latex/oberdiek/rerunfilecheck.sty
Package: rerunfilecheck 2011/04/15 v1.7 Rerun checks for auxiliary files (HO)
Package rerunfilecheck Info: Feature \pdfmdfivesum is not available
(rerunfilecheck)             (e.g. pdfTeX or LuaTeX with package `pdftexcmds').

(rerunfilecheck)             Therefore file contents cannot be checked efficien
tly
(rerunfilecheck)             and the loading of the package is aborted.
)
\Hy@SectionHShift=\skip75
) (/usr/share/texlive/texmf-dist/tex/latex/oberdiek/hypcap.sty
Package: hypcap 2011/02/16 v1.11 Adjusting the anchors of captions (HO)
)
\DUlineblockindent=\skip76
(/usr/share/texlive/texmf-dist/tex/latex/caption/newfloat.sty
Package: newfloat 2015/09/17 v1.1-109 Defining new floating environments (AR)
)
Package newfloat Info: New float `literal-block' with options `' on input line 
527.
\c@literal-block=\count125
\newfloat@ftype=\count126
Package newfloat Info: float type `literal-block'=8 on input line 527.
(/usr/share/texlive/texmf-dist/tex/latex/capt-of/capt-of.sty
Package: capt-of 2009/12/29 v0.2 standard captions outside of floats
) (/usr/share/texlive/texmf-dist/tex/latex/needspace/needspace.sty
Package: needspace 2010/09/12 v1.3d reserve vertical space
)) (/usr/share/texlive/texmf-dist/tex/latex/multirow/multirow.sty
\bigstrutjot=\dimen140
) (/usr/share/texlive/texmf-dist/tex/latex/eqparbox/eqparbox.sty
Package: eqparbox 2013/03/15 v4.0 Create equal-widthed boxes
\eqp@tempdima=\skip77
\eqp@tempdimb=\skip78
\eqp@tabular@box=\box41
\eqp@list@box=\box42
\eqp@list@indent=\skip79
(/usr/share/texlive/texmf-dist/tex/latex/environ/environ.sty
Package: environ 2014/05/04 v0.3 A new way to define environments
(/usr/share/texlive/texmf-dist/tex/latex/trimspaces/trimspaces.sty
Package: trimspaces 2009/09/17 v1.1 Trim spaces around a token list
))) (/usr/share/texlive/texmf-dist/tex/latex/fontspec/fontspec.sty (/usr/share/
texlive/texmf-dist/tex/latex/l3kernel/expl3.sty
Package: expl3 2016/01/19 v6377 L3 programming layer (loader) 
(/usr/share/texlive/texmf-dist/tex/latex/l3kernel/expl3-code.tex
Package: expl3 2016/01/19 v6377 L3 programming layer (code)
L3 Module: l3bootstrap 2016/01/01 v6339 L3 Bootstrap code
L3 Module: l3names 2015/12/21 v6328 L3 Namespace for primitives
L3 Module: l3basics 2015/11/22 v6315 L3 Basic definitions
L3 Module: l3expan 2015/09/10 v5983 L3 Argument expansion
L3 Module: l3tl 2015/09/29 v6121 L3 Token lists
L3 Module: l3str 2016/01/03 v6357 L3 Strings
L3 Module: l3seq 2015/08/05 v5777 L3 Sequences and stacks
L3 Module: l3int 2016/01/05 v6366 L3 Integers
\c_max_int=\count127
\l_tmpa_int=\count128
\l_tmpb_int=\count129
\g_tmpa_int=\count130
\g_tmpb_int=\count131
L3 Module: l3quark 2015/08/17 v5855 L3 Quarks
L3 Module: l3prg 2015/11/01 v6216 L3 Control structures
\g__prg_map_int=\count132
L3 Module: l3clist 2015/09/02 v5901 L3 Comma separated lists
L3 Module: l3token 2015/11/11 v6249 L3 Experimental token manipulation
L3 Module: l3prop 2016/01/05 v6366 L3 Property lists
L3 Module: l3msg 2015/09/28 v6113 L3 Messages
L3 Module: l3file 2015/12/03 v6317 L3 File and I/O operations
\l_iow_line_count_int=\count133
\l__iow_target_count_int=\count134
\l__iow_current_line_int=\count135
\l__iow_current_word_int=\count136
\l__iow_current_indentation_int=\count137
L3 Module: l3skip 2016/01/05 v6366 L3 Dimensions and skips
\c_zero_dim=\dimen141
\c_max_dim=\dimen142
\l_tmpa_dim=\dimen143
\l_tmpb_dim=\dimen144
\g_tmpa_dim=\dimen145
\g_tmpb_dim=\dimen146
\c_zero_skip=\skip80
\c_max_skip=\skip81
\l_tmpa_skip=\skip82
\l_tmpb_skip=\skip83
\g_tmpa_skip=\skip84
\g_tmpb_skip=\skip85
\c_zero_muskip=\muskip12
\c_max_muskip=\muskip13
\l_tmpa_muskip=\muskip14
\l_tmpb_muskip=\muskip15
\g_tmpa_muskip=\muskip16
\g_tmpb_muskip=\muskip17
L3 Module: l3keys 2015/11/17 v6284 L3 Key-value interfaces
\g__keyval_level_int=\count138
\l_keys_choice_int=\count139
L3 Module: l3fp 2015/08/25 v5890 L3 Floating points
\c__fp_leading_shift_int=\count140
\c__fp_middle_shift_int=\count141
\c__fp_trailing_shift_int=\count142
\c__fp_big_leading_shift_int=\count143
\c__fp_big_middle_shift_int=\count144
\c__fp_big_trailing_shift_int=\count145
\c__fp_Bigg_leading_shift_int=\count146
\c__fp_Bigg_middle_shift_int=\count147
\c__fp_Bigg_trailing_shift_int=\count148
L3 Module: l3box 2015/08/09 v5822 L3 Experimental boxes
\c_empty_box=\box43
\l_tmpa_box=\box44
\l_tmpb_box=\box45
\g_tmpa_box=\box46
\g_tmpb_box=\box47
L3 Module: l3coffins 2015/08/06 v5789 L3 Coffin code layer
\l__coffin_internal_box=\box48
\l__coffin_internal_dim=\dimen147
\l__coffin_offset_x_dim=\dimen148
\l__coffin_offset_y_dim=\dimen149
\l__coffin_x_dim=\dimen150
\l__coffin_y_dim=\dimen151
\l__coffin_x_prime_dim=\dimen152
\l__coffin_y_prime_dim=\dimen153
\c_empty_coffin=\box49
\l__coffin_aligned_coffin=\box50
\l__coffin_aligned_internal_coffin=\box51
\l_tmpa_coffin=\box52
\l_tmpb_coffin=\box53
\l__coffin_display_coffin=\box54
\l__coffin_display_coord_coffin=\box55
\l__coffin_display_pole_coffin=\box56
\l__coffin_display_offset_dim=\dimen154
\l__coffin_display_x_dim=\dimen155
\l__coffin_display_y_dim=\dimen156
L3 Module: l3color 2014/08/23 v5354 L3 Experimental color support
L3 Module: l3sys 2015/09/25 v6087 L3 Experimental system/runtime functions
L3 Module: l3candidates 2016/01/14 v6376 L3 Experimental additions to l3kernel
\l__box_top_dim=\dimen157
\l__box_bottom_dim=\dimen158
\l__box_left_dim=\dimen159
\l__box_right_dim=\dimen160
\l__box_top_new_dim=\dimen161
\l__box_bottom_new_dim=\dimen162
\l__box_left_new_dim=\dimen163
\l__box_right_new_dim=\dimen164
\l__box_internal_box=\box57
\l__coffin_bounding_shift_dim=\dimen165
\l__coffin_left_corner_dim=\dimen166
\l__coffin_right_corner_dim=\dimen167
\l__coffin_bottom_corner_dim=\dimen168
\l__coffin_top_corner_dim=\dimen169
\l__coffin_scaled_total_height_dim=\dimen170
\l__coffin_scaled_width_dim=\dimen171
L3 Module: l3luatex 2015/11/11 v6250 L3 Experimental LuaTeX-specific functions
) (/usr/share/texlive/texmf-dist/tex/latex/l3kernel/l3xdvipdfmx.def
File: l3xdvidpfmx.def 2015/11/11 v6250 L3 Experimental driver: xdvipdfmx
)) (/usr/share/texlive/texmf-dist/tex/latex/l3packages/xparse/xparse.sty
Package: xparse 2016/01/19 v6377 L3 Experimental document command parser
\l__xparse_current_arg_int=\count149
\l__xparse_m_args_int=\count150
\l__xparse_mandatory_args_int=\count151
\l__xparse_processor_int=\count152
\l__xparse_v_nesting_int=\count153
)
Package: fontspec 2016/02/01 v2.5a Font selection for XeLaTeX and LuaLaTeX
(/usr/share/texlive/texmf-dist/tex/latex/fontspec/fontspec-xetex.sty
Package: fontspec-xetex 2016/02/01 v2.5a Font selection for XeLaTeX and LuaLaTe
X
\l_fontspec_script_int=\count154
\l_fontspec_language_int=\count155
\l_fontspec_strnum_int=\count156
\l__fontspec_tmpa_dim=\dimen172
\l__fontspec_tmpb_dim=\dimen173
\l__fontspec_tmpc_dim=\dimen174
\g__file_internal_ior=\read3
(/usr/share/texlive/texmf-dist/tex/latex/base/fontenc.sty
Package: fontenc 2005/09/27 v1.99g Standard LaTeX package
(/usr/share/texlive/texmf-dist/tex/latex/euenc/eu1enc.def
File: eu1enc.def 2010/05/27 v0.1h Experimental Unicode font encodings
)
LaTeX Font Info:    Try loading font information for EU1+lmr on input line 105.

(/usr/share/texlive/texmf-dist/tex/latex/euenc/eu1lmr.fd
File: eu1lmr.fd 2009/10/30 v1.6 Font defs for Latin Modern
)) (/usr/share/texlive/texmf-dist/tex/xelatex/xunicode/xunicode.sty
File: xunicode.sty 2011/09/09 v0.981 provides access to latin accents and many 
other characters in Unicode lower plane
(/usr/share/texmf/tex/latex/tipa/t3enc.def
File: t3enc.def 2001/12/31 T3 encoding
LaTeX Font Info:    Try loading font information for EU1+lmss on input line 357
.
(/usr/share/texlive/texmf-dist/tex/latex/euenc/eu1lmss.fd
File: eu1lmss.fd 2009/10/30 v1.6 Font defs for Latin Modern
))
\tipaTiiicode=\count157
\tipasavetokens=\toks29
\tipachecktokens=\toks30
)
.................................................
. LaTeX info: "xparse/define-command"
. 
. Defining command \__fontspec_post_arg:w with sig. 'mmO{}' on line 353.
.................................................
.................................................
. LaTeX info: "xparse/define-command"
. 
. Defining command \fontspec with sig. 'om' on line 355.
.................................................
.................................................
. LaTeX info: "xparse/define-command"
. 
. Defining command \setmainfont with sig. 'om' on line 365.
.................................................
.................................................
. LaTeX info: "xparse/define-command"
. 
. Defining command \setsansfont with sig. 'om' on line 375.
.................................................
.................................................
. LaTeX info: "xparse/define-command"
. 
. Defining command \setmonofont with sig. 'om' on line 385.
.................................................
.................................................
. LaTeX info: "xparse/define-command"
. 
. Defining command \setmathrm with sig. 'om' on line 399.
.................................................
.................................................
. LaTeX info: "xparse/define-command"
. 
. Defining command \setboldmathrm with sig. 'om' on line 407.
.................................................
.................................................
. LaTeX info: "xparse/define-command"
. 
. Defining command \setmathsf with sig. 'om' on line 415.
.................................................
.................................................
. LaTeX info: "xparse/define-command"
. 
. Defining command \setmathtt with sig. 'om' on line 423.
.................................................
.................................................
. LaTeX info: "xparse/define-command"
. 
. Defining command \newfontfamily with sig. 'mom' on line 437.
.................................................
.................................................
. LaTeX info: "xparse/define-command"
. 
. Defining command \newfontface with sig. 'mom' on line 453.
.................................................
.................................................
. LaTeX info: "xparse/define-command"
. 
. Defining command \defaultfontfeatures with sig. 't+om' on line 467.
.................................................
.................................................
. LaTeX info: "xparse/define-command"
. 
. Defining command \addfontfeatures with sig. 'm' on line 529.
.................................................
.................................................
. LaTeX info: "xparse/define-command"
. 
. Defining command \newfontfeature with sig. 'mm' on line 540.
.................................................
.................................................
. LaTeX info: "xparse/define-command"
. 
. Defining command \newAATfeature with sig. 'mmmm' on line 548.
.................................................
.................................................
. LaTeX info: "xparse/define-command"
. 
. Defining command \newopentypefeature with sig. 'mmm' on line 556.
.................................................
.................................................
. LaTeX info: "xparse/define-command"
. 
. Defining command \aliasfontfeature with sig. 'mm' on line 577.
.................................................
.................................................
. LaTeX info: "xparse/define-command"
. 
. Defining command \aliasfontfeatureoption with sig. 'mmm' on line 586.
.................................................
.................................................
. LaTeX info: "xparse/define-command"
. 
. Defining command \newfontscript with sig. 'mm' on line 590.
.................................................
.................................................
. LaTeX info: "xparse/define-command"
. 
. Defining command \newfontlanguage with sig. 'mm' on line 594.
.................................................
.................................................
. LaTeX info: "xparse/define-command"
. 
. Defining command \DeclareFontsExtensions with sig. 'm' on line 599.
.................................................
\l__fontspec_tmp_int=\count158
(/usr/share/texlive/texmf-dist/tex/latex/fontspec/fontspec.cfg)
LaTeX Info: Redefining \itshape on input line 2705.
LaTeX Info: Redefining \slshape on input line 2710.
LaTeX Info: Redefining \scshape on input line 2715.
LaTeX Info: Redefining \upshape on input line 2720.
\l__fontspec_em_int=\count159
\l__fontspec_emdef_int=\count160
LaTeX Info: Redefining \em on input line 2736.
LaTeX Info: Redefining \emph on input line 2742.
LaTeX Info: Redefining \- on input line 2746.
.................................................
. LaTeX info: "xparse/redefine-command"
. 
. Redefining command \oldstylenums with sig. 'm' on line 2841.
.................................................
.................................................
. LaTeX info: "xparse/define-command"
. 
. Defining command \liningnums with sig. 'm' on line 2845.
.................................................
))
\g__fontspec_family_DejaVuSerif_int=\count161
.................................................
. fontspec info: "defining-font"
. 
. Font family 'DejaVuSerif(0)' created for font 'DejaVu Serif' with options
. [Ligatures=TeX].
. 
. This font family consists of the following NFSS series/shapes:
. - 'normal' (m/n) with NFSS spec.: <->"DejaVu
. Serif/OT:script=latn;language=DFLT;mapping=tex-text;"
. - 'small caps'  (m/sc) with NFSS spec.: - 'bold' (bx/n) with NFSS spec.:
. <->"DejaVu Serif/B/OT:script=latn;language=DFLT;mapping=tex-text;"
. - 'bold small caps'  (bx/sc) with NFSS spec.: - 'italic' (m/it) with NFSS
. spec.: <->"DejaVu Serif/I/OT:script=latn;language=DFLT;mapping=tex-text;"
. - 'italic small caps'  (m/itsc) with NFSS spec.: - 'bold italic' (bx/it)
. with NFSS spec.: <->"DejaVu
. Serif/BI/OT:script=latn;language=DFLT;mapping=tex-text;"
. - 'bold italic small caps'  (bx/itsc) with NFSS spec.: 
.................................................
\g__fontspec_family_DejaVuSans_int=\count162
.................................................
. fontspec info: "defining-font"
. 
. Font family 'DejaVuSans(0)' created for font 'DejaVu Sans' with options
. [Ligatures=TeX].
. 
. This font family consists of the following NFSS series/shapes:
. - 'normal' (m/n) with NFSS spec.: <->"DejaVu
. Sans/OT:script=latn;language=DFLT;mapping=tex-text;"
. - 'small caps'  (m/sc) with NFSS spec.: - 'bold' (bx/n) with NFSS spec.:
. <->"DejaVu Sans/B/OT:script=latn;language=DFLT;mapping=tex-text;"
. - 'bold small caps'  (bx/sc) with NFSS spec.: - 'italic' (m/it) with NFSS
. spec.: <->"DejaVu Sans/I/OT:script=latn;language=DFLT;mapping=tex-text;"
. - 'italic small caps'  (m/itsc) with NFSS spec.: - 'bold italic' (bx/it)
. with NFSS spec.: <->"DejaVu
. Sans/BI/OT:script=latn;language=DFLT;mapping=tex-text;"
. - 'bold italic small caps'  (bx/itsc) with NFSS spec.: 
.................................................
\g__fontspec_family_DejaVuSansMono_int=\count163
.................................................
. fontspec info: "defining-font"
. 
. Font family 'DejaVuSansMono(0)' created for font 'DejaVu Sans Mono' with
. options [WordSpace={1,0,0},PunctuationSpace=WordSpace].
. 
. This font family consists of the following NFSS series/shapes:
. - 'normal' (m/n) with NFSS spec.: <->"DejaVu Sans
. Mono/OT:script=latn;language=DFLT;"
. - 'small caps'  (m/sc) with NFSS spec.: 
. and font adjustment code:
. \fontdimen 2\font =1\fontdimen 2\font \fontdimen 3\font =0\fontdimen 3\font
. \fontdimen 4\font =0\fontdimen 4\font \fontdimen 7\font =0\fontdimen 2\font
. - 'bold' (bx/n) with NFSS spec.: <->"DejaVu Sans
. Mono/B/OT:script=latn;language=DFLT;"
. - 'bold small caps'  (bx/sc) with NFSS spec.: 
. and font adjustment code:
. \fontdimen 2\font =1\fontdimen 2\font \fontdimen 3\font =0\fontdimen 3\font
. \fontdimen 4\font =0\fontdimen 4\font \fontdimen 7\font =0\fontdimen 2\font
. - 'italic' (m/it) with NFSS spec.: <->"DejaVu Sans
. Mono/I/OT:script=latn;language=DFLT;"
. - 'italic small caps'  (m/itsc) with NFSS spec.: 
. and font adjustment code:
. \fontdimen 2\font =1\fontdimen 2\font \fontdimen 3\font =0\fontdimen 3\font
. \fontdimen 4\font =0\fontdimen 4\font \fontdimen 7\font =0\fontdimen 2\font
. - 'bold italic' (bx/it) with NFSS spec.: <->"DejaVu Sans
. Mono/BI/OT:script=latn;language=DFLT;"
. - 'bold italic small caps'  (bx/itsc) with NFSS spec.: 
. and font adjustment code:
. \fontdimen 2\font =1\fontdimen 2\font \fontdimen 3\font =0\fontdimen 3\font
. \fontdimen 4\font =0\fontdimen 4\font \fontdimen 7\font =0\fontdimen 2\font 
.................................................
(/usr/share/texlive/texmf-dist/tex/latex/geometry/geometry.sty
Package: geometry 2010/09/12 v5.6 Page Geometry
\Gm@cnth=\count164
\Gm@cntv=\count165
\c@Gm@tempcnt=\count166
\Gm@bindingoffset=\dimen175
\Gm@wd@mp=\dimen176
\Gm@odd@mp=\dimen177
\Gm@even@mp=\dimen178
\Gm@layoutwidth=\dimen179
\Gm@layoutheight=\dimen180
\Gm@layouthoffset=\dimen181
\Gm@layoutvoffset=\dimen182
\Gm@dimlist=\toks31
)
\mynoticelength=\skip86
\@indexfile=\write5
\openout5 = `sound.idx'.

Writing index file sound.idx

LaTeX Warning: Unused global option(s):
    [8pt].

(./sound.aux)
\openout1 = `sound.aux'.

LaTeX Font Info:    Checking defaults for OML/cmm/m/it on input line 190.
LaTeX Font Info:    ... okay on input line 190.
LaTeX Font Info:    Checking defaults for T1/cmr/m/n on input line 190.
LaTeX Font Info:    ... okay on input line 190.
LaTeX Font Info:    Checking defaults for OT1/cmr/m/n on input line 190.
LaTeX Font Info:    ... okay on input line 190.
LaTeX Font Info:    Checking defaults for OMS/cmsy/m/n on input line 190.
LaTeX Font Info:    ... okay on input line 190.
LaTeX Font Info:    Checking defaults for OMX/cmex/m/n on input line 190.
LaTeX Font Info:    ... okay on input line 190.
LaTeX Font Info:    Checking defaults for U/cmr/m/n on input line 190.
LaTeX Font Info:    ... okay on input line 190.
LaTeX Font Info:    Checking defaults for TS1/cmr/m/n on input line 190.
LaTeX Font Info:    Try loading font information for TS1+cmr on input line 190.

(/usr/share/texlive/texmf-dist/tex/latex/base/ts1cmr.fd
File: ts1cmr.fd 2014/09/29 v2.5h Standard LaTeX font definitions
)
LaTeX Font Info:    ... okay on input line 190.
LaTeX Font Info:    Checking defaults for PD1/pdf/m/n on input line 190.
LaTeX Font Info:    ... okay on input line 190.
LaTeX Font Info:    Checking defaults for PU/pdf/m/n on input line 190.
LaTeX Font Info:    ... okay on input line 190.
LaTeX Font Info:    Checking defaults for EU1/lmr/m/n on input line 190.
LaTeX Font Info:    ... okay on input line 190.
LaTeX Font Info:    Checking defaults for T3/cmr/m/n on input line 190.
LaTeX Font Info:    Try loading font information for T3+cmr on input line 190.
(/usr/share/texmf/tex/latex/tipa/t3cmr.fd
File: t3cmr.fd 2001/12/31 TIPA font definitions
)
LaTeX Font Info:    ... okay on input line 190.
\AtBeginShipoutBox=\box58
Package hyperref Info: Link coloring ON on input line 190.
(/usr/share/texlive/texmf-dist/tex/latex/hyperref/nameref.sty
Package: nameref 2012/10/27 v2.43 Cross-referencing by name of section
(/usr/share/texlive/texmf-dist/tex/generic/oberdiek/gettitlestring.sty
Package: gettitlestring 2010/12/03 v1.4 Cleanup title references (HO)
)
\c@section@level=\count167
)
LaTeX Info: Redefining \ref on input line 190.
LaTeX Info: Redefining \pageref on input line 190.
LaTeX Info: Redefining \nameref on input line 190.
(./sound.out) (./sound.out)
\@outlinefile=\write6
\openout6 = `sound.out'.

.................................................
. fontspec info: "setup-math"
. 
. Adjusting the maths setup (use [no-math] to avoid this).
.................................................
\symlegacymaths=\mathgroup6
LaTeX Font Info:    Overwriting symbol font `legacymaths' in version `bold'
(Font)                  OT1/cmr/m/n --> OT1/cmr/bx/n on input line 190.
LaTeX Font Info:    Redeclaring math accent \acute on input line 190.
LaTeX Font Info:    Redeclaring math accent \grave on input line 190.
LaTeX Font Info:    Redeclaring math accent \ddot on input line 190.
LaTeX Font Info:    Redeclaring math accent \tilde on input line 190.
LaTeX Font Info:    Redeclaring math accent \bar on input line 190.
LaTeX Font Info:    Redeclaring math accent \breve on input line 190.
LaTeX Font Info:    Redeclaring math accent \check on input line 190.
LaTeX Font Info:    Redeclaring math accent \hat on input line 190.
LaTeX Font Info:    Redeclaring math accent \dot on input line 190.
LaTeX Font Info:    Redeclaring math accent \mathring on input line 190.
LaTeX Font Info:    Redeclaring math symbol \Gamma on input line 190.
LaTeX Font Info:    Redeclaring math symbol \Delta on input line 190.
LaTeX Font Info:    Redeclaring math symbol \Theta on input line 190.
LaTeX Font Info:    Redeclaring math symbol \Lambda on input line 190.
LaTeX Font Info:    Redeclaring math symbol \Xi on input line 190.
LaTeX Font Info:    Redeclaring math symbol \Pi on input line 190.
LaTeX Font Info:    Redeclaring math symbol \Sigma on input line 190.
LaTeX Font Info:    Redeclaring math symbol \Upsilon on input line 190.
LaTeX Font Info:    Redeclaring math symbol \Phi on input line 190.
LaTeX Font Info:    Redeclaring math symbol \Psi on input line 190.
LaTeX Font Info:    Redeclaring math symbol \Omega on input line 190.
LaTeX Font Info:    Redeclaring math symbol \mathdollar on input line 190.
LaTeX Font Info:    Redeclaring symbol font `operators' on input line 190.
LaTeX Font Info:    Encoding `OT1' has changed to `EU1' for symbol font
(Font)              `operators' in the math version `normal' on input line 190.

LaTeX Font Info:    Overwriting symbol font `operators' in version `normal'
(Font)                  OT1/cmr/m/n --> EU1/DejaVuSans(0)/m/n on input line 190
.
LaTeX Font Info:    Encoding `OT1' has changed to `EU1' for symbol font
(Font)              `operators' in the math version `bold' on input line 190.
LaTeX Font Info:    Overwriting symbol font `operators' in version `bold'
(Font)                  OT1/cmr/bx/n --> EU1/DejaVuSans(0)/m/n on input line 19
0.
LaTeX Font Info:    Overwriting symbol font `operators' in version `normal'
(Font)                  EU1/DejaVuSans(0)/m/n --> EU1/DejaVuSans(0)/m/n on inpu
t line 190.
LaTeX Font Info:    Overwriting math alphabet `\mathit' in version `normal'
(Font)                  OT1/cmr/m/it --> EU1/DejaVuSans(0)/m/it on input line 1
90.
LaTeX Font Info:    Overwriting math alphabet `\mathbf' in version `normal'
(Font)                  OT1/cmr/bx/n --> EU1/DejaVuSans(0)/bx/n on input line 1
90.
LaTeX Font Info:    Overwriting math alphabet `\mathsf' in version `normal'
(Font)                  OT1/cmss/m/n --> EU1/DejaVuSerif(0)/m/n on input line 1
90.
LaTeX Font Info:    Overwriting math alphabet `\mathtt' in version `normal'
(Font)                  OT1/cmtt/m/n --> EU1/DejaVuSansMono(0)/m/n on input lin
e 190.
LaTeX Font Info:    Overwriting symbol font `operators' in version `bold'
(Font)                  EU1/DejaVuSans(0)/m/n --> EU1/DejaVuSans(0)/bx/n on inp
ut line 190.
LaTeX Font Info:    Overwriting math alphabet `\mathit' in version `bold'
(Font)                  OT1/cmr/bx/it --> EU1/DejaVuSans(0)/bx/it on input line
 190.
LaTeX Font Info:    Overwriting math alphabet `\mathsf' in version `bold'
(Font)                  OT1/cmss/bx/n --> EU1/DejaVuSerif(0)/bx/n on input line
 190.
LaTeX Font Info:    Overwriting math alphabet `\mathtt' in version `bold'
(Font)                  OT1/cmtt/m/n --> EU1/DejaVuSansMono(0)/bx/n on input li
ne 190.
*geometry* driver: auto-detecting
*geometry* detected driver: xetex
*geometry* verbose mode - [ preamble ] result:
* driver: xetex
* paper: a4paper
* layout: <same size as paper>
* layoutoffset:(h,v)=(0.0pt,0.0pt)
* modes: twoside 
* h-part:(L,W,R)=(36.135pt, 525.23788pt, 36.135pt)
* v-part:(T,H,B)=(72.26999pt, 700.50687pt, 72.26999pt)
* \paperwidth=597.50787pt
* \paperheight=845.04684pt
* \textwidth=525.23788pt
* \textheight=700.50687pt
* \oddsidemargin=-36.135pt
* \evensidemargin=-36.135pt
* \topmargin=-37.0pt
* \headheight=12.0pt
* \headsep=25.0pt
* \topskip=10.0pt
* \footskip=30.0pt
* \marginparwidth=36.135pt
* \marginparsep=11.0pt
* \columnsep=10.0pt
* \skip\footins=9.0pt plus 4.0pt minus 2.0pt
* \hoffset=0.0pt
* \voffset=0.0pt
* \mag=1000
* \@twocolumnfalse
* \@twosidetrue
* \@mparswitchtrue
* \@reversemarginfalse
* (1in=72.27pt=25.4mm, 1cm=28.453pt)

LaTeX Font Info:    Try loading font information for U+msa on input line 193.
(/usr/share/texlive/texmf-dist/tex/latex/amsfonts/umsa.fd
File: umsa.fd 2013/01/14 v3.01 AMS symbols A
)
LaTeX Font Info:    Try loading font information for U+msb on input line 193.
(/usr/share/texlive/texmf-dist/tex/latex/amsfonts/umsb.fd
File: umsb.fd 2013/01/14 v3.01 AMS symbols B
) (/usr/share/texlive/texmf-dist/tex/generic/oberdiek/se-ascii-print.def
File: se-ascii-print.def 2011/12/02 v1.10 stringenc: Printable ASCII characters

) [1

] [2

] (./sound.toc
Overfull \hbox (3.58688pt too wide) detected at line 172
 []\EU1/DejaVuSans(0)/m/n/10 147
 []


Overfull \hbox (3.58688pt too wide) detected at line 182
 []\EU1/DejaVuSans(0)/m/n/10 149
 []


Overfull \hbox (3.58688pt too wide) detected at line 188
 []\EU1/DejaVuSans(0)/m/n/10 151
 []


Overfull \hbox (3.58688pt too wide) detected at line 195
 []\EU1/DejaVuSans(0)/m/n/10 154
 []


Overfull \hbox (3.58688pt too wide) detected at line 196
 []\EU1/DejaVuSans(0)/m/n/10 157
 []


Overfull \hbox (3.58688pt too wide) detected at line 200
 []\EU1/DejaVuSans(0)/m/n/10 158
 []


Overfull \hbox (3.58688pt too wide) detected at line 205
 []\EU1/DejaVuSans(0)/m/n/10 160
 []


Overfull \hbox (3.58688pt too wide) detected at line 215
 []\EU1/DejaVuSans(0)/m/n/10 163
 []


Overfull \hbox (3.58688pt too wide) detected at line 216
 []\EU1/DejaVuSans(0)/m/n/10 163
 []


Overfull \hbox (3.58688pt too wide) detected at line 224
 []\EU1/DejaVuSans(0)/m/n/10 167
 []


Overfull \hbox (3.58688pt too wide) detected at line 243
 []\EU1/DejaVuSans(0)/m/n/10 173
 []


Overfull \hbox (3.58688pt too wide) detected at line 245
 []\EU1/DejaVuSans(0)/m/n/10 174
 []


Overfull \hbox (3.58688pt too wide) detected at line 254
 []\EU1/DejaVuSans(0)/m/n/10 176
 []


Overfull \hbox (3.58688pt too wide) detected at line 258
 []\EU1/DejaVuSans(0)/m/n/10 177
 []


Overfull \hbox (3.58688pt too wide) detected at line 271
 []\EU1/DejaVuSans(0)/m/n/10 182
 []


Overfull \hbox (3.58688pt too wide) detected at line 275
 []\EU1/DejaVuSans(0)/m/n/10 183
 []


Overfull \hbox (3.58688pt too wide) detected at line 281
 []\EU1/DejaVuSans(0)/m/n/10 185
 []


Overfull \hbox (3.58688pt too wide) detected at line 285
 []\EU1/DejaVuSans(0)/m/n/10 186
 []


Overfull \hbox (3.58688pt too wide) detected at line 288
 []\EU1/DejaVuSans(0)/m/n/10 186
 []


Overfull \hbox (3.58688pt too wide) detected at line 293
 []\EU1/DejaVuSans(0)/m/n/10 187
 []


Overfull \hbox (3.58688pt too wide) detected at line 305
 []\EU1/DejaVuSans(0)/m/n/10 193
 []


Overfull \hbox (3.58688pt too wide) detected at line 307
 []\EU1/DejaVuSans(0)/m/n/10 195
 []


Overfull \hbox (3.58688pt too wide) detected at line 308
 []\EU1/DejaVuSans(0)/m/n/10 195
 []


Overfull \hbox (3.58688pt too wide) detected at line 427
 []\EU1/DejaVuSans(0)/m/n/10 227
 []


Overfull \hbox (3.58688pt too wide) detected at line 428
 []\EU1/DejaVuSans(0)/m/n/10 227
 []


Overfull \hbox (3.58688pt too wide) detected at line 429
 []\EU1/DejaVuSans(0)/m/n/10 227
 []


Overfull \hbox (3.58688pt too wide) detected at line 430
 []\EU1/DejaVuSans(0)/m/n/10 228
 []


Overfull \hbox (3.58688pt too wide) detected at line 431
 []\EU1/DejaVuSans(0)/m/n/10 229
 []


Overfull \hbox (3.58688pt too wide) detected at line 433
 []\EU1/DejaVuSans(0)/m/n/10 229
 []


Overfull \hbox (3.58688pt too wide) detected at line 434
 []\EU1/DejaVuSans(0)/m/n/10 230
 []


Overfull \hbox (3.58688pt too wide) detected at line 436
 []\EU1/DejaVuSans(0)/m/n/10 231
 []


Overfull \hbox (3.58688pt too wide) detected at line 464
 []\EU1/DejaVuSans(0)/m/n/10 242
 []


Overfull \hbox (3.58688pt too wide) detected at line 501
 []\EU1/DejaVuSans(0)/m/n/10 249
 []


Overfull \hbox (3.58688pt too wide) detected at line 507
 []\EU1/DejaVuSans(0)/m/n/10 251
 []

[1

]
Overfull \hbox (3.58688pt too wide) detected at line 517
 []\EU1/DejaVuSans(0)/m/n/10 253
 []


Overfull \hbox (3.58688pt too wide) detected at line 521
 []\EU1/DejaVuSans(0)/m/n/10 254
 []


Overfull \hbox (3.58688pt too wide) detected at line 531
 []\EU1/DejaVuSans(0)/m/n/10 257
 []


Overfull \hbox (3.58688pt too wide) detected at line 572
 []\EU1/DejaVuSans(0)/m/n/10 263
 []


Overfull \hbox (3.58688pt too wide) detected at line 611
 []\EU1/DejaVuSans(0)/m/n/10 269
 []


Overfull \hbox (3.58688pt too wide) detected at line 612
 []\EU1/DejaVuSans(0)/m/n/10 270
 []


Overfull \hbox (3.58688pt too wide) detected at line 613
 []\EU1/DejaVuSans(0)/m/n/10 271
 []


Overfull \hbox (3.58688pt too wide) detected at line 634
 []\EU1/DejaVuSans(0)/m/n/10 279
 []


Overfull \hbox (3.58688pt too wide) detected at line 644
 []\EU1/DejaVuSans(0)/m/n/10 280
 []


Overfull \hbox (3.58688pt too wide) detected at line 650
 []\EU1/DejaVuSans(0)/m/n/10 281
 []


Overfull \hbox (3.58688pt too wide) detected at line 656
 []\EU1/DejaVuSans(0)/m/n/10 284
 []


Overfull \hbox (3.58688pt too wide) detected at line 663
 []\EU1/DejaVuSans(0)/m/n/10 289
 []


Overfull \hbox (3.58688pt too wide) detected at line 664
 []\EU1/DejaVuSans(0)/m/n/10 291
 []

)
\tf@toc=\write7
\openout7 = `sound.toc'.

[2]
Chapter 1.
[1


]
Underfull \hbox (badness 10000) in paragraph at lines 298--300
[]\EU1/DejaVuSans(0)/m/n/10 dummy file operations
 []

[2] [3] [4] [5] [6]
Underfull \hbox (badness 10000) in paragraph at lines 989--989
[]\EU1/DejaVuSans(0)/m/n/10 int\EU1/DejaVuSans(0)/m/it/10 type\EU1/DejaVuSans(
0)/m/n/10 , struct device *\EU1/DejaVuSans(0)/m/it/10 device\EU1/DejaVuSans(0)
/m/n/10 , size_t\EU1/DejaVuSans(0)/m/it/10 size\EU1/DejaVuSans(0)/m/n/10 , str
uct
 []

[7]
Underfull \hbox (badness 10000) in paragraph at lines 1097--1097
[]\EU1/DejaVuSans(0)/m/n/10 struct snd_card *\EU1/DejaVuSans(0)/m/it/10 card\E
U1/DejaVuSans(0)/m/n/10 , const char *\EU1/DejaVuSans(0)/m/it/10 id\EU1/DejaVu
Sans(0)/m/n/10 , int\EU1/DejaVuSans(0)/m/it/10 device\EU1/DejaVuSans(0)/m/n/10
 , int\EU1/DejaVuSans(0)/m/it/10 playback_count\EU1/DejaVuSans(0)/m/n/10 ,
 []

[8] [9] [10] [11]
Underfull \hbox (badness 10000) in paragraph at lines 1501--1501
[]\EU1/DejaVuSans(0)/m/n/10 struct snd_pcm_runtime *\EU1/DejaVuSans(0)/m/it/10 
runtime\EU1/DejaVuSans(0)/m/n/10 , unsigned int\EU1/DejaVuSans(0)/m/it/10 con
d\EU1/DejaVuSans(0)/m/n/10 , int\EU1/DejaVuSans(0)/m/it/10 var\EU1/DejaVuSans(
0)/m/n/10 ,
 []

[12]
Underfull \hbox (badness 10000) in paragraph at lines 1596--1596
[]\EU1/DejaVuSans(0)/m/n/10 struct snd_pcm_runtime *\EU1/DejaVuSans(0)/m/it/10 
runtime\EU1/DejaVuSans(0)/m/n/10 ,
 []


Underfull \hbox (badness 10000) in paragraph at lines 1656--1656
[]\EU1/DejaVuSans(0)/m/n/10 struct snd_pcm_runtime *\EU1/DejaVuSans(0)/m/it/10 
runtime\EU1/DejaVuSans(0)/m/n/10 , unsigned
 []


Underfull \hbox (badness 10000) in paragraph at lines 1656--1656
\EU1/DejaVuSans(0)/m/n/10 int\EU1/DejaVuSans(0)/m/it/10 cond\EU1/DejaVuSans(0)
/m/n/10 , snd_pcm_hw_param_t\EU1/DejaVuSans(0)/m/it/10 var\EU1/DejaVuSans(0)/m
/n/10 , const struct
 []


Underfull \hbox (badness 10000) in paragraph at lines 1688--1688
[]\EU1/DejaVuSans(0)/m/n/10 struct snd_pcm_runtime *\EU1/DejaVuSans(0)/m/it/10 
runtime\EU1/DejaVuSans(0)/m/n/10 , unsigned
 []


Underfull \hbox (badness 10000) in paragraph at lines 1688--1688
\EU1/DejaVuSans(0)/m/n/10 int\EU1/DejaVuSans(0)/m/it/10 cond\EU1/DejaVuSans(0)
/m/n/10 , snd_pcm_hw_param_t\EU1/DejaVuSans(0)/m/it/10 var\EU1/DejaVuSans(0)/m
/n/10 , const struct
 []

[13]
Underfull \hbox (badness 10000) in paragraph at lines 1720--1720
[]\EU1/DejaVuSans(0)/m/n/10 struct snd_pcm_runtime *\EU1/DejaVuSans(0)/m/it/10 
runtime\EU1/DejaVuSans(0)/m/n/10 , unsigned
 []


Underfull \hbox (badness 10000) in paragraph at lines 1720--1720
\EU1/DejaVuSans(0)/m/n/10 int\EU1/DejaVuSans(0)/m/it/10 cond\EU1/DejaVuSans(0)
/m/n/10 , snd_pcm_hw_param_t\EU1/DejaVuSans(0)/m/it/10 var\EU1/DejaVuSans(0)/m
/n/10 , const struct
 []


Underfull \hbox (badness 10000) in paragraph at lines 1748--1748
[]\EU1/DejaVuSans(0)/m/n/10 struct snd_pcm_runtime *\EU1/DejaVuSans(0)/m/it/10 
runtime\EU1/DejaVuSans(0)/m/n/10 , unsigned
 []


Underfull \hbox (badness 10000) in paragraph at lines 1748--1748
\EU1/DejaVuSans(0)/m/n/10 int\EU1/DejaVuSans(0)/m/it/10 cond\EU1/DejaVuSans(0)
/m/n/10 , snd_pcm_hw_param_t\EU1/DejaVuSans(0)/m/it/10 var\EU1/DejaVuSans(0)/m
/n/10 , const struct
 []

[14]
Underfull \hbox (badness 10000) in paragraph at lines 1811--1811
[]\EU1/DejaVuSans(0)/m/n/10 struct snd_pcm_runtime *\EU1/DejaVuSans(0)/m/it/10 
runtime\EU1/DejaVuSans(0)/m/n/10 , unsigned int\EU1/DejaVuSans(0)/m/it/10 con
d\EU1/DejaVuSans(0)/m/n/10 ,
 []


Underfull \hbox (badness 10000) in paragraph at lines 1839--1839
[]\EU1/DejaVuSans(0)/m/n/10 struct snd_pcm_runtime *\EU1/DejaVuSans(0)/m/it/10 
runtime\EU1/DejaVuSans(0)/m/n/10 , unsigned int\EU1/DejaVuSans(0)/m/it/10 con
d\EU1/DejaVuSans(0)/m/n/10 ,
 []


Underfull \hbox (badness 10000) in paragraph at lines 1886--1886
[]\EU1/DejaVuSans(0)/m/n/10 const struct snd_pcm_hw_params *\EU1/DejaVuSans(0)/
m/it/10 params\EU1/DejaVuSans(0)/m/n/10 ,
 []


Underfull \hbox (badness 10000) in paragraph at lines 1912--1912
[]\EU1/DejaVuSans(0)/m/n/10 struct snd_pcm_substream *\EU1/DejaVuSans(0)/m/it/1
0 pcm\EU1/DejaVuSans(0)/m/n/10 , struct snd_pcm_hw_params
 []

[15]
Underfull \hbox (badness 10000) in paragraph at lines 1945--1945
[]\EU1/DejaVuSans(0)/m/n/10 struct snd_pcm_substream *\EU1/DejaVuSans(0)/m/it/1
0 pcm\EU1/DejaVuSans(0)/m/n/10 , struct snd_pcm_hw_params
 []

[16] [17]
Underfull \hbox (badness 10000) in paragraph at lines 2150--2150
[]\EU1/DejaVuSans(0)/m/n/10 struct snd_pcm_substream *\EU1/DejaVuSans(0)/m/it/1
0 substream\EU1/DejaVuSans(0)/m/n/10 , unsigned
 []

[18] [19]
Underfull \hbox (badness 10000) in paragraph at lines 2414--2414
[]\EU1/DejaVuSans(0)/m/n/10 struct snd_pcm_substream *\EU1/DejaVuSans(0)/m/it/1
0 substream\EU1/DejaVuSans(0)/m/n/10 , struct vm_area_struct
 []

[20] [21] [22] [23]
Underfull \hbox (badness 10000) in paragraph at lines 2994--2994
[]\EU1/DejaVuSans(0)/m/n/10 struct snd_pcm_substream *\EU1/DejaVuSans(0)/m/it/1
0 substream\EU1/DejaVuSans(0)/m/n/10 , struct
 []

[24] [25] [26] [27] [28] [29]
Underfull \hbox (badness 7064) in paragraph at lines 3675--3675
[]\EU1/DejaVuSans(0)/m/n/10 struct snd_pcm *\EU1/DejaVuSans(0)/m/it/10 pcm\EU1
/DejaVuSans(0)/m/n/10 , int\EU1/DejaVuSans(0)/m/it/10 type\EU1/DejaVuSans(0)/m
/n/10 , void *\EU1/DejaVuSans(0)/m/it/10 data\EU1/DejaVuSans(0)/m/n/10 ,
 []


Underfull \hbox (badness 10000) in paragraph at lines 3711--3711
[]\EU1/DejaVuSans(0)/m/n/10 struct snd_pcm_substream *\EU1/DejaVuSans(0)/m/it/1
0 substream\EU1/DejaVuSans(0)/m/n/10 , unsigned
 []

[30]
Underfull \hbox (badness 10000) in paragraph at lines 3796--3799
[]\EU1/DejaVuSans(0)/m/n/10 the substream with a buffer allocated by
 []


Underfull \hbox (badness 10000) in paragraph at lines 3816--3819
[]\EU1/DejaVuSans(0)/m/n/10 the substream with a buffer allocated by
 []


Underfull \hbox (badness 10000) in paragraph at lines 3838--3838
[]\EU1/DejaVuSans(0)/m/n/10 const struct snd_pcm_substream *\EU1/DejaVuSans(0)/
m/it/10 substream\EU1/DejaVuSans(0)/m/n/10 ,
 []


Underfull \hbox (badness 10000) in paragraph at lines 3838--3838
\EU1/DejaVuSans(0)/m/n/10 const struct snd_pcm_hw_params *\EU1/DejaVuSans(0)/m/
it/10 params\EU1/DejaVuSans(0)/m/n/10 , struct
 []


Underfull \hbox (badness 10000) in paragraph at lines 3864--3864
[]\EU1/DejaVuSans(0)/m/n/10 const struct snd_pcm_substream
 []


Underfull \hbox (badness 10000) in paragraph at lines 3864--3864
\EU1/DejaVuSans(0)/m/n/10 *\EU1/DejaVuSans(0)/m/it/10 substream\EU1/DejaVuSans
(0)/m/n/10 , const struct
 []


Underfull \hbox (badness 10000) in paragraph at lines 3864--3864
[][]\EU1/DejaVuSans(0)/m/it/10 snd_dmaengine_dai_dma_data[][]
 []


Underfull \hbox (badness 10000) in paragraph at lines 3864--3864
\EU1/DejaVuSans(0)/m/n/10 *\EU1/DejaVuSans(0)/m/it/10 dma_data\EU1/DejaVuSans(
0)/m/n/10 , struct dma_slave_config
 []

[31]
Underfull \hbox (badness 10000) in paragraph at lines 3962--3962
[]\EU1/DejaVuSans(0)/m/n/10 dma_filter_fn\EU1/DejaVuSans(0)/m/it/10 filter_fn\
EU1/DejaVuSans(0)/m/n/10 , void *\EU1/DejaVuSans(0)/m/it/10 fil-
 []

[32]
Underfull \hbox (badness 10000) in paragraph at lines 4012--4012
[]\EU1/DejaVuSans(0)/m/n/10 struct snd_pcm_substream *\EU1/DejaVuSans(0)/m/it/1
0 substream\EU1/DejaVuSans(0)/m/n/10 ,
 []


Underfull \hbox (badness 10000) in paragraph at lines 4076--4076
[]\EU1/DejaVuSans(0)/m/n/10 const struct
 []

[33] [34] [35] [36]
Underfull \hbox (badness 10000) in paragraph at lines 4497--4497
[]\EU1/DejaVuSans(0)/m/n/10 struct snd_card *\EU1/DejaVuSans(0)/m/it/10 card\E
U1/DejaVuSans(0)/m/n/10 , struct snd_ctl_elem_id *\EU1/DejaVuSans(0)/m/it/10 s
rc_id\EU1/DejaVuSans(0)/m/n/10 , struct
 []

[37] [38] [39] [40] [41]
Underfull \hbox (badness 10000) in paragraph at lines 5106--5112
[]\EU1/DejaVuSans(0)/m/n/10 The valid registers are AC97_PMC_MIC_ADC_RATE, AC97
_PCM_FRONT_DAC_RATE,
 []

[42] [43]
Underfull \hbox (badness 10000) in paragraph at lines 5320--5320
[]\EU1/DejaVuSans(0)/m/n/10 struct snd_kcontrol *\EU1/DejaVuSans(0)/m/it/10 kc
tl\EU1/DejaVuSans(0)/m/n/10 , int (*func) (struct
 []


Underfull \hbox (badness 10000) in paragraph at lines 5331--5333
[]
 []

[44]
Underfull \hbox (badness 10000) in paragraph at lines 5421--5421
[]\EU1/DejaVuSans(0)/m/n/10 struct snd_rawmidi_substream *\EU1/DejaVuSans(0)/m/
it/10 substream\EU1/DejaVuSans(0)/m/n/10 , const unsigned char
 []

[45]
Underfull \hbox (badness 10000) in paragraph at lines 5494--5494
[]\EU1/DejaVuSans(0)/m/n/10 struct snd_rawmidi_substream *\EU1/DejaVuSans(0)/m/
it/10 substream\EU1/DejaVuSans(0)/m/n/10 , unsigned char
 []

[46] [47] [48]
Underfull \hbox (badness 10000) in paragraph at lines 5836--5836
[]\EU1/DejaVuSans(0)/m/n/10 struct module *\EU1/DejaVuSans(0)/m/it/10 module\E
U1/DejaVuSans(0)/m/n/10 , const char
 []

[49] [50] [51]
Underfull \hbox (badness 10000) in paragraph at lines 6225--6238
\EU1/DejaVuSans(0)/m/n/10 Query codec params SNDRV_COMPRESS_TSTAMP: get the cur
rent timestamp value
 []

[52]
Underfull \hbox (badness 10000) in paragraph at lines 6349--6351
[]\EU1/DejaVuSans(0)/m/n/10 These options were extracted from the FLAC online d
ocumentation at
 []

[53] [54] [55] [56] [57]
Underfull \hbox (badness 10000) in paragraph at lines 6876--6876
[]\EU1/DejaVuSans(0)/m/n/10 struct snd_soc_codec *\EU1/DejaVuSans(0)/m/it/10 c
odec\EU1/DejaVuSans(0)/m/n/10 , enum
 []


Underfull \hbox (badness 10000) in paragraph at lines 6898--6898
[]\EU1/DejaVuSans(0)/m/n/10 struct snd_soc_component *\EU1/DejaVuSans(0)/m/it/1
0 component\EU1/DejaVuSans(0)/m/n/10 , enum
 []

[58]
Underfull \hbox (badness 10000) in paragraph at lines 6958--6958
[]\EU1/DejaVuSans(0)/m/n/10 struct snd_soc_codec *\EU1/DejaVuSans(0)/m/it/10 c
odec\EU1/DejaVuSans(0)/m/n/10 , enum
 []


Underfull \hbox (badness 10000) in paragraph at lines 6981--6981
[]\EU1/DejaVuSans(0)/m/n/10 struct snd_soc_component *\EU1/DejaVuSans(0)/m/it/1
0 component\EU1/DejaVuSans(0)/m/n/10 , enum
 []

[59] [60]
Underfull \hbox (badness 10000) in paragraph at lines 7167--7171
[]\EU1/DejaVuSans(0)/m/n/10 This function will only work correctly if the contr
ol has been registered with
 []


Underfull \hbox (badness 10000) in paragraph at lines 7188--7192
[]\EU1/DejaVuSans(0)/m/n/10 This function will only work correctly if the contr
ol has been registered with
 []

[61] [62]
Underfull \hbox (badness 10000) in paragraph at lines 7413--7413
[]\EU1/DejaVuSans(0)/m/n/10 struct snd_soc_component *\EU1/DejaVuSans(0)/m/it/1
0 component\EU1/DejaVuSans(0)/m/n/10 , const struct
 []


Underfull \hbox (badness 10000) in paragraph at lines 7463--7463
[]\EU1/DejaVuSans(0)/m/n/10 struct snd_soc_platform *\EU1/DejaVuSans(0)/m/it/10
 platform\EU1/DejaVuSans(0)/m/n/10 , const struct
 []

[63] [64] [65]
Underfull \hbox (badness 10000) in paragraph at lines 7755--7755
[]\EU1/DejaVuSans(0)/m/n/10 struct snd_soc_dai *\EU1/DejaVuSans(0)/m/it/10 dai
\EU1/DejaVuSans(0)/m/n/10 , unsigned int\EU1/DejaVuSans(0)/m/it/10 tx_mask\EU1
/DejaVuSans(0)/m/n/10 , unsigned
 []

[66] [67] [68]
Underfull \hbox (badness 10000) in paragraph at lines 8144--8144
[]\EU1/DejaVuSans(0)/m/n/10 struct device *\EU1/DejaVuSans(0)/m/it/10 dev\EU1/
DejaVuSans(0)/m/n/10 , const struct
 []


Underfull \hbox (badness 10000) in paragraph at lines 8144--8144
\EU1/DejaVuSans(0)/m/n/10 snd_soc_component_driver *\EU1/DejaVuSans(0)/m/it/10 
cmpnt_drv\EU1/DejaVuSans(0)/m/n/10 , struct
 []


Underfull \hbox (badness 10000) in paragraph at lines 8219--8219
[]\EU1/DejaVuSans(0)/m/n/10 struct device *\EU1/DejaVuSans(0)/m/it/10 dev\EU1/
DejaVuSans(0)/m/n/10 , const struct
 []

[69] [70]
Underfull \hbox (badness 6110) in paragraph at lines 8377--8380
[]\EU1/DejaVuSans(0)/m/n/10 This function blocks until all asynchronous I/O whi
ch has previously been scheduled using
 []

[71]
Underfull \hbox (badness 10000) in paragraph at lines 8548--8548
[]\EU1/DejaVuSans(0)/m/n/10 struct snd_pcm_substream *\EU1/DejaVuSans(0)/m/it/1
0 substream\EU1/DejaVuSans(0)/m/n/10 , const struct
 []

[72] [73] [74] [75] [76]
Underfull \hbox (badness 10000) in paragraph at lines 9121--9121
[]\EU1/DejaVuSans(0)/m/n/10 struct snd_soc_dapm_context *\EU1/DejaVuSans(0)/m/i
t/10 dapm\EU1/DejaVuSans(0)/m/n/10 , enum
 []


Underfull \hbox (badness 10000) in paragraph at lines 9153--9153
[]\EU1/DejaVuSans(0)/m/n/10 struct snd_soc_dapm_context *\EU1/DejaVuSans(0)/m/i
t/10 dapm\EU1/DejaVuSans(0)/m/n/10 , enum
 []


Underfull \hbox (badness 10000) in paragraph at lines 9177--9177
[]\EU1/DejaVuSans(0)/m/n/10 struct snd_soc_dai *\EU1/DejaVuSans(0)/m/it/10 dai
\EU1/DejaVuSans(0)/m/n/10 , int\EU1/DejaVuSans(0)/m/it/10 stream\EU1/DejaVuSan
s(0)/m/n/10 ,
 []


Underfull \hbox (badness 10000) in paragraph at lines 9177--9177
\EU1/DejaVuSans(0)/m/n/10 struct snd_soc_dapm_widget_list
 []


Underfull \hbox (badness 10000) in paragraph at lines 9177--9177
\EU1/DejaVuSans(0)/m/n/10 **\EU1/DejaVuSans(0)/m/it/10 list\EU1/DejaVuSans(0)/
m/n/10 , bool (*custom_stop_condition)
 []


Underfull \hbox (badness 10000) in paragraph at lines 9177--9177
\EU1/DejaVuSans(0)/m/n/10 (struct snd_soc_dapm_widget\EU1/DejaVuSans(0)/m/it/10
 *\EU1/DejaVuSans(0)/m/n/10 ,
 []

[77]
Overfull \hbox (15.58731pt too wide) in paragraph at lines 9194--9197
[]
 []


Underfull \hbox (badness 10000) in paragraph at lines 9261--9261
[]\EU1/DejaVuSans(0)/m/n/10 struct snd_soc_dapm_context *\EU1/DejaVuSans(0)/m/i
t/10 dapm\EU1/DejaVuSans(0)/m/n/10 , const struct
 []

[78]
Underfull \hbox (badness 10000) in paragraph at lines 9291--9291
[]\EU1/DejaVuSans(0)/m/n/10 struct snd_soc_dapm_context *\EU1/DejaVuSans(0)/m/i
t/10 dapm\EU1/DejaVuSans(0)/m/n/10 , const struct
 []


Underfull \hbox (badness 10000) in paragraph at lines 9316--9316
[]\EU1/DejaVuSans(0)/m/n/10 struct snd_soc_dapm_context *\EU1/DejaVuSans(0)/m/i
t/10 dapm\EU1/DejaVuSans(0)/m/n/10 , const struct
 []

[79]
Underfull \hbox (badness 5756) in paragraph at lines 9418--9418
[]\EU1/DejaVuSans(0)/m/n/10 struct snd_kcontrol *\EU1/DejaVuSans(0)/m/it/10 kc
ontrol\EU1/DejaVuSans(0)/m/n/10 , struct snd_ctl_elem_value
 []


Underfull \hbox (badness 5756) in paragraph at lines 9442--9442
[]\EU1/DejaVuSans(0)/m/n/10 struct snd_kcontrol *\EU1/DejaVuSans(0)/m/it/10 kc
ontrol\EU1/DejaVuSans(0)/m/n/10 , struct snd_ctl_elem_value
 []


Underfull \hbox (badness 10000) in paragraph at lines 9466--9466
[]\EU1/DejaVuSans(0)/m/n/10 struct snd_kcontrol *\EU1/DejaVuSans(0)/m/it/10 kc
ontrol\EU1/DejaVuSans(0)/m/n/10 , struct snd_ctl_elem_info
 []


Underfull \hbox (badness 10000) in paragraph at lines 9488--9488
[]\EU1/DejaVuSans(0)/m/n/10 struct snd_kcontrol *\EU1/DejaVuSans(0)/m/it/10 kc
ontrol\EU1/DejaVuSans(0)/m/n/10 , struct snd_ctl_elem_value
 []


Underfull \hbox (badness 10000) in paragraph at lines 9506--9506
[]\EU1/DejaVuSans(0)/m/n/10 struct snd_kcontrol *\EU1/DejaVuSans(0)/m/it/10 kc
ontrol\EU1/DejaVuSans(0)/m/n/10 , struct snd_ctl_elem_value
 []


Underfull \hbox (badness 10000) in paragraph at lines 9524--9524
[]\EU1/DejaVuSans(0)/m/n/10 struct snd_soc_dapm_context *\EU1/DejaVuSans(0)/m/i
t/10 dapm\EU1/DejaVuSans(0)/m/n/10 , const struct
 []

[80] [81] [82] [83]
Underfull \hbox (badness 10000) in paragraph at lines 9889--9889
[]\EU1/DejaVuSans(0)/m/n/10 struct snd_pcm_substream *\EU1/DejaVuSans(0)/m/it/1
0 substream\EU1/DejaVuSans(0)/m/n/10 ,
 []


Underfull \hbox (badness 10000) in paragraph at lines 9889--9889
\EU1/DejaVuSans(0)/m/n/10 struct snd_pcm_hw_params *\EU1/DejaVuSans(0)/m/it/10 
params\EU1/DejaVuSans(0)/m/n/10 , struct
 []

[84] [85] [86]
Underfull \hbox (badness 10000) in paragraph at lines 10269--10269
[]\EU1/DejaVuSans(0)/m/n/10 struct snd_soc_card *\EU1/DejaVuSans(0)/m/it/10 ca
rd\EU1/DejaVuSans(0)/m/n/10 , const char *\EU1/DejaVuSans(0)/m/it/10 id\EU1/De
jaVuSans(0)/m/n/10 , int\EU1/DejaVuSans(0)/m/it/10 type\EU1/DejaVuSans(0)/m/n/
10 , struct
 []


Underfull \hbox (badness 10000) in paragraph at lines 10269--10269
\EU1/DejaVuSans(0)/m/n/10 snd_soc_jack *\EU1/DejaVuSans(0)/m/it/10 jack\EU1/De
jaVuSans(0)/m/n/10 , struct [][]\EU1/DejaVuSans(0)/m/it/10 snd_soc_jack_pin[][]
 \EU1/DejaVuSans(0)/m/n/10 *\EU1/DejaVuSans(0)/m/it/10 pins\EU1/DejaVuSans(0)/
m/n/10 , unsigned
 []


Underfull \hbox (badness 5771) in paragraph at lines 10339--10339
[]\EU1/DejaVuSans(0)/m/n/10 struct snd_soc_jack *\EU1/DejaVuSans(0)/m/it/10 ja
ck\EU1/DejaVuSans(0)/m/n/10 , int\EU1/DejaVuSans(0)/m/it/10 count\EU1/DejaVuSa
ns(0)/m/n/10 , struct [][]\EU1/DejaVuSans(0)/m/it/10 snd_soc_jack_zone[][]
 []

[87]
Underfull \hbox (badness 7012) in paragraph at lines 10463--10463
[]\EU1/DejaVuSans(0)/m/n/10 struct snd_soc_jack *\EU1/DejaVuSans(0)/m/it/10 ja
ck\EU1/DejaVuSans(0)/m/n/10 , int\EU1/DejaVuSans(0)/m/it/10 count\EU1/DejaVuSa
ns(0)/m/n/10 , struct [][]\EU1/DejaVuSans(0)/m/it/10 snd_soc_jack_gpio[][]
 []

[88] [89] [90] [91] [92] [93] [94]
Underfull \vbox (badness 10000) detected at line 11127
 []


Overfull \vbox (0.59877pt too high) detected at line 11127
 []

[95] [96] [97]

LaTeX Warning: Hyper reference `sound/kernel-api/writing-an-alsa-driver:PCM-Int
erface' on page 98 undefined on input line 11212.


LaTeX Warning: Hyper reference `sound/kernel-api/writing-an-alsa-driver:API-for
-AC97-Codec' on page 98 undefined on input line 11213.


LaTeX Warning: Hyper reference `sound/kernel-api/writing-an-alsa-driver:MIDI-MP
U401-UART-Interface' on page 98 undefined on input line 11214.


LaTeX Warning: Hyper reference `sound/kernel-api/writing-an-alsa-driver:Proc-In
terface' on page 98 undefined on input line 11215.

[98] [99] [100] [101]
Underfull \vbox (badness 10000) detected at line 11604
 []


Overfull \vbox (1.3019pt too high) detected at line 11604
 []

[102] [103]

LaTeX Warning: Hyper reference `sound/kernel-api/writing-an-alsa-driver:pcm-int
erface-interrupt-handler' on page 104 undefined on input line 11694.

[104] [105]
Underfull \hbox (badness 6575) in paragraph at lines 11902--11905
[]\EU1/DejaVuSans(0)/m/n/10 For accessing to the PCM layer, you need to include
 \EU1/DejaVuSansMono(0)/m/n/10 <sound/pcm.h> \EU1/DejaVuSans(0)/m/n/10 first. I
n addition,
 []

[106] [107]
Underfull \vbox (badness 10000) detected at line 12128
 []


Underfull \vbox (badness 10000) detected at line 12128
 []

[108]
Underfull \vbox (badness 10000) detected at line 12128
 []

[109] [110] [111] [112] [113] [114] [115] [116] [117] [118] [119]
Underfull \hbox (badness 10000) in paragraph at lines 12944--12948
[]\EU1/DejaVuSans(0)/m/n/10 In both cases, even if more than one period are ela
psed, you dont have to call
 []

[120]
Underfull \hbox (badness 10000) in paragraph at lines 12993--12996
[]\EU1/DejaVuSans(0)/m/n/10 For example, in order to restrict the sample rates 
in the some supported values, use
 []

[121] [122] [123] [124] [125] [126] [127] [128]
Underfull \hbox (badness 10000) in paragraph at lines 13649--13654
[]\EU1/DejaVuSans(0)/m/n/10 The following registers are available to set the ra
te: \EU1/DejaVuSansMono(0)/m/n/10 AC97_PCM_MIC_ADC_RATE\EU1/DejaVuSans(0)/m/n/1
0 ,
 []

[129]

LaTeX Warning: Hyper reference `sound/kernel-api/writing-an-alsa-driver:MIDI-In
terrupt-Handler' on page 130 undefined on input line 13738.

[130]
Underfull \hbox (badness 10000) in paragraph at lines 13776--13779
[]\EU1/DejaVuSans(0)/m/n/10 In this case, you need to pass the private_data of 
the returned rawmidi object from
 []

[131] [132] [133] [134]
Underfull \hbox (badness 7168) in paragraph at lines 14129--14134
[]\EU1/DejaVuSans(0)/m/n/10 There are some standard controls for IEC958 status 
bits. These controls use the type
 []

[135] [136] [137]
Underfull \hbox (badness 10000) in paragraph at lines 14363--14371
[]\EU1/DejaVuSans(0)/m/n/10 For creating the SG-buffer handler, call \EU1/DejaV
uSansMono(0)/m/n/10 snd_pcm_lib_preallocate_pages() \EU1/DejaVuSans(0)/m/n/10 o
r
 []

[138] [139] [140] [141] [142]
Underfull \hbox (badness 10000) in paragraph at lines 14783--14786
[]\EU1/DejaVuSans(0)/m/n/10 The module parameters must be declared with the sta
ndard \EU1/DejaVuSansMono(0)/m/n/10 module_param()()\EU1/DejaVuSans(0)/m/n/10 ,
 \EU1/DejaVuSansMono(0)/m/n/10 mod-
 []

[143] [144] [145] [146

]
Chapter 2.
[147] [148] [149]
Underfull \hbox (badness 10000) in paragraph at lines 15496--15505
[]\EU1/DejaVuSans(0)/m/n/10 As a TLV type, either \EU1/DejaVuSansMono(0)/m/n/10
 SNDRV_CTL_TLVT_CHMAP_FIXED\EU1/DejaVuSans(0)/m/n/10 , \EU1/DejaVuSansMono(0)/m
/n/10 SNDRV_CTL_TLV_CHMAP_VAR \EU1/DejaVuSans(0)/m/n/10 or
 []

[150] [151] [152] [153] [154] [155] [156] [157] [158] [159] [160] [161] [162]
Underfull \hbox (badness 10000) in paragraph at lines 16705--16707
[]\EU1/DejaVuSans(0)/m/n/10 Only necessary step for auto-loading of OSS modules
 is to define the card alias in
 []

[163] [164] [165] [166] [167] [168] [169] [170] [171]
Underfull \hbox (badness 10000) in paragraph at lines 17633--17637
[]\EU1/DejaVuSans(0)/m/n/10 Some OSS events (\EU1/DejaVuSansMono(0)/m/n/10 SEQ_
PRIVATE \EU1/DejaVuSans(0)/m/n/10 and \EU1/DejaVuSansMono(0)/m/n/10 SEQ_VOLUME 
\EU1/DejaVuSans(0)/m/n/10 events) are passed as event type
 []

[172]
Chapter 3.
[173

] [174] [175] [176] [177] [178] [179]
Underfull \hbox (badness 5908) in paragraph at lines 18261--18264
[]\EU1/DejaVuSans(0)/m/n/10 If you dont want the mixer elements prefixed with 
the name of the mixer widget, you
 []


Underfull \hbox (badness 5667) in paragraph at lines 18261--18264
\EU1/DejaVuSans(0)/m/n/10 can use SND_SOC_DAPM_MIXER_NAMED_CTL instead. the par
ameters are the same as for
 []

[180] [181] [182]
Underfull \hbox (badness 7814) in paragraph at lines 18519--18521
[]\EU1/DejaVuSans(0)/m/n/10 Please refer to the ALSA driver documentation for d
etails of audio DMA. [][]http://www.alsa-
 []

[183] [184] [185] [186] [187] [188] [189] [190] [191] [192] [193] [194]
Chapter 4.
[195

] [196] [197] [198]
Underfull \hbox (badness 10000) in paragraph at lines 19778--19780
[]\EU1/DejaVuSans(0)/m/n/10 Generic settings are \EU1/DejaVuSansMono(0)/m/n/10 
port=0x220 wss_port=0x530 irq=10 dma1=1 dma2=0 mpu_port=0x330
 []


Underfull \hbox (badness 10000) in paragraph at lines 19829--19831
[]\EU1/DejaVuSans(0)/m/n/10 Generic settings are \EU1/DejaVuSansMono(0)/m/n/10 
port=0x220 wss_port=0x530 irq=10 dma1=1 dma2=0 mpu_port=0x330
 []

[199] [200]
Overfull \hbox (0.87051pt too wide) in paragraph at lines 19997--19999
\EU1/DejaVuSans(0)/m/n/10 Module for sound cards based on CS4232/CS4232A, CS423
5/CS4236/CS4236B/CS4237B/CS4238B/CS4239
 []

[201] [202] [203] [204] [205] [206] [207] [208] [209] [210] [211] [212] [213] [
214] [215] [216] [217] [218] [219] [220] [221] [222] [223] [224] [225] [226] [2
27] [228] [229] [230]
Chapter 5.
[231

] [232] [233] [234] [235]
Underfull \hbox (badness 10000) in paragraph at lines 23208--23211
[]\EU1/DejaVuSans(0)/m/n/10 indicates that the jack detection needs the explici
t call of
 []

[236] [237] [238] [239] [240] [241] [242] [243] [244] [245] [246] [247] [248] [
249] [250] [251]
Underfull \hbox (badness 10000) in paragraph at lines 24764--24766
[]\EU1/DejaVuSans(0)/m/n/10 hdmi_unsol_event() -> hdmi_intrinsic_event() -> che
ck_presence_and_report() ->
 []

[252]
Chapter 6.
[253

] [254]
Overfull \hbox (76.81396pt too wide) in paragraph at lines 25008--25020
[]\EU1/DejaVuSans(0)/bx/it/10 Warning:       [] 
 []


Underfull \hbox (badness 10000) in paragraph at lines 25020--25021
[][][][][][][]
 []


Underfull \hbox (badness 10000) in paragraph at lines 25020--25021

 []

[255] [256] [257] [258]
Underfull \hbox (badness 10000) in paragraph at lines 25404--25405
[][][][][][][]
 []


Underfull \hbox (badness 10000) in paragraph at lines 25404--25405

 []

[259]
Underfull \hbox (badness 10000) in paragraph at lines 25416--25417
[][][][][][][]
 []


Underfull \hbox (badness 10000) in paragraph at lines 25416--25417

 []

[260]
Underfull \hbox (badness 10000) in paragraph at lines 25475--25475
|\EU1/DejaVuSansMono(0)/bx/n/10 name='Line LiveDrive Playback Volume',index=0\E
U1/DejaVuSerif(0)/bx/n/10 , \EU1/DejaVuSansMono(0)/bx/n/10 name='Line LiveDrive
 Playback Vol-
 []


Underfull \hbox (badness 10000) in paragraph at lines 25482--25482
|\EU1/DejaVuSansMono(0)/bx/n/10 name='Line LiveDrive Capture Volume',index=1\EU
1/DejaVuSerif(0)/bx/n/10 , \EU1/DejaVuSansMono(0)/bx/n/10 name='Line LiveDrive 
Capture Vol-
 []

[261] [262] [263] [264] [265] [266] [267] [268]
Underfull \hbox (badness 10000) in paragraph at lines 26230--26230
|[]\EU1/DejaVuSerif(0)/bx/n/14.4 Low latency, multichannel audio with JACK and 
the
 []

[269] [270]
Underfull \hbox (badness 10000) in paragraph at lines 26442--26444
[]\EU1/DejaVuSans(0)/m/n/10 Added Low Endianness nature of 16bits-modes found b
y Hakan Lennestal
 []

[271] [272] [273] [274]
Underfull \hbox (badness 10000) in paragraph at lines 26906--26908
[]\EU1/DejaVuSans(0)/m/n/10 change the device_setup parameter by changing the d
evice_setup option in
 []

[275] [276] [277] [278] [279]
Underfull \hbox (badness 10000) in paragraph at lines 27405--27408
[]\EU1/DejaVuSans(0)/m/n/10 when CON-
 []

[280]
Underfull \hbox (badness 10000) in paragraph at lines 27523--27524
[][][][][][]
 []


Underfull \hbox (badness 10000) in paragraph at lines 27523--27524

 []

[281] [282] [283] [284]
Underfull \hbox (badness 10000) in paragraph at lines 27902--27903
[][][][][][][]
 []


Underfull \hbox (badness 10000) in paragraph at lines 27902--27903

 []

[285]
Overfull \hbox (76.81396pt too wide) in paragraph at lines 27981--27984
[]\EU1/DejaVuSans(0)/bx/it/10 Warning:       [] 
 []

[286] [287] [288]
Underfull \hbox (badness 10000) in paragraph at lines 28335--28336
[][][][][][][]
 []


Underfull \hbox (badness 10000) in paragraph at lines 28335--28336

 []

[289] [290] (./sound.ind [291] [292

] [293

] [294]
Underfull \hbox (badness 10000) in paragraph at lines 314--315
[]\EU1/DejaVuSans(0)/m/n/10 snd_soc_component_update_bits_async (C func-
 []

[295]
Underfull \hbox (badness 5563) in paragraph at lines 343--344
[]\EU1/DejaVuSans(0)/m/n/10 snd_soc_dapm_kcontrol_component (C function),
 []


Underfull \hbox (badness 10000) in paragraph at lines 407--408
[]\EU1/DejaVuSans(0)/m/n/10 snd_soc_runtime_ignore_pmdown_time (C func-
 []

[296])
Package atveryend Info: Empty hook `BeforeClearDocument' on input line 28530.
Package atveryend Info: Empty hook `AfterLastShipout' on input line 28530.
(./sound.aux)
Package atveryend Info: Empty hook `AtVeryEndDocument' on input line 28530.
Package atveryend Info: Empty hook `AtEndAfterFileList' on input line 28530.

LaTeX Warning: There were undefined references.

Package atveryend Info: Empty hook `AtVeryVeryEnd' on input line 28530.
 ) 
Here is how much of TeX's memory you used:
 25340 strings out of 495579
 483473 string characters out of 6187322
 528928 words of memory out of 5000000
 28285 multiletter control sequences out of 15000+600000
 14249 words of font info for 105 fonts, out of 8000000 for 9000
 15 hyphenation exceptions out of 8191
 36i,13n,61p,10379b,504s stack positions out of 5000i,500n,10000p,200000b,80000s

Output written on sound.pdf (300 pages).
