\BOOKMARK [0][-]{chapter.1}{No\040New\040Privileges\040Flag}{}% 1
\BOOKMARK [0][-]{chapter.2}{Seccomp\040BPF\040\(SECure\040COMPuting\040with\040filters\)}{}% 2
\BOOKMARK [1][-]{section.2.1}{Introduction}{chapter.2}% 3
\BOOKMARK [1][-]{section.2.2}{What\040it\040isn't}{chapter.2}% 4
\BOOKMARK [1][-]{section.2.3}{Usage}{chapter.2}% 5
\BOOKMARK [1][-]{section.2.4}{Return\040values}{chapter.2}% 6
\BOOKMARK [1][-]{section.2.5}{Pitfalls}{chapter.2}% 7
\BOOKMARK [1][-]{section.2.6}{Example}{chapter.2}% 8
\BOOKMARK [1][-]{section.2.7}{Sysctls}{chapter.2}% 9
\BOOKMARK [1][-]{section.2.8}{Adding\040architecture\040support}{chapter.2}% 10
\BOOKMARK [1][-]{section.2.9}{Caveats}{chapter.2}% 11
\BOOKMARK [0][-]{chapter.3}{unshare\040system\040call}{}% 12
\BOOKMARK [1][-]{section.3.1}{Change\040Log}{chapter.3}% 13
\BOOKMARK [1][-]{section.3.2}{Contents}{chapter.3}% 14
\BOOKMARK [1][-]{section.3.3}{1\)\040Overview}{chapter.3}% 15
\BOOKMARK [1][-]{section.3.4}{2\)\040Benefits}{chapter.3}% 16
\BOOKMARK [1][-]{section.3.5}{3\)\040Cost}{chapter.3}% 17
\BOOKMARK [1][-]{section.3.6}{4\)\040Requirements}{chapter.3}% 18
\BOOKMARK [1][-]{section.3.7}{5\)\040Functional\040Specification}{chapter.3}% 19
\BOOKMARK [1][-]{section.3.8}{6\)\040High\040Level\040Design}{chapter.3}% 20
\BOOKMARK [1][-]{section.3.9}{7\)\040Low\040Level\040Design}{chapter.3}% 21
\BOOKMARK [1][-]{section.3.10}{8\)\040Test\040Specification}{chapter.3}% 22
\BOOKMARK [1][-]{section.3.11}{9\)\040Future\040Work}{chapter.3}% 23
